[17:01:43] [Server thread/INFO]: Starting minecraft server version 1.8.7
[17:01:43] [Server thread/INFO]: Loading properties
[17:01:43] [Server thread/INFO]: Default game type: SURVIVAL
[17:01:43] [Server thread/INFO]: Generating keypair
[17:01:43] [Server thread/INFO]: Starting Minecraft server on *:25565
[17:01:43] [Server thread/INFO]: Using epoll channel type
[17:01:43] [Server thread/WARN]: **** SERVER IS RUNNING IN OFFLINE/INSECURE MODE!
[17:01:43] [Server thread/WARN]: The server will make no attempt to authenticate usernames. Beware.
[17:01:43] [Server thread/WARN]: While this makes the game possible to play without internet access, it also opens up the ability for hackers to connect with any username they choose.
[17:01:43] [Server thread/WARN]: To change this, set "online-mode" to "true" in the server.properties file.
[17:01:43] [Server thread/INFO]: Preparing level "world"
[17:01:43] [Server thread/INFO]: Preparing start region for level 0
[17:01:45] [Server thread/INFO]: Preparing spawn area: 36%
[17:01:46] [Server thread/INFO]: Preparing spawn area: 99%
[17:01:46] [Server thread/INFO]: Done (2.490s)! For help, type "help" or "?"
[17:01:46] [Server thread/INFO]: caplaw[/190.181.150.229:64669] logged in with entity id 355 at (-695.1521985703492, 70.0, 510.2863141442799)
[17:01:46] [Server thread/INFO]: caplaw joined the game
[17:01:46] [Server thread/INFO]: [Server] Welcome back, caplaw
[17:01:46] [Server thread/INFO]: You whisper to caplaw: Que hongo
[17:07:09] [Server thread/INFO]: There are 1/5 players online:
[17:07:09] [Server thread/INFO]: caplaw
[17:09:30] [Server thread/INFO]: caplaw fell from a high place
[17:15:09] [Server thread/INFO]: There are 1/5 players online:
[17:15:09] [Server thread/INFO]: caplaw
[17:15:09] [Server thread/INFO]: [Server] Saving world data. Expect lag for a short while.
[17:15:09] [Server thread/INFO]: Saving...
[17:15:09] [Server thread/INFO]: Saved the world
[17:15:09] [Server thread/INFO]: [Server] Save Complete
[17:15:22] [Server thread/INFO]: caplaw lost connection: TextComponent{text='Disconnected', siblings=[], style=Style{hasParent=false, color=null, bold=null, italic=null, underlined=null, obfuscated=null, clickEvent=null, hoverEvent=null, insertion=null}}
[17:15:22] [Server thread/INFO]: caplaw left the game
[17:20:09] [Server thread/INFO]: [Server] Server shutting down immediately. World is being saved. Entering sleep state
[17:20:09] [Server thread/INFO]: Saving is already turned on.
[17:20:09] [Server thread/INFO]: Saving...
[17:20:09] [Server thread/INFO]: Saved the world
[17:20:09] [Server thread/INFO]: Stopping the server
[17:20:09] [Server thread/INFO]: Stopping server
[17:20:09] [Server thread/INFO]: Saving players
[17:20:09] [Server thread/INFO]: Saving worlds
[17:20:09] [Server thread/INFO]: Saving chunks for level 'world'/Overworld
[17:20:09] [Server thread/INFO]: Saving chunks for level 'world'/Nether
[17:20:09] [Server thread/INFO]: Saving chunks for level 'world'/The End
