Notice	: Detecting System...
Notice	: No virtualized environment detected.
Notice	: Linux Distribution: Ubuntu
Notice	: Detection complete.
Notice	: Detected Java runtime version 1.8.0
Error	: McMyAdmin was not shut down properly!
Error	: To avoid potential data loss, please perform /quit on this console.
Error	: Startup will resume in 5 seconds...
Notice	: Starting McMyAdmin Personal v2.5.4.0
Notice	: Checking for updates...
Notice	: Checking for Minecraft Server updates...
Notice	: Starting webserver...
Notice	: McMyAdmin has started and is ready for use.
Notice	: Server jar hash is ff01a4ec-844f-6466-5c22-2dce9471df66
Notice	: Starting Minecraft Server...
Console	: [08:52:33] [Server thread/INFO]: Starting minecraft server version 1.8.7
Console	: [08:52:33] [Server thread/INFO]: Loading properties
Console	: [08:52:33] [Server thread/INFO]: Default game type: SURVIVAL
Console	: [08:52:33] [Server thread/INFO]: Generating keypair
Console	: [08:52:34] [Server thread/INFO]: Starting Minecraft server on *:25565
Console	: [08:52:34] [Server thread/INFO]: Using epoll channel type
Console	: Jul 26, 2015 8:52:37 AM io.netty.util.internal.ThreadLocalRandom getInitialSeedUniquifier
Console	: WARNING: Failed to generate a seed from SecureRandom within 3 seconds. Not enough entrophy?
Console	: [08:52:37] [Server thread/WARN]: **** SERVER IS RUNNING IN OFFLINE/INSECURE MODE!
Console	: [08:52:37] [Server thread/WARN]: The server will make no attempt to authenticate usernames. Beware.
Console	: [08:52:37] [Server thread/WARN]: While this makes the game possible to play without internet access, it also opens up the ability for hackers to connect with any username they choose.
Console	: [08:52:37] [Server thread/WARN]: To change this, set "online-mode" to "true" in the server.properties file.
Console	: [08:52:37] [Server thread/INFO]: Preparing level "world"
Console	: [08:52:37] [Server thread/INFO]: Preparing start region for level 0
Console	: [08:52:38] [Server thread/INFO]: Preparing spawn area: 30%
Console	: [08:52:39] [Server thread/INFO]: Preparing spawn area: 79%
Console	: [08:52:40] [Server thread/INFO]: Done (2.593s)! For help, type "help" or "?"
Console	: [08:57:04] [Server thread/INFO]: [Server] Server shutting down immediately. World is being saved. Entering sleep state
Console	: [08:57:04] [Server thread/INFO]: Saving is already turned on.
Console	: [08:57:04] [Server thread/INFO]: Saving...
Console	: [08:57:04] [Server thread/INFO]: Saved the world
Console	: [08:57:04] [Server thread/INFO]: Stopping the server
Console	: [08:57:04] [Server thread/INFO]: Stopping server
Console	: [08:57:04] [Server thread/INFO]: Saving players
Console	: [08:57:04] [Server thread/INFO]: Saving worlds
Console	: [08:57:04] [Server thread/INFO]: Saving chunks for level 'world'/Overworld
Console	: [08:57:04] [Server thread/INFO]: Saving chunks for level 'world'/Nether
Console	: [08:57:04] [Server thread/INFO]: Saving chunks for level 'world'/The End
Console	: [08:57:04] [Server Shutdown Thread/INFO]: Stopping server
Console	: Exception in thread "Server Shutdown Thread" org.apache.logging.log4j.core.appender.AppenderLoggingException: Attempted to append to non-started appender ServerGuiConsole
Console	: 2015-07-26 08:57:04,917 ERROR Attempted to append to non-started appender File
Console	: 	at org.apache.logging.log4j.core.config.AppenderControl.callAppender(AppenderControl.java:89)
Console	: 2015-07-26 08:57:04,919 ERROR Unable to write to stream logs/latest.log for appender File
Console	: 	at org.apache.logging.log4j.core.config.LoggerConfig.callAppenders(LoggerConfig.java:425)
Console	: 2015-07-26 08:57:04,920 ERROR An exception occurred processing Appender File org.apache.logging.log4j.core.appender.AppenderLoggingException: Error writing to RandomAccessFile logs/latest.log
Console	: 	at org.apache.logging.log4j.core.config.LoggerConfig.log(LoggerConfig.java:406)
Console	: 	at org.apache.logging.log4j.core.appender.rolling.RollingRandomAccessFileManager.flush(RollingRandomAccessFileManager.java:109)
Console	: 	at org.apache.logging.log4j.core.config.LoggerConfig.log(LoggerConfig.java:367)
Console	: 	at org.apache.logging.log4j.core.appender.rolling.RollingRandomAccessFileManager.write(RollingRandomAccessFileManager.java:90)
Console	: 	at org.apache.logging.log4j.core.Logger.log(Logger.java:110)
Console	: 	at org.apache.logging.log4j.core.appender.OutputStreamManager.write(OutputStreamManager.java:129)
Console	: 	at org.apache.logging.log4j.spi.AbstractLogger.info(AbstractLogger.java:1011)
Console	: 	at org.apache.logging.log4j.core.appender.AbstractOutputStreamAppender.append(AbstractOutputStreamAppender.java:113)
Console	: 	at net.minecraft.server.MinecraftServer.t(SourceFile:376)
Console	: 	at org.apache.logging.log4j.core.appender.RollingRandomAccessFileAppender.append(RollingRandomAccessFileAppender.java:96)
Console	: 	at net.minecraft.server.MinecraftServer$2.run(SourceFile:715)
Console	: 	at org.apache.logging.log4j.core.config.AppenderControl.callAppender(AppenderControl.java:99)
Console	: 	at org.apache.logging.log4j.core.config.LoggerConfig.callAppenders(LoggerConfig.java:425)
Console	: 	at org.apache.logging.log4j.core.config.LoggerConfig.log(LoggerConfig.java:406)
Console	: 	at org.apache.logging.log4j.core.config.LoggerConfig.log(LoggerConfig.java:367)
Console	: 	at org.apache.logging.log4j.core.Logger.log(Logger.java:110)
Console	: 	at org.apache.logging.log4j.spi.AbstractLogger.info(AbstractLogger.java:1011)
Console	: 	at net.minecraft.server.MinecraftServer.t(SourceFile:376)
Console	: 	at net.minecraft.server.MinecraftServer$2.run(SourceFile:715)
Console	: Caused by: java.io.IOException: Stream Closed
Console	: 	at java.io.RandomAccessFile.writeBytes(Native Method)
Console	: 	at java.io.RandomAccessFile.write(RandomAccessFile.java:525)
Console	: 	at org.apache.logging.log4j.core.appender.rolling.RollingRandomAccessFileManager.flush(RollingRandomAccessFileManager.java:106)
Console	: 	... 12 more
Console	: 2015-07-26 08:57:04,922 ERROR Attempted to append to non-started appender ServerGuiConsole
Notice	: Minecraft server has stopped running.
Notice	: Server is now sleeping...
Notice	: Server is no longer sleeping.
Notice	: Server is no longer sleeping.
Notice	: Server jar hash is ff01a4ec-844f-6466-5c22-2dce9471df66
Notice	: Starting Minecraft Server...
Console	: [12:08:01] [Server thread/INFO]: Starting minecraft server version 1.8.7
Console	: [12:08:01] [Server thread/INFO]: Loading properties
Console	: [12:08:01] [Server thread/INFO]: Default game type: SURVIVAL
Console	: [12:08:01] [Server thread/INFO]: Generating keypair
Console	: [12:08:01] [Server thread/INFO]: Starting Minecraft server on *:25565
Console	: [12:08:02] [Server thread/INFO]: Using epoll channel type
Console	: [12:08:02] [Server thread/WARN]: **** SERVER IS RUNNING IN OFFLINE/INSECURE MODE!
Console	: [12:08:02] [Server thread/WARN]: The server will make no attempt to authenticate usernames. Beware.
Console	: [12:08:02] [Server thread/WARN]: While this makes the game possible to play without internet access, it also opens up the ability for hackers to connect with any username they choose.
Console	: [12:08:02] [Server thread/WARN]: To change this, set "online-mode" to "true" in the server.properties file.
Console	: [12:08:02] [Server thread/INFO]: Preparing level "world"
Console	: [12:08:02] [Server thread/INFO]: Preparing start region for level 0
Console	: [12:08:03] [Server thread/INFO]: Preparing spawn area: 23%
Console	: [12:08:04] [Server thread/INFO]: Preparing spawn area: 68%
Console	: [12:08:05] [Server thread/INFO]: Done (3.005s)! For help, type "help" or "?"
Console	: [12:08:05] [Server thread/INFO]: caplaw[/190.181.183.106:4100] logged in with entity id 232 at (-737.739478597661, 69.0, 510.70468609085094)
Console	: [12:08:05] [Server thread/INFO]: caplaw joined the game
Console	: [12:08:05] [Server thread/INFO]: [Server] Welcome back, caplaw
Console	: [12:08:05] [Server thread/INFO]: You whisper to caplaw: Que hongo
Console	: [12:10:00] [Server thread/INFO]: <caplaw> setworldspawn
Console	: [12:10:02] [Server thread/INFO]: [caplaw: Set the world spawn point to (-739, 64, 507)]
Console	: [12:11:57] [Server thread/INFO]: Opped caplaw
Console	: [12:15:04] [Server thread/INFO]: [Server] Saving world data. Expect lag for a short while.
Console	: [12:15:04] [Server thread/INFO]: Saving...
Console	: [12:15:04] [Server thread/INFO]: Saved the world
Console	: [12:15:04] [Server thread/INFO]: [Server] Save Complete
Console	: [12:15:28] [Server thread/INFO]: caplaw has just earned the achievement [Taking Inventory]
Console	: [12:21:04] [Server thread/INFO]: There are 1/5 players online:
Console	: [12:21:04] [Server thread/INFO]: caplaw
Console	: [12:27:04] [Server thread/INFO]: There are 1/5 players online:
Console	: [12:27:04] [Server thread/INFO]: caplaw
Console	: [12:30:04] [Server thread/INFO]: [Server] This server is running McMyAdmin Personal v2.5.4.0
Console	: [12:30:04] [Server thread/INFO]: [Server] Saving world data. Expect lag for a short while.
Console	: [12:30:04] [Server thread/INFO]: Saving...
Console	: [12:30:04] [Server thread/INFO]: Saved the world
Console	: [12:30:04] [Server thread/INFO]: [Server] Save Complete
Console	: [12:32:39] [Server thread/INFO]: caplaw lost connection: TextComponent{text='Disconnected', siblings=[], style=Style{hasParent=false, color=null, bold=null, italic=null, underlined=null, obfuscated=null, clickEvent=null, hoverEvent=null, insertion=null}}
Console	: [12:32:39] [Server thread/INFO]: caplaw left the game
Console	: [12:37:04] [Server thread/INFO]: [Server] Server shutting down immediately. World is being saved. Entering sleep state
Console	: [12:37:04] [Server thread/INFO]: Saving is already turned on.
Console	: [12:37:04] [Server thread/INFO]: Saving...
Console	: [12:37:04] [Server thread/INFO]: Saved the world
Console	: [12:37:04] [Server thread/INFO]: Stopping the server
Console	: [12:37:04] [Server thread/INFO]: Stopping server
Console	: [12:37:04] [Server thread/INFO]: Saving players
Console	: [12:37:04] [Server thread/INFO]: Saving worlds
Console	: [12:37:04] [Server thread/INFO]: Saving chunks for level 'world'/Overworld
Console	: [12:37:04] [Server thread/INFO]: Saving chunks for level 'world'/Nether
Console	: [12:37:04] [Server thread/INFO]: Saving chunks for level 'world'/The End
Notice	: Minecraft server has stopped running.
Notice	: Server is now sleeping...
