Notice	: Detecting System...
Notice	: No virtualized environment detected.
Notice	: Linux Distribution: Ubuntu
Notice	: Detection complete.
Notice	: Detected Java runtime version 1.8.0
Error	: McMyAdmin was not shut down properly!
Error	: To avoid potential data loss, please perform /quit on this console.
Error	: Startup will resume in 5 seconds...
Notice	: Starting McMyAdmin Personal v2.5.4.0
Notice	: Checking for updates...
Notice	: Starting webserver...
Notice	: Checking for Minecraft Server updates...
Notice	: McMyAdmin has started and is ready for use.
Notice	: Server jar hash is ff01a4ec-844f-6466-5c22-2dce9471df66
Notice	: Starting Minecraft Server...
Console	: [11:40:16] [Server thread/INFO]: Starting minecraft server version 1.8.7
Console	: [11:40:16] [Server thread/INFO]: Loading properties
Console	: [11:40:16] [Server thread/INFO]: Default game type: SURVIVAL
Console	: [11:40:16] [Server thread/INFO]: Generating keypair
Console	: [11:40:17] [Server thread/INFO]: Starting Minecraft server on *:25565
Console	: [11:40:17] [Server thread/INFO]: Using epoll channel type
Console	: [11:40:17] [Server thread/WARN]: **** SERVER IS RUNNING IN OFFLINE/INSECURE MODE!
Console	: [11:40:17] [Server thread/WARN]: The server will make no attempt to authenticate usernames. Beware.
Console	: [11:40:17] [Server thread/WARN]: While this makes the game possible to play without internet access, it also opens up the ability for hackers to connect with any username they choose.
Console	: [11:40:17] [Server thread/WARN]: To change this, set "online-mode" to "true" in the server.properties file.
Console	: [11:40:17] [Server thread/INFO]: Preparing level "world"
Console	: [11:40:17] [Server thread/INFO]: Preparing start region for level 0
Console	: [11:40:18] [Server thread/INFO]: Preparing spawn area: 18%
Console	: [11:40:19] [Server thread/INFO]: Preparing spawn area: 88%
Console	: [11:40:19] [Server thread/INFO]: Done (2.546s)! For help, type "help" or "?"
Console	: [11:45:08] [Server thread/INFO]: [Server] Server shutting down immediately. World is being saved. Entering sleep state
Console	: [11:45:08] [Server thread/INFO]: Saving is already turned on.
Console	: [11:45:08] [Server thread/INFO]: Saving...
Console	: [11:45:08] [Server thread/INFO]: Saved the world
Console	: [11:45:08] [Server thread/INFO]: Stopping the server
Console	: [11:45:08] [Server thread/INFO]: Stopping server
Console	: [11:45:08] [Server thread/INFO]: Saving players
Console	: [11:45:08] [Server thread/INFO]: Saving worlds
Console	: [11:45:08] [Server thread/INFO]: Saving chunks for level 'world'/Overworld
Console	: [11:45:08] [Server thread/INFO]: Saving chunks for level 'world'/Nether
Console	: [11:45:08] [Server thread/INFO]: Saving chunks for level 'world'/The End
Console	: [11:45:09] [Server Shutdown Thread/INFO]: Stopping server
Console	: 2015-08-14 11:45:09,130 ERROR Attempted to append to non-started appender File
Console	: Exception in thread "Server Shutdown Thread" org.apache.logging.log4j.core.appender.AppenderLoggingException: Attempted to append to non-started appender ServerGuiConsole
Console	: 2015-08-14 11:45:09,133 ERROR Unable to write to stream logs/latest.log for appender File
Console	: 	at org.apache.logging.log4j.core.config.AppenderControl.callAppender(AppenderControl.java:89)
Console	: 2015-08-14 11:45:09,134 ERROR An exception occurred processing Appender File org.apache.logging.log4j.core.appender.AppenderLoggingException: Error writing to RandomAccessFile logs/latest.log
Console	: 	at org.apache.logging.log4j.core.config.LoggerConfig.callAppenders(LoggerConfig.java:425)
Console	: 	at org.apache.logging.log4j.core.appender.rolling.RollingRandomAccessFileManager.flush(RollingRandomAccessFileManager.java:109)
Console	: 	at org.apache.logging.log4j.core.config.LoggerConfig.log(LoggerConfig.java:406)
Console	: 	at org.apache.logging.log4j.core.appender.rolling.RollingRandomAccessFileManager.write(RollingRandomAccessFileManager.java:90)
Console	: 	at org.apache.logging.log4j.core.config.LoggerConfig.log(LoggerConfig.java:367)
Console	: 	at org.apache.logging.log4j.core.appender.OutputStreamManager.write(OutputStreamManager.java:129)
Console	: 	at org.apache.logging.log4j.core.Logger.log(Logger.java:110)
Console	: 	at org.apache.logging.log4j.core.appender.AbstractOutputStreamAppender.append(AbstractOutputStreamAppender.java:113)
Console	: 	at org.apache.logging.log4j.spi.AbstractLogger.info(AbstractLogger.java:1011)
Console	: 	at org.apache.logging.log4j.core.appender.RollingRandomAccessFileAppender.append(RollingRandomAccessFileAppender.java:96)
Console	: 	at net.minecraft.server.MinecraftServer.t(SourceFile:376)
Console	: 	at org.apache.logging.log4j.core.config.AppenderControl.callAppender(AppenderControl.java:99)
Console	: 	at net.minecraft.server.MinecraftServer$2.run(SourceFile:715)
Console	: 	at org.apache.logging.log4j.core.config.LoggerConfig.callAppenders(LoggerConfig.java:425)
Console	: 	at org.apache.logging.log4j.core.config.LoggerConfig.log(LoggerConfig.java:406)
Console	: 	at org.apache.logging.log4j.core.config.LoggerConfig.log(LoggerConfig.java:367)
Console	: 	at org.apache.logging.log4j.core.Logger.log(Logger.java:110)
Console	: 	at org.apache.logging.log4j.spi.AbstractLogger.info(AbstractLogger.java:1011)
Console	: 	at net.minecraft.server.MinecraftServer.t(SourceFile:376)
Console	: 	at net.minecraft.server.MinecraftServer$2.run(SourceFile:715)
Console	: Caused by: java.io.IOException: Stream Closed
Console	: 	at java.io.RandomAccessFile.writeBytes(Native Method)
Console	: 	at java.io.RandomAccessFile.write(RandomAccessFile.java:525)
Console	: 	at org.apache.logging.log4j.core.appender.rolling.RollingRandomAccessFileManager.flush(RollingRandomAccessFileManager.java:106)
Console	: 	... 12 more
Console	: 2015-08-14 11:45:09,139 ERROR Attempted to append to non-started appender ServerGuiConsole
Notice	: Minecraft server has stopped running.
Notice	: Server is now sleeping...
Notice	: Server is no longer sleeping.
Notice	: Server is no longer sleeping.
Notice	: Server jar hash is ff01a4ec-844f-6466-5c22-2dce9471df66
Notice	: Starting Minecraft Server...
Console	: [16:43:17] [Server thread/INFO]: Starting minecraft server version 1.8.7
Console	: [16:43:17] [Server thread/INFO]: Loading properties
Console	: [16:43:17] [Server thread/INFO]: Default game type: SURVIVAL
Console	: [16:43:17] [Server thread/INFO]: Generating keypair
Console	: [16:43:18] [Server thread/INFO]: Starting Minecraft server on *:25565
Console	: [16:43:18] [Server thread/INFO]: Using epoll channel type
Console	: [16:43:18] [Server thread/WARN]: **** SERVER IS RUNNING IN OFFLINE/INSECURE MODE!
Console	: [16:43:18] [Server thread/WARN]: The server will make no attempt to authenticate usernames. Beware.
Console	: [16:43:18] [Server thread/WARN]: While this makes the game possible to play without internet access, it also opens up the ability for hackers to connect with any username they choose.
Console	: [16:43:18] [Server thread/WARN]: To change this, set "online-mode" to "true" in the server.properties file.
Console	: [16:43:18] [Server thread/INFO]: Preparing level "world"
Console	: [16:43:18] [Server thread/INFO]: Preparing start region for level 0
Console	: [16:43:19] [Server thread/INFO]: Preparing spawn area: 49%
Console	: [16:43:20] [Server thread/INFO]: Done (1.972s)! For help, type "help" or "?"
Console	: [16:43:25] [Server thread/INFO]: Nemesis[/186.77.164.117:27409] logged in with entity id 350 at (-739.0959266582428, 59.0, 514.6473411773599)
Console	: [16:43:25] [Server thread/INFO]: Nemesis joined the game
Console	: [16:43:25] [Server thread/INFO]: [Server] Welcome back, Nemesis
Console	: [16:43:25] [Server thread/INFO]: You whisper to Nemesis: Que hongo
Console	: [16:45:08] [Server thread/INFO]: [Server] Saving world data. Expect lag for a short while.
Console	: [16:45:08] [Server thread/INFO]: Saving...
Console	: [16:45:08] [Server thread/INFO]: Saved the world
Console	: [16:45:08] [Server thread/INFO]: [Server] Save Complete
Console	: [16:50:09] [Server thread/INFO]: Nemesis lost connection: TextComponent{text='Disconnected', siblings=[], style=Style{hasParent=false, color=null, bold=null, italic=null, underlined=null, obfuscated=null, clickEvent=null, hoverEvent=null, insertion=null}}
Console	: [16:50:09] [Server thread/INFO]: Nemesis left the game
Console	: [16:55:08] [Server thread/INFO]: [Server] Server shutting down immediately. World is being saved. Entering sleep state
Console	: [16:55:08] [Server thread/INFO]: Saving is already turned on.
Console	: [16:55:08] [Server thread/INFO]: Saving...
Console	: [16:55:08] [Server thread/INFO]: Saved the world
Console	: [16:55:08] [Server thread/INFO]: Stopping the server
Console	: [16:55:08] [Server thread/INFO]: Stopping server
Console	: [16:55:08] [Server thread/INFO]: Saving players
Console	: [16:55:08] [Server thread/INFO]: Saving worlds
Console	: [16:55:08] [Server thread/INFO]: Saving chunks for level 'world'/Overworld
Console	: [16:55:08] [Server thread/INFO]: Saving chunks for level 'world'/Nether
Console	: [16:55:08] [Server thread/INFO]: Saving chunks for level 'world'/The End
Console	: [16:55:09] [Server Shutdown Thread/INFO]: Stopping server
Console	: 2015-08-14 16:55:09,228 ERROR Attempted to append to non-started appender File
Console	: Exception in thread "Server Shutdown Thread" org.apache.logging.log4j.core.appender.AppenderLoggingException: Attempted to append to non-started appender ServerGuiConsole
Console	: 2015-08-14 16:55:09,242 ERROR Unable to write to stream logs/latest.log for appender File
Console	: 	at org.apache.logging.log4j.core.config.AppenderControl.callAppender(AppenderControl.java:89)
Console	: 2015-08-14 16:55:09,242 ERROR An exception occurred processing Appender File org.apache.logging.log4j.core.appender.AppenderLoggingException: Error writing to RandomAccessFile logs/latest.log
Console	: 	at org.apache.logging.log4j.core.config.LoggerConfig.callAppenders(LoggerConfig.java:425)
Console	: 	at org.apache.logging.log4j.core.appender.rolling.RollingRandomAccessFileManager.flush(RollingRandomAccessFileManager.java:109)
Console	: 	at org.apache.logging.log4j.core.config.LoggerConfig.log(LoggerConfig.java:406)
Console	: 	at org.apache.logging.log4j.core.appender.rolling.RollingRandomAccessFileManager.write(RollingRandomAccessFileManager.java:90)
Console	: 	at org.apache.logging.log4j.core.config.LoggerConfig.log(LoggerConfig.java:367)
Console	: 	at org.apache.logging.log4j.core.appender.OutputStreamManager.write(OutputStreamManager.java:129)
Console	: 	at org.apache.logging.log4j.core.Logger.log(Logger.java:110)
Console	: 	at org.apache.logging.log4j.core.appender.AbstractOutputStreamAppender.append(AbstractOutputStreamAppender.java:113)
Console	: 	at org.apache.logging.log4j.spi.AbstractLogger.info(AbstractLogger.java:1011)
Console	: 	at org.apache.logging.log4j.core.appender.RollingRandomAccessFileAppender.append(RollingRandomAccessFileAppender.java:96)
Console	: 	at net.minecraft.server.MinecraftServer.t(SourceFile:376)
Console	: 	at org.apache.logging.log4j.core.config.AppenderControl.callAppender(AppenderControl.java:99)
Console	: 	at net.minecraft.server.MinecraftServer$2.run(SourceFile:715)
Console	: 	at org.apache.logging.log4j.core.config.LoggerConfig.callAppenders(LoggerConfig.java:425)
Console	: 	at org.apache.logging.log4j.core.config.LoggerConfig.log(LoggerConfig.java:406)
Console	: 	at org.apache.logging.log4j.core.config.LoggerConfig.log(LoggerConfig.java:367)
Console	: 	at org.apache.logging.log4j.core.Logger.log(Logger.java:110)
Console	: 	at org.apache.logging.log4j.spi.AbstractLogger.info(AbstractLogger.java:1011)
Console	: 	at net.minecraft.server.MinecraftServer.t(SourceFile:376)
Console	: 	at net.minecraft.server.MinecraftServer$2.run(SourceFile:715)
Console	: Caused by: java.io.IOException: Stream Closed
Console	: 	at java.io.RandomAccessFile.writeBytes(Native Method)
Console	: 	at java.io.RandomAccessFile.write(RandomAccessFile.java:525)
Console	: 	at org.apache.logging.log4j.core.appender.rolling.RollingRandomAccessFileManager.flush(RollingRandomAccessFileManager.java:106)
Console	: 	... 12 more
Console	: 2015-08-14 16:55:09,246 ERROR Attempted to append to non-started appender ServerGuiConsole
Notice	: Minecraft server has stopped running.
Notice	: Server is now sleeping...
Notice	: Server is no longer sleeping.
Notice	: Server is no longer sleeping.
Notice	: Server jar hash is ff01a4ec-844f-6466-5c22-2dce9471df66
Notice	: Starting Minecraft Server...
Console	: [17:31:39] [Server thread/INFO]: Starting minecraft server version 1.8.7
Console	: [17:31:39] [Server thread/INFO]: Loading properties
Console	: [17:31:39] [Server thread/INFO]: Default game type: SURVIVAL
Console	: [17:31:39] [Server thread/INFO]: Generating keypair
Console	: [17:31:40] [Server thread/INFO]: Starting Minecraft server on *:25565
Console	: [17:31:40] [Server thread/INFO]: Using epoll channel type
Console	: [17:31:40] [Server thread/WARN]: **** SERVER IS RUNNING IN OFFLINE/INSECURE MODE!
Console	: [17:31:40] [Server thread/WARN]: The server will make no attempt to authenticate usernames. Beware.
Console	: [17:31:40] [Server thread/WARN]: While this makes the game possible to play without internet access, it also opens up the ability for hackers to connect with any username they choose.
Console	: [17:31:40] [Server thread/WARN]: To change this, set "online-mode" to "true" in the server.properties file.
Console	: [17:31:40] [Server thread/INFO]: Preparing level "world"
Console	: [17:31:40] [Server thread/INFO]: Preparing start region for level 0
Console	: [17:31:41] [Server thread/INFO]: Preparing spawn area: 56%
Console	: [17:31:42] [Server thread/INFO]: Done (1.778s)! For help, type "help" or "?"
Warning : Unable to get protocol version. Sleep mode will be unavailable.
Console	: [17:31:43] [Server thread/INFO]: Nemesis[/186.77.164.117:26756] logged in with entity id 379 at (-689.8671402509133, 60.0, 530.0916053374704)
Console	: [17:31:43] [Server thread/INFO]: Nemesis joined the game
Console	: [17:31:43] [Server thread/INFO]: [Server] Welcome back, Nemesis
Console	: [17:31:44] [Server thread/INFO]: You whisper to Nemesis: Que hongo
Console	: [17:37:08] [Server thread/INFO]: There are 1/5 players online:
Console	: [17:37:08] [Server thread/INFO]: Nemesis
Console	: [17:37:15] [Server thread/WARN]: Nemesis moved wrongly!
Console	: [17:43:08] [Server thread/INFO]: There are 1/5 players online:
Console	: [17:43:08] [Server thread/INFO]: Nemesis
Console	: [17:45:08] [Server thread/INFO]: [Server] Saving world data. Expect lag for a short while.
Console	: [17:45:08] [Server thread/INFO]: Saving...
Console	: [17:45:08] [Server thread/INFO]: Saved the world
Console	: [17:45:08] [Server thread/INFO]: [Server] Save Complete
Console	: [17:51:08] [Server thread/INFO]: There are 1/5 players online:
Console	: [17:51:08] [Server thread/INFO]: Nemesis
Console	: [17:57:08] [Server thread/INFO]: There are 1/5 players online:
Console	: [17:57:08] [Server thread/INFO]: Nemesis
Console	: [18:00:08] [Server thread/INFO]: [Server] This server is running McMyAdmin Personal v2.5.4.0
Console	: [18:00:08] [Server thread/INFO]: [Server] Saving world data. Expect lag for a short while.
Console	: [18:00:08] [Server thread/INFO]: Saving...
Console	: [18:00:08] [Server thread/INFO]: Saved the world
Console	: [18:00:08] [Server thread/INFO]: [Server] Save Complete
Console	: [18:06:08] [Server thread/INFO]: There are 1/5 players online:
Console	: [18:06:08] [Server thread/INFO]: Nemesis
Console	: [18:09:57] [Server thread/INFO]: Nemesis lost connection: TextComponent{text='Disconnected', siblings=[], style=Style{hasParent=false, color=null, bold=null, italic=null, underlined=null, obfuscated=null, clickEvent=null, hoverEvent=null, insertion=null}}
Console	: [18:09:57] [Server thread/INFO]: Nemesis left the game
Console	: [18:14:08] [Server thread/INFO]: [Server] Server shutting down immediately. World is being saved. Entering sleep state
Console	: [18:14:08] [Server thread/INFO]: Saving is already turned on.
Console	: [18:14:08] [Server thread/INFO]: Saving...
Console	: [18:14:08] [Server thread/INFO]: Saved the world
Console	: [18:14:08] [Server thread/INFO]: Stopping the server
Console	: [18:14:08] [Server thread/INFO]: Stopping server
Console	: [18:14:08] [Server thread/INFO]: Saving players
Console	: [18:14:08] [Server thread/INFO]: Saving worlds
Console	: [18:14:08] [Server thread/INFO]: Saving chunks for level 'world'/Overworld
Console	: [18:14:08] [Server thread/INFO]: Saving chunks for level 'world'/Nether
Console	: [18:14:08] [Server thread/INFO]: Saving chunks for level 'world'/The End
Console	: [18:14:09] [Server Shutdown Thread/INFO]: Stopping server
Notice	: Minecraft server has stopped running.
Notice	: Server is now sleeping...
Notice	: Server is no longer sleeping.
Notice	: Server is no longer sleeping.
Notice	: Server jar hash is ff01a4ec-844f-6466-5c22-2dce9471df66
Notice	: Starting Minecraft Server...
Console	: [18:28:56] [Server thread/INFO]: Starting minecraft server version 1.8.7
Console	: [18:28:56] [Server thread/INFO]: Loading properties
Console	: [18:28:56] [Server thread/INFO]: Default game type: SURVIVAL
Console	: [18:28:56] [Server thread/INFO]: Generating keypair
Console	: [18:28:56] [Server thread/INFO]: Starting Minecraft server on *:25565
Console	: [18:28:56] [Server thread/INFO]: Using epoll channel type
Console	: [18:28:56] [Server thread/WARN]: **** SERVER IS RUNNING IN OFFLINE/INSECURE MODE!
Console	: [18:28:56] [Server thread/WARN]: The server will make no attempt to authenticate usernames. Beware.
Console	: [18:28:56] [Server thread/WARN]: While this makes the game possible to play without internet access, it also opens up the ability for hackers to connect with any username they choose.
Console	: [18:28:56] [Server thread/WARN]: To change this, set "online-mode" to "true" in the server.properties file.
Console	: [18:28:56] [Server thread/INFO]: Preparing level "world"
Console	: [18:28:57] [Server thread/INFO]: Preparing start region for level 0
Console	: [18:28:58] [Server thread/INFO]: Preparing spawn area: 35%
Console	: [18:28:59] [Server thread/INFO]: Preparing spawn area: 71%
Console	: [18:28:59] [Server thread/INFO]: Done (2.452s)! For help, type "help" or "?"
Console	: [18:29:05] [Server thread/INFO]: Nemesis[/186.77.164.117:26832] logged in with entity id 420 at (-687.4365268773405, 60.0, 530.173133844318)
Console	: [18:29:05] [Server thread/INFO]: Nemesis joined the game
Console	: [18:29:05] [Server thread/INFO]: [Server] Welcome back, Nemesis
Console	: [18:29:05] [Server thread/INFO]: You whisper to Nemesis: Que hongo
Console	: [18:29:07] [Server thread/INFO]: Nemesis lost connection: TextComponent{text='You logged in from another location', siblings=[], style=Style{hasParent=false, color=null, bold=null, italic=null, underlined=null, obfuscated=null, clickEvent=null, hoverEvent=null, insertion=null}}
Console	: [18:29:07] [Server thread/INFO]: Nemesis left the game
Console	: [18:29:07] [Server thread/WARN]: handleDisconnection() called twice
Console	: [18:29:07] [Server thread/INFO]: Nemesis[/186.77.164.117:26834] logged in with entity id 421 at (-687.4365268773405, 60.0, 530.173133844318)
Console	: [18:29:07] [Server thread/INFO]: Nemesis joined the game
Console	: [18:29:07] [Server thread/INFO]: [Server] Welcome back, Nemesis
Console	: [18:29:07] [Server thread/INFO]: You whisper to Nemesis: Que hongo
Console	: [18:30:08] [Server thread/INFO]: [Server] This server is running McMyAdmin Personal v2.5.4.0
Console	: [18:30:08] [Server thread/INFO]: [Server] Saving world data. Expect lag for a short while.
Console	: [18:30:08] [Server thread/INFO]: Saving...
Console	: [18:30:08] [Server thread/INFO]: Saved the world
Console	: [18:30:08] [Server thread/INFO]: [Server] Save Complete
Console	: [18:31:24] [Server thread/INFO]: Nemesis lost connection: TextComponent{text='Disconnected', siblings=[], style=Style{hasParent=false, color=null, bold=null, italic=null, underlined=null, obfuscated=null, clickEvent=null, hoverEvent=null, insertion=null}}
Console	: [18:31:24] [Server thread/INFO]: Nemesis left the game
Console	: [18:31:30] [Server thread/INFO]: Nemesis[/186.77.164.117:26969] logged in with entity id 5118 at (-687.4365268773405, 60.0, 530.173133844318)
Console	: [18:31:30] [Server thread/INFO]: Nemesis joined the game
Console	: [18:31:30] [Server thread/INFO]: [Server] Welcome back, Nemesis
Console	: [18:31:30] [Server thread/INFO]: You whisper to Nemesis: Que hongo
Console	: [18:37:08] [Server thread/INFO]: There are 1/5 players online:
Console	: [18:37:08] [Server thread/INFO]: Nemesis
Console	: [18:43:08] [Server thread/INFO]: There are 1/5 players online:
Console	: [18:43:08] [Server thread/INFO]: Nemesis
Console	: [18:45:08] [Server thread/INFO]: [Server] Saving world data. Expect lag for a short while.
Console	: [18:45:08] [Server thread/INFO]: Saving...
Console	: [18:45:08] [Server thread/INFO]: Saved the world
Console	: [18:45:08] [Server thread/INFO]: [Server] Save Complete
Console	: [18:51:08] [Server thread/INFO]: There are 1/5 players online:
Console	: [18:51:08] [Server thread/INFO]: Nemesis
Console	: [18:57:08] [Server thread/INFO]: There are 1/5 players online:
Console	: [18:57:08] [Server thread/INFO]: Nemesis
Console	: [19:00:08] [Server thread/INFO]: [Server] This server is running McMyAdmin Personal v2.5.4.0
Console	: [19:00:08] [Server thread/INFO]: [Server] Saving world data. Expect lag for a short while.
Console	: [19:00:08] [Server thread/INFO]: Saving...
Console	: [19:00:08] [Server thread/INFO]: Saved the world
Console	: [19:00:08] [Server thread/INFO]: [Server] Save Complete
Console	: [19:06:08] [Server thread/INFO]: There are 1/5 players online:
Console	: [19:06:08] [Server thread/INFO]: Nemesis
Console	: [19:12:08] [Server thread/INFO]: There are 1/5 players online:
Console	: [19:12:08] [Server thread/INFO]: Nemesis
Console	: [19:15:08] [Server thread/INFO]: [Server] Saving world data. Expect lag for a short while.
Console	: [19:15:08] [Server thread/INFO]: Saving...
Console	: [19:15:08] [Server thread/INFO]: Saved the world
Console	: [19:15:08] [Server thread/INFO]: [Server] Save Complete
Console	: [19:21:08] [Server thread/INFO]: There are 1/5 players online:
Console	: [19:21:08] [Server thread/INFO]: Nemesis
Console	: [19:27:08] [Server thread/INFO]: There are 1/5 players online:
Console	: [19:27:08] [Server thread/INFO]: Nemesis
Console	: [19:30:08] [Server thread/INFO]: [Server] This server is running McMyAdmin Personal v2.5.4.0
Console	: [19:30:08] [Server thread/INFO]: [Server] Saving world data. Expect lag for a short while.
Console	: [19:30:08] [Server thread/INFO]: Saving...
Console	: [19:30:08] [Server thread/INFO]: Saved the world
Console	: [19:30:08] [Server thread/INFO]: [Server] Save Complete
Console	: [19:36:08] [Server thread/INFO]: There are 1/5 players online:
Console	: [19:36:08] [Server thread/INFO]: Nemesis
Console	: [19:42:08] [Server thread/INFO]: There are 1/5 players online:
Console	: [19:42:08] [Server thread/INFO]: Nemesis
Console	: [19:45:08] [Server thread/INFO]: [Server] Saving world data. Expect lag for a short while.
Console	: [19:45:08] [Server thread/INFO]: Saving...
Console	: [19:45:08] [Server thread/INFO]: Saved the world
Console	: [19:45:08] [Server thread/INFO]: [Server] Save Complete
Console	: [19:50:04] [Server thread/INFO]: [Nemesis: Given [Diamond] * 64 to Nemesis]
Console	: [19:55:08] [Server thread/INFO]: There are 1/5 players online:
Console	: [19:55:08] [Server thread/INFO]: Nemesis
Console	: [20:00:08] [Server thread/INFO]: [Server] This server is running McMyAdmin Personal v2.5.4.0
Console	: [20:00:08] [Server thread/INFO]: [Server] Saving world data. Expect lag for a short while.
Console	: [20:00:08] [Server thread/INFO]: Saving...
Console	: [20:00:08] [Server thread/INFO]: Saved the world
Console	: [20:00:08] [Server thread/INFO]: [Server] Save Complete
Console	: [20:01:02] [Server thread/INFO]: Nemesis lost connection: TextComponent{text='Disconnected', siblings=[], style=Style{hasParent=false, color=null, bold=null, italic=null, underlined=null, obfuscated=null, clickEvent=null, hoverEvent=null, insertion=null}}
Console	: [20:01:02] [Server thread/INFO]: Nemesis left the game
Console	: [20:05:08] [Server thread/INFO]: [Server] Server shutting down immediately. World is being saved. Entering sleep state
Console	: [20:05:08] [Server thread/INFO]: Saving is already turned on.
Console	: [20:05:08] [Server thread/INFO]: Saving...
Console	: [20:05:08] [Server thread/INFO]: Saved the world
Console	: [20:05:08] [Server thread/INFO]: Stopping the server
Console	: [20:05:08] [Server thread/INFO]: Stopping server
Console	: [20:05:08] [Server thread/INFO]: Saving players
Console	: [20:05:08] [Server thread/INFO]: Saving worlds
Console	: [20:05:08] [Server thread/INFO]: Saving chunks for level 'world'/Overworld
Console	: [20:05:08] [Server thread/INFO]: Saving chunks for level 'world'/Nether
Console	: [20:05:08] [Server thread/INFO]: Saving chunks for level 'world'/The End
Console	: [20:05:09] [Server Shutdown Thread/INFO]: Stopping server
Console	: [20:05:09] [Server Shutdown Thread/INFO]: Saving players
Console	: [20:05:09] [Server Shutdown Thread/INFO]: Saving worlds
Console	: [20:05:09] [Server Shutdown Thread/INFO]: Saving chunks for level 'world'/Overworld
Console	: [20:05:09] [Server Shutdown Thread/INFO]: Saving chunks for level 'world'/Nether
Notice	: Minecraft server has stopped running.
Notice	: Server is now sleeping...
Notice	: Server is no longer sleeping.
Notice	: Server is no longer sleeping.
Notice	: Server jar hash is ff01a4ec-844f-6466-5c22-2dce9471df66
Notice	: Starting Minecraft Server...
Console	: [01:38:14] [Server thread/INFO]: Starting minecraft server version 1.8.7
Console	: [01:38:14] [Server thread/INFO]: Loading properties
Console	: [01:38:14] [Server thread/INFO]: Default game type: SURVIVAL
Console	: [01:38:14] [Server thread/INFO]: Generating keypair
Console	: [01:38:15] [Server thread/INFO]: Starting Minecraft server on *:25565
Console	: [01:38:15] [Server thread/INFO]: Using epoll channel type
Console	: [01:38:15] [Server thread/WARN]: **** SERVER IS RUNNING IN OFFLINE/INSECURE MODE!
Console	: [01:38:15] [Server thread/WARN]: The server will make no attempt to authenticate usernames. Beware.
Console	: [01:38:15] [Server thread/WARN]: While this makes the game possible to play without internet access, it also opens up the ability for hackers to connect with any username they choose.
Console	: [01:38:15] [Server thread/WARN]: To change this, set "online-mode" to "true" in the server.properties file.
Console	: [01:38:15] [Server thread/INFO]: Preparing level "world"
Console	: [01:38:15] [Server thread/INFO]: Preparing start region for level 0
Console	: [01:38:16] [Server thread/INFO]: Preparing spawn area: 20%
Console	: [01:38:17] [Server thread/INFO]: Preparing spawn area: 76%
Console	: [01:38:17] [Server thread/INFO]: Done (2.572s)! For help, type "help" or "?"
Console	: [01:38:18] [Server thread/INFO]: Blasterg[/186.77.218.12:49518] logged in with entity id 413 at (-731.5, 90.0, 442.5)
Console	: [01:38:18] [Server thread/INFO]: Blasterg joined the game
Console	: [01:38:18] [Server thread/INFO]: [Server] Welcome back, Blasterg
Console	: [01:38:18] [Server thread/INFO]: You whisper to Blasterg: Que hongo
Console	: [01:44:08] [Server thread/INFO]: There are 1/5 players online:
Console	: [01:44:08] [Server thread/INFO]: Blasterg
Console	: [01:45:08] [Server thread/INFO]: [Server] Saving world data. Expect lag for a short while.
Console	: [01:45:08] [Server thread/INFO]: Saving...
Console	: [01:45:08] [Server thread/INFO]: Saved the world
Console	: [01:45:08] [Server thread/INFO]: [Server] Save Complete
Console	: [01:51:08] [Server thread/INFO]: There are 1/5 players online:
Console	: [01:51:08] [Server thread/INFO]: Blasterg
Console	: [01:51:42] [Server thread/INFO]: Nemesis[/186.77.164.117:26729] logged in with entity id 8818 at (-739.0050458487015, 59.5, 514.2174311980157)
Console	: [01:51:42] [Server thread/INFO]: Nemesis joined the game
Console	: [01:51:42] [Server thread/INFO]: [Server] Welcome back, Nemesis
Console	: [01:51:42] [Server thread/INFO]: You whisper to Nemesis: Que hongo
Console	: [01:51:58] [Server thread/INFO]: <Blasterg> ola k ase
Console	: [01:52:05] [Server thread/INFO]: <Nemesis> ontas
Console	: [01:52:20] [Server thread/INFO]: <Nemesis> perame
Console	: [01:53:15] [Server thread/INFO]: <Nemesis> aja
Console	: [01:53:28] [Server thread/INFO]: <Blasterg> q nota
Console	: [01:53:33] [Server thread/INFO]: <Nemesis> loco
Console	: [01:53:36] [Server thread/INFO]: <Blasterg> en mi casa de pajaro
Console	: [01:53:37] [Server thread/INFO]: <Nemesis> :(
Console	: [01:53:42] [Server thread/INFO]: <Nemesis> no quiero jugar esta mierda ya
Console	: [01:53:46] [Server thread/INFO]: <Nemesis> todos mis diamantes
Console	: [01:55:54] [Server thread/INFO]: <Blasterg> ...
Console	: [01:55:59] [Server thread/INFO]: <Blasterg> no hagas samierda
Console	: [01:56:04] [Server thread/INFO]: <Blasterg> salado che
Console	: [01:56:08] [Server thread/INFO]: <Blasterg> segui minando xD
Console	: [01:56:19] [Server thread/INFO]: <Nemesis> no necesito ahorita
Console	: [01:56:49] [Server thread/INFO]: <Nemesis> wtf
Console	: [01:56:52] [Server thread/INFO]: <Nemesis> estas antorchas xD
Console	: [01:57:34] [Server thread/INFO]: <Blasterg> cuales?
Console	: [01:57:38] [Server thread/INFO]: <Nemesis> las del techo
Console	: [01:57:49] [Server thread/INFO]: <Blasterg> deaca :D
Console	: [02:00:08] [Server thread/INFO]: [Server] This server is running McMyAdmin Personal v2.5.4.0
Console	: [02:00:08] [Server thread/INFO]: [Server] Saving world data. Expect lag for a short while.
Console	: [02:00:08] [Server thread/INFO]: Saving...
Console	: [02:00:08] [Server thread/INFO]: Saved the world
Console	: [02:00:08] [Server thread/INFO]: [Server] Save Complete
Console	: [02:02:03] [Server thread/INFO]: <Nemesis> tan feas esas antorchas en el tronco
Console	: [02:02:12] [Server thread/INFO]: <Blasterg> a mi me cuadran
Console	: [02:03:08] [Server thread/INFO]: <Blasterg> regalame un stack de bistec?
Console	: [02:03:25] [Server thread/INFO]: <Nemesis> para q queres tanto
Console	: [02:03:32] [Server thread/INFO]: <Blasterg> para la hartason
Console	: [02:04:42] [Server thread/INFO]: [Nemesis: Teleported Nemesis to Blasterg]
Console	: [02:04:59] [Server thread/INFO]: <Nemesis> no gastes la acha en las ojas
Console	: [02:05:21] [Server thread/INFO]: <Blasterg> q te pasa hp
Console	: [02:05:28] [Server thread/INFO]: <Nemesis> era a la ara;a
Console	: [02:05:30] [Server thread/INFO]: <Nemesis> te metiste
Console	: [02:05:41] [Server thread/INFO]: <Blasterg> asi voy a decir de tu casa
Console	: [02:05:59] [Server thread/INFO]: <Nemesis> asi como
Console	: [02:06:11] [Server thread/INFO]: <Blasterg> se le metieron a mis tnts :v
Console	: [02:06:27] [Server thread/INFO]: <Nemesis> loco no viste la ara;a
Console	: [02:07:00] [Server thread/INFO]: <Blasterg> yo solo te digo
Console	: [02:07:04] [Server thread/INFO]: <Blasterg> no me provoques
Console	: [02:07:06] [Server thread/INFO]: <Blasterg> ashashay
Console	: [02:07:14] [Server thread/WARN]: Can't keep up! Did the system time change, or is the server overloaded? Running 2280ms behind, skipping 45 tick(s)
Console	: [02:09:00] [Server thread/INFO]: Nemesis lost connection: TextComponent{text='Disconnected', siblings=[], style=Style{hasParent=false, color=null, bold=null, italic=null, underlined=null, obfuscated=null, clickEvent=null, hoverEvent=null, insertion=null}}
Console	: [02:09:00] [Server thread/INFO]: Nemesis left the game
Console	: [02:13:55] [Server thread/INFO]: Nemesis[/186.77.164.117:26789] logged in with entity id 17947 at (-64.96302184600998, 32.0, -135.69999998807907)
Console	: [02:13:55] [Server thread/INFO]: Nemesis joined the game
Console	: [02:13:55] [Server thread/INFO]: [Server] Welcome back, Nemesis
Console	: [02:13:55] [Server thread/INFO]: You whisper to Nemesis: Que hongo
Console	: [02:14:39] [Server thread/INFO]: <Nemesis> lol
Console	: [02:15:08] [Server thread/INFO]: [Server] Saving world data. Expect lag for a short while.
Console	: [02:15:08] [Server thread/INFO]: Saving...
Console	: [02:15:08] [Server thread/INFO]: Saved the world
Console	: [02:15:08] [Server thread/INFO]: [Server] Save Complete
Console	: [02:17:15] [Server thread/INFO]: <Nemesis> loko
Console	: [02:17:25] [Server thread/INFO]: <Blasterg> mjuh
Console	: [02:17:48] [Server thread/INFO]: <Nemesis> xd
Console	: [02:18:04] [Server thread/INFO]: <Nemesis> hay un pollo
Console	: [02:18:07] [Server thread/INFO]: <Nemesis> en el nether
Console	: [02:18:17] [Server thread/INFO]: <Blasterg> etf
Console	: [02:18:20] [Server thread/INFO]: <Blasterg> w
Console	: [02:24:08] [Server thread/INFO]: There are 2/5 players online:
Console	: [02:24:08] [Server thread/INFO]: Blasterg, Nemesis
Console	: [02:25:30] [Server thread/INFO]: <Blasterg> traeme papas
Console	: [02:25:37] [Server thread/INFO]: <Blasterg> porfa
Console	: [02:25:49] [Server thread/INFO]: <Blasterg> toy construyendo el jardín xd
Console	: [02:25:57] [Server thread/INFO]: <Nemesis> yo ando buscando lagrimas de gast
Console	: [02:26:09] [Server thread/INFO]: <Blasterg> para?
Console	: [02:26:45] [Server thread/INFO]: <Nemesis> meirdas
Console	: [02:30:08] [Server thread/INFO]: [Server] This server is running McMyAdmin Personal v2.5.4.0
Console	: [02:30:08] [Server thread/INFO]: [Server] Saving world data. Expect lag for a short while.
Console	: [02:30:08] [Server thread/INFO]: Saving...
Console	: [02:30:08] [Server thread/INFO]: Saved the world
Console	: [02:30:08] [Server thread/INFO]: [Server] Save Complete
Console	: [02:30:24] [Server thread/INFO]: <Nemesis> xDDDDDDD
Console	: [02:30:31] [Server thread/INFO]: <Blasterg> como eran las vallas?
Console	: [02:34:08] [Server thread/INFO]: <Nemesis> oe
Console	: [02:34:11] [Server thread/INFO]: <Nemesis> haceme un favor
Console	: [02:34:16] [Server thread/INFO]: <Nemesis> entra al nether para hacer tp
Console	: [02:34:25] [Server thread/INFO]: <Blasterg> ahora te esperas
Console	: [02:37:34] [Server thread/INFO]: <Nemesis> oee
Console	: [02:38:01] [Server thread/INFO]: <Blasterg> q
Console	: [02:41:10] [Server thread/INFO]: <Nemesis> puta
Console	: [02:41:13] [Server thread/INFO]: <Nemesis> quiero 3 calaberas
Console	: [02:41:18] [Server thread/INFO]: <Nemesis> y no spawnean
Console	: [02:41:50] [Server thread/INFO]: <Blasterg> toda mierda queres vos
Console	: [02:41:52] [Server thread/INFO]: <Blasterg> xD
Console	: [02:45:08] [Server thread/INFO]: [Server] Saving world data. Expect lag for a short while.
Console	: [02:45:08] [Server thread/INFO]: Saving...
Console	: [02:45:08] [Server thread/INFO]: Saved the world
Console	: [02:45:08] [Server thread/INFO]: [Server] Save Complete
Console	: [02:45:30] [Server thread/INFO]: <Nemesis> loco tp pls
Console	: [02:45:32] [Server thread/INFO]: <Nemesis> no tengo comida ya
Console	: [02:46:00] [Server thread/INFO]: <Blasterg> donde estas?
Console	: [02:46:04] [Server thread/INFO]: <Blasterg> alaputa maje
Console	: [02:46:05] [Server thread/INFO]: <Nemesis> entra al nether
Console	: [02:46:11] [Server thread/INFO]: <Blasterg> y como haces cuando no estoy yo?
Console	: [02:46:13] [Server thread/INFO]: <Blasterg> no jodas
Console	: [02:46:19] [Server thread/INFO]: <Blasterg> menturka q me agarren para tp
Console	: [02:47:32] [Server thread/INFO]: <Blasterg> ya estoy aqui
Console	: [02:47:46] [Server thread/INFO]: [Nemesis: Teleported Nemesis to Blasterg]
Console	: [02:48:15] [Server thread/INFO]: <Nemesis> thanks
Console	: [02:48:32] [Server thread/INFO]: <Blasterg> dame papas
Console	: [02:48:49] [Server thread/INFO]: <Nemesis> si te di 49 de cerdo
Console	: [02:48:55] [Server thread/INFO]: <Nemesis> las debes andar encima
Console	: [02:48:55] [Server thread/INFO]: <Blasterg> es para sembrar
Console	: [02:49:05] [Server thread/INFO]: <Blasterg> te estoy diciendo q estaba haciendo el jardin
Console	: [02:49:49] [Server thread/INFO]: <Blasterg> donde estan las papas
Console	: [02:50:03] [Server thread/INFO]: <Blasterg> thx
Console	: [02:52:35] [Server thread/INFO]: [Nemesis: Teleported Nemesis to Blasterg]
Console	: [02:53:06] [Server thread/INFO]: <Nemesis> xD
Console	: [02:53:11] [Server thread/INFO]: <Nemesis> le falta agua
Console	: [02:53:24] [Server thread/INFO]: <Blasterg> asi esta bien
Console	: [02:53:27] [Server thread/INFO]: <Blasterg> tes jodiendo
Console	: [02:53:31] [Server thread/INFO]: <Blasterg> Xd
Console	: [02:53:34] [Server thread/INFO]: <Nemesis> no miras las corrientes
Console	: [02:54:04] [Server thread/INFO]: <Blasterg> pues todo esta mojado
Console	: [02:54:16] [Server thread/INFO]: <Blasterg> quise dejar las corrientes para el efecto del agua xd
Console	: [02:54:19] [Server thread/INFO]: <Blasterg> el sonido
Console	: [02:54:29] [Server thread/INFO]: <Blasterg> pero asi basta, moja toda la tierra
Console	: [03:00:08] [Server thread/INFO]: [Server] This server is running McMyAdmin Personal v2.5.4.0
Console	: [03:00:08] [Server thread/INFO]: There are 2/5 players online:
Console	: [03:00:08] [Server thread/INFO]: Blasterg, Nemesis
Console	: [03:00:08] [Server thread/INFO]: [Server] Saving world data. Expect lag for a short while.
Console	: [03:00:08] [Server thread/INFO]: Saving...
Console	: [03:00:08] [Server thread/INFO]: Saved the world
Console	: [03:00:08] [Server thread/INFO]: [Server] Save Complete
Console	: [03:01:31] [Server thread/WARN]: Nemesis moved wrongly!
Console	: [03:04:54] [Server thread/INFO]: <Blasterg> ideay hp
Console	: [03:05:01] [Server thread/INFO]: <Blasterg> maje
Console	: [03:05:15] [Server thread/INFO]: <Blasterg> si me quemas la casa ya sabes q le pasara a la tuya...
Console	: [03:05:18] [Server thread/INFO]: <Nemesis> no se quema
Console	: [03:05:27] [Server thread/INFO]: <Blasterg> solo te digo...
Console	: [03:05:32] [Server thread/INFO]: <Nemesis> no se quema
Console	: [03:06:20] [Server thread/INFO]: <Blasterg> loco deja de joder
Console	: [03:06:24] [Server thread/INFO]: <Blasterg> ALACIENPUTA
Console	: [03:06:45] [Server thread/INFO]: <Blasterg> VAYA A JODER A SU CASA MUY HP
Console	: [03:06:50] [Server thread/INFO]: <Blasterg> asi me gusta la mierda
Console	: [03:06:58] [Server thread/INFO]: <Blasterg> valaturka
Console	: [03:09:58] [Server thread/INFO]: Blasterg has just earned the achievement [Time to Mine!]
Console	: [03:09:58] [Server thread/INFO]: Blasterg has just earned the achievement [Getting an Upgrade]
Console	: [03:12:15] [Server thread/INFO]: <Blasterg> donde esta tu mina mierda?
Console	: [03:12:34] [Server thread/INFO]: <Nemesis> ya te habia dicho
Console	: [03:12:58] [Server thread/INFO]: <Blasterg> no me acuerdo
Console	: [03:13:08] [Server thread/INFO]: <Nemesis> en la casa de piedra
Console	: [03:13:25] [Server thread/INFO]: [Nemesis: Teleported Nemesis to Blasterg]
Console	: [03:13:29] [Server thread/INFO]: <Blasterg> donde
Console	: [03:14:41] [Server thread/INFO]: <Blasterg> aja
Console	: [03:14:44] [Server thread/INFO]: <Blasterg> donde esta
Console	: [03:15:08] [Server thread/INFO]: [Server] Saving world data. Expect lag for a short while.
Console	: [03:15:08] [Server thread/INFO]: Saving...
Console	: [03:15:08] [Server thread/INFO]: Saved the world
Console	: [03:15:08] [Server thread/INFO]: [Server] Save Complete
Console	: [03:18:57] [Server thread/INFO]: <Nemesis> si encontras diamante
Console	: [03:18:59] [Server thread/INFO]: <Nemesis> no lo piques
Console	: [03:19:06] [Server thread/INFO]: <Nemesis> yo tengo un pico con suerte
Console	: [03:19:08] [Server thread/INFO]: <Nemesis> 3
Console	: [03:24:08] [Server thread/INFO]: There are 2/5 players online:
Console	: [03:24:08] [Server thread/INFO]: Blasterg, Nemesis
Console	: [03:26:22] [Server thread/INFO]: <Nemesis> oe
Console	: [03:26:33] [Server thread/INFO]: <Blasterg> mjug
Console	: [03:26:43] [Server thread/INFO]: <Nemesis> tas minando_
Console	: [03:26:47] [Server thread/INFO]: <Blasterg> se
Console	: [03:28:10] [Server thread/INFO]: <Nemesis> njd
Console	: [03:30:08] [Server thread/INFO]: [Server] This server is running McMyAdmin Personal v2.5.4.0
Console	: [03:30:08] [Server thread/INFO]: [Server] Saving world data. Expect lag for a short while.
Console	: [03:30:08] [Server thread/INFO]: Saving...
Console	: [03:30:08] [Server thread/INFO]: Saved the world
Console	: [03:30:08] [Server thread/INFO]: [Server] Save Complete
Console	: [03:33:45] [Server thread/INFO]: [Nemesis: Teleported Nemesis to Blasterg]
Console	: [03:34:50] [Server thread/INFO]: <Blasterg> estem
Console	: [03:34:53] [Server thread/INFO]: <Blasterg> veni
Console	: [03:35:14] [Server thread/INFO]: <Nemesis> agarralos los picamos en la casa
Console	: [03:35:17] [Server thread/INFO]: <Blasterg> solo 6 me dio
Console	: [03:35:33] [Server thread/INFO]: <Nemesis> son los bloques es q ando toque de seda
Console	: [03:35:38] [Server thread/INFO]: <Nemesis> en la casa tengo el de suyerte
Console	: [03:36:03] [Server thread/INFO]: <Blasterg> oks
Console	: [03:38:24] [Server thread/INFO]: <Nemesis> ideay hp
Console	: [03:44:08] [Server thread/INFO]: There are 2/5 players online:
Console	: [03:44:08] [Server thread/INFO]: Blasterg, Nemesis
Console	: [03:44:37] [Server thread/INFO]: [Nemesis: Teleported Nemesis to Blasterg]
Console	: [03:44:59] [Server thread/INFO]: <Blasterg> ....
Console	: [03:45:08] [Server thread/INFO]: [Server] Saving world data. Expect lag for a short while.
Console	: [03:45:08] [Server thread/INFO]: Saving...
Console	: [03:45:08] [Server thread/INFO]: Saved the world
Console	: [03:45:08] [Server thread/INFO]: [Server] Save Complete
Console	: [03:45:08] [Server thread/INFO]: [Server] Notice: Server restarting in 15 minutes.
Console	: [03:45:53] [Server thread/INFO]: <Blasterg> yo buscando como salir de este laberinto hp
Console	: [03:46:25] [Server thread/INFO]: <Nemesis> yo se donde esta la salida xD
Console	: [03:46:57] [Server thread/INFO]: <Blasterg> es tu hueco
Console	: [03:47:06] [Server thread/INFO]: <Blasterg> es obvio q lo conoces bien
Console	: [03:48:48] [Server thread/INFO]: <Blasterg> por fin sali
Console	: [03:48:55] [Server thread/INFO]: <Blasterg> y es de noche
Console	: [03:48:57] [Server thread/INFO]: <Blasterg> lol
Console	: [03:49:34] [Server thread/INFO]: Blasterg was slain by Enderman
Console	: [03:49:38] [Server thread/INFO]: <Nemesis> ajajajajajajajajajaa
Console	: [03:50:28] [Server thread/INFO]: <Blasterg> q mierda maje
Console	: [03:50:38] [Server thread/INFO]: <Blasterg> perdi todas mis cosas
Console	: [03:50:50] [Server thread/INFO]: <Blasterg> ni me dejo ver las coordenadas esta shit
Console	: [03:51:06] [Server thread/INFO]: <Nemesis> estabas lejos?
Console	: [03:51:11] [Server thread/INFO]: <Blasterg> dame las coordenadas de donde estas
Console	: [03:51:17] [Server thread/INFO]: <Nemesis> sigo en la mina
Console	: [03:51:24] [Server thread/INFO]: <Blasterg> donde hiciste tp hacia mi posicion
Console	: [03:51:27] [Server thread/INFO]: <Blasterg> damelas
Console	: [03:51:31] [Server thread/INFO]: <Nemesis> no salen
Console	: [03:51:38] [Server thread/INFO]: <Blasterg> F3
Console	: [03:51:43] [Server thread/INFO]: <Blasterg> apurate
Console	: [03:51:52] [Server thread/INFO]: <Nemesis> estoy super lejos de donde estaba loco
Console	: [03:51:58] [Server thread/INFO]: <Blasterg> vale verga
Console	: [03:52:04] [Server thread/INFO]: <Blasterg> decimelas
Console	: [03:52:06] [Server thread/INFO]: <Nemesis> -722 15 407
Console	: [03:53:41] [Server thread/INFO]: [Nemesis: Teleported Nemesis to Blasterg]
Console	: [03:55:08] [Server thread/INFO]: [Server] Notice: Server restarting in 5 minutes.
Console	: [03:59:08] [Server thread/INFO]: [Server] Notice: Server restarting in 1 minute.
Console	: [03:59:20] [Server thread/INFO]: [Nemesis: Teleported Nemesis to Blasterg]
Console	: [03:59:26] [Server thread/INFO]: <Nemesis> wtf
Console	: [03:59:35] [Server thread/WARN]: Can't keep up! Did the system time change, or is the server overloaded? Running 2177ms behind, skipping 43 tick(s)
Console	: [03:59:45] [Server thread/INFO]: <Blasterg> fuck this shit
Console	: [03:59:53] [Server thread/INFO]: Blasterg drowned
Console	: [04:00:08] [Server thread/INFO]: [Server] This server is running McMyAdmin Personal v2.5.4.0
Console	: [04:00:08] [Server thread/INFO]: [Server] Saving world data. Expect lag for a short while.
Console	: [04:00:08] [Server thread/INFO]: Saving...
Console	: [04:00:08] [Server thread/INFO]: Saved the world
Console	: [04:00:08] [Server thread/INFO]: [Server] Save Complete
Console	: [04:00:08] [Server thread/INFO]: [Server] Automatic restart.
Console	: [04:00:08] [Server thread/INFO]: [Server] Server is restarting. World is being saved.
Console	: [04:00:08] [Server thread/INFO]: Blasterg lost connection: TextComponent{text='Server is restarting', siblings=[], style=Style{hasParent=false, color=null, bold=null, italic=null, underlined=null, obfuscated=null, clickEvent=null, hoverEvent=null, insertion=null}}
Console	: [04:00:08] [Server thread/INFO]: Blasterg left the game
Console	: [04:00:09] [Server thread/INFO]: Kicked Blasterg from the game: 'Server is restarting'
Console	: [04:00:09] [Server thread/INFO]: Nemesis lost connection: TextComponent{text='Server is restarting', siblings=[], style=Style{hasParent=false, color=null, bold=null, italic=null, underlined=null, obfuscated=null, clickEvent=null, hoverEvent=null, insertion=null}}
Console	: [04:00:09] [Server thread/INFO]: Nemesis left the game
Console	: [04:00:09] [Server thread/INFO]: Kicked Nemesis from the game: 'Server is restarting'
Console	: [04:00:09] [Server thread/INFO]: Saving is already turned on.
Console	: [04:00:09] [Server thread/INFO]: Saving...
Console	: [04:00:09] [Server thread/INFO]: Saved the world
Console	: [04:00:09] [Server thread/INFO]: Stopping the server
Console	: [04:00:09] [Server thread/INFO]: Stopping server
Console	: [04:00:09] [Server thread/INFO]: Saving players
Console	: [04:00:09] [Server thread/INFO]: Saving worlds
Console	: [04:00:09] [Server thread/INFO]: Saving chunks for level 'world'/Overworld
Console	: [04:00:09] [Server thread/INFO]: Saving chunks for level 'world'/Nether
Console	: [04:00:09] [Server thread/INFO]: Saving chunks for level 'world'/The End
Console	: [04:00:10] [Server Shutdown Thread/INFO]: Stopping server
Console	: [04:00:10] [Server Shutdown Thread/INFO]: Saving players
Console	: [04:00:10] [Server Shutdown Thread/INFO]: Saving worlds
Console	: [04:00:10] [Server Shutdown Thread/INFO]: Saving chunks for level 'world'/Overworld
Notice	: Minecraft server has stopped running.
Notice	: Server jar hash is ff01a4ec-844f-6466-5c22-2dce9471df66
Notice	: Starting Minecraft Server...
Console	: [04:00:17] [Server thread/INFO]: Starting minecraft server version 1.8.7
Console	: [04:00:17] [Server thread/INFO]: Loading properties
Console	: [04:00:17] [Server thread/INFO]: Default game type: SURVIVAL
Console	: [04:00:17] [Server thread/INFO]: Generating keypair
Console	: [04:00:18] [Server thread/INFO]: Starting Minecraft server on *:25565
Console	: [04:00:18] [Server thread/INFO]: Using epoll channel type
Console	: [04:00:18] [Server thread/WARN]: **** SERVER IS RUNNING IN OFFLINE/INSECURE MODE!
Console	: [04:00:18] [Server thread/WARN]: The server will make no attempt to authenticate usernames. Beware.
Console	: [04:00:18] [Server thread/WARN]: While this makes the game possible to play without internet access, it also opens up the ability for hackers to connect with any username they choose.
Console	: [04:00:18] [Server thread/WARN]: To change this, set "online-mode" to "true" in the server.properties file.
Console	: [04:00:18] [Server thread/INFO]: Preparing level "world"
Console	: [04:00:18] [Server thread/INFO]: Preparing start region for level 0
Console	: [04:00:19] [Server thread/INFO]: Preparing spawn area: 15%
Console	: [04:00:21] [Server thread/INFO]: Preparing spawn area: 56%
Console	: [04:00:21] [Server thread/INFO]: Done (3.165s)! For help, type "help" or "?"
Console	: [04:00:22] [Server thread/INFO]: Blasterg[/186.77.218.12:49748] logged in with entity id 398 at (-731.000481332443, 72.0, 486.7881879434308)
Console	: [04:00:22] [Server thread/INFO]: Blasterg joined the game
Console	: [04:00:22] [Server thread/INFO]: [Server] Welcome back, Blasterg
Console	: [04:00:22] [Server thread/INFO]: You whisper to Blasterg: Que hongo
Console	: [04:00:22] [Server thread/INFO]: Nemesis[/186.77.164.117:26927] logged in with entity id 456 at (210.47343264039603, 64.10408037809304, 208.12947566666458)
Console	: [04:00:23] [Server thread/INFO]: Nemesis joined the game
Console	: [04:00:23] [Server thread/INFO]: [Server] Welcome back, Nemesis
Console	: [04:00:23] [Server thread/INFO]: You whisper to Nemesis: Que hongo
Console	: [04:00:25] [Server thread/INFO]: Nemesis lost connection: TextComponent{text='You logged in from another location', siblings=[], style=Style{hasParent=false, color=null, bold=null, italic=null, underlined=null, obfuscated=null, clickEvent=null, hoverEvent=null, insertion=null}}
Console	: [04:00:25] [Server thread/INFO]: Nemesis left the game
Console	: [04:00:25] [Server thread/INFO]: Nemesis[/186.77.164.117:26928] logged in with entity id 604 at (210.47343264039603, 62.63408034948277, 208.12947566666458)
Console	: [04:00:25] [Server thread/INFO]: Nemesis joined the game
Console	: [04:00:25] [Server thread/INFO]: [Server] Welcome back, Nemesis
Console	: [04:00:25] [Server thread/INFO]: You whisper to Nemesis: Que hongo
Console	: [04:00:25] [Server thread/WARN]: Can't keep up! Did the system time change, or is the server overloaded? Running 2829ms behind, skipping 56 tick(s)
Console	: [04:00:52] [Server thread/INFO]: Nemesis lost connection: TextComponent{text='Disconnected', siblings=[], style=Style{hasParent=false, color=null, bold=null, italic=null, underlined=null, obfuscated=null, clickEvent=null, hoverEvent=null, insertion=null}}
Console	: [04:00:52] [Server thread/INFO]: Nemesis left the game
Console	: [04:00:55] [Server thread/INFO]: Nemesis[/186.77.164.117:26960] logged in with entity id 674 at (210.47343264039603, 62.63408034948277, 208.12947566666458)
Console	: [04:00:55] [Server thread/INFO]: Nemesis joined the game
Console	: [04:00:55] [Server thread/INFO]: [Server] Welcome back, Nemesis
Console	: [04:00:55] [Server thread/INFO]: You whisper to Nemesis: Que hongo
Console	: [04:01:10] [Server thread/INFO]: <Nemesis> loco si lo q perdiste no es nada
Console	: [04:01:12] [Server thread/INFO]: <Nemesis> lo q perdi yi
Console	: [04:01:14] [Server thread/INFO]: <Nemesis> nojodas
Console	: [04:01:25] [Server thread/INFO]: <Blasterg> jodas
Console	: [04:01:37] [Server thread/INFO]: <Blasterg> no tengo ni qk de herramientas
Console	: [04:01:43] [Server thread/INFO]: [Nemesis: Teleported Nemesis to Blasterg]
Console	: [04:01:53] [Server thread/INFO]: <Nemesis> x eso dejo todo cuando voy a minar
Console	: [04:02:53] [Server thread/INFO]: <Blasterg> 5 stacks de carbon q habia minado perdi
Console	: [04:02:56] [Server thread/INFO]: <Blasterg> :S
Console	: [04:03:03] [Server thread/INFO]: <Blasterg> algp
Console	: [04:03:14] [Server thread/INFO]: <Nemesis> solo necesitas 8 carbon para cocinar 1 stack de lo q sea
Console	: [04:03:20] [Server thread/INFO]: <Blasterg> me cago en la puta
Console	: [04:04:56] [Server thread/INFO]: <Nemesis> 31 diamantes
Notice	: Checking for updates...
Notice	: Checking for Minecraft Server updates...
Console	: [04:05:13] [Server thread/INFO]: <Blasterg> igual perdi los diamantes
Console	: [04:05:17] [Server thread/INFO]: <Blasterg> me cago en esos enderman
Console	: [04:05:41] [Server thread/INFO]: [Nemesis: Teleported Nemesis to Blasterg]
Console	: [04:05:57] [Server thread/INFO]: <Blasterg> ty
Console	: [04:06:03] [Server thread/INFO]: <Nemesis> hacete una armadura
Console	: [04:06:04] [Server thread/INFO]: <Blasterg> estaba cortando con las manos
Console	: [04:06:08] [Server thread/INFO]: <Nemesis> de hierro y encantala
Console	: [04:08:02] [Server thread/INFO]: <Nemesis> q te fakta
Console	: [04:08:15] [Server thread/INFO]: <Blasterg> madera
Console	: [04:08:28] [Server thread/INFO]: <Nemesis> para q
Console	: [04:08:30] [Server thread/INFO]: <Nemesis> queres madera
Console	: [04:09:03] [Server thread/INFO]: <Blasterg> para hacerme un palo y rascarme el culo
Console	: [04:09:09] [Server thread/INFO]: <Blasterg> okno
Console	: [04:09:19] [Server thread/INFO]: <Blasterg> pero necesito palos, antorchas
Console	: [04:09:32] [Server thread/INFO]: <Blasterg> y mas palos para las herramientas
Console	: [04:09:34] [Server thread/INFO]: [Nemesis: Teleported Nemesis to Blasterg]
Console	: [04:09:34] [Server thread/INFO]: <Blasterg> jodas
Console	: [04:09:37] [Server thread/INFO]: <Nemesis> toma
Console	: [04:09:46] [Server thread/INFO]: <Blasterg> ty
Console	: [04:09:51] [Server thread/INFO]: <Nemesis> q mas nitas
Console	: [04:11:48] [Server thread/INFO]: <Blasterg> se vino elver
Console	: [04:11:55] [Server thread/INFO]: <Blasterg> mmm carbon
Console	: [04:12:03] [Server thread/INFO]: <Blasterg> unos 3 stacks XD
Console	: [04:12:14] [Server thread/INFO]: <Nemesis> abajo en la mina hay
Console	: [04:12:16] [Server thread/INFO]: <Nemesis> creeo
Console	: [04:14:11] [Server thread/INFO]: <Blasterg> como se hacia el peto?
Console	: [04:14:17] [Server thread/INFO]: <Nemesis> 101
Console	: [04:14:18] [Server thread/INFO]: <Nemesis> 111
Console	: [04:14:19] [Server thread/INFO]: <Nemesis> 111
Console	: [04:14:33] [Server thread/INFO]: <Blasterg> ty
Console	: [04:15:08] [Server thread/INFO]: [Server] Saving world data. Expect lag for a short while.
Console	: [04:15:08] [Server thread/INFO]: Saving...
Console	: [04:15:08] [Server thread/INFO]: Saved the world
Console	: [04:15:08] [Server thread/INFO]: [Server] Save Complete
Console	: [04:15:24] [Server thread/INFO]: Blasterg has just earned the achievement [Time to Farm!]
Console	: [04:15:58] [Server thread/INFO]: <Nemesis> toy en la fabrica de exp
Console	: [04:16:13] [Server thread/INFO]: <Nemesis> necesito reponer lo q te di ahorita
Console	: [04:16:23] [Server thread/INFO]: <Nemesis> los 2 picos y las 2 achas
Console	: [04:16:30] [Server thread/INFO]: <Blasterg> necesito espada D:
Console	: [04:21:07] [Server thread/INFO]: <Blasterg> no hay carbon aqui tapudo
Console	: [04:22:20] [Server thread/INFO]: <Nemesis> ahi ta alan
Console	: [04:28:08] [Server thread/INFO]: There are 2/5 players online:
Console	: [04:28:08] [Server thread/INFO]: Blasterg, Nemesis
Console	: [04:29:06] [Server thread/INFO]: <Nemesis> alejate
Console	: [04:29:10] [Server thread/INFO]: <Nemesis> mas
Console	: [04:29:29] [Server thread/INFO]: <Blasterg> comparti hp
Console	: [04:29:37] [Server thread/INFO]: <Nemesis> nojodas si estaba afk como 15mn
Console	: [04:30:08] [Server thread/INFO]: [Server] This server is running McMyAdmin Personal v2.5.4.0
Console	: [04:30:08] [Server thread/INFO]: [Server] Saving world data. Expect lag for a short while.
Console	: [04:30:08] [Server thread/INFO]: Saving...
Console	: [04:30:08] [Server thread/INFO]: Saved the world
Console	: [04:30:08] [Server thread/INFO]: [Server] Save Complete
Console	: [04:30:12] [Server thread/INFO]: <Blasterg> cuanto te dio=
Console	: [04:30:19] [Server thread/INFO]: <Nemesis> 27 niveles
Console	: [04:31:11] [Server thread/INFO]: <Nemesis> andas pico_
Console	: [04:31:13] [Server thread/INFO]: <Nemesis> ?
Console	: [04:31:16] [Server thread/INFO]: <Blasterg> se
Console	: [04:31:42] [Server thread/INFO]: <Nemesis> no dejes nada
Console	: [04:33:43] [Server thread/WARN]: Nemesis moved wrongly!
Console	: [04:34:29] [Server thread/INFO]: <Nemesis> agarra eso
Console	: [04:34:47] [Server thread/INFO]: <Blasterg> ty
Console	: [04:35:21] [Server thread/INFO]: <Nemesis> diay
Console	: [04:35:25] [Server thread/INFO]: <Nemesis> te me llevaste el carro
Console	: [04:35:29] [Server thread/INFO]: <Nemesis> mandalo
Console	: [04:36:02] [Server thread/INFO]: <Nemesis> ajahajajajaajajaajajaj
Console	: [04:36:06] [Server thread/INFO]: <Blasterg> lel
Console	: [04:36:11] [Server thread/INFO]: <Nemesis> esa hp
Console	: [04:36:13] [Server thread/INFO]: <Nemesis> xD
Console	: [04:38:12] [Server thread/WARN]: Blasterg moved wrongly!
Console	: [04:38:13] [Server thread/WARN]: Blasterg moved wrongly!
Console	: [04:40:06] [Server thread/INFO]: [Nemesis: Teleported Nemesis to Blasterg]
Console	: [04:41:53] [Server thread/INFO]: <Blasterg> se serio
Console	: [04:41:59] [Server thread/INFO]: <Blasterg> casi me matas
Console	: [04:42:04] [Server thread/INFO]: <Nemesis> fue la kira
Console	: [04:42:35] [Server thread/INFO]: <Nemesis> wtf
Console	: [04:42:42] [Server thread/INFO]: <Nemesis> vos mataste las vacas_
Console	: [04:42:54] [Server thread/INFO]: <Blasterg> se
Console	: [04:42:57] [Server thread/INFO]: <Nemesis> imbecil
Console	: [04:43:11] [Server thread/INFO]: <Blasterg> deje 2
Console	: [04:43:13] [Server thread/INFO]: <Nemesis> ahi hay carne cocinada no mates las mierdas
Console	: [04:43:24] [Server thread/INFO]: <Blasterg> jodas
Console	: [04:43:30] [Server thread/INFO]: <Blasterg> como q no se reproducen
Console	: [04:43:41] [Server thread/INFO]: <Blasterg> me imagine q ibas a llorar
Console	: [04:43:43] [Server thread/INFO]: <Nemesis> pero ahi hay carne ya
Console	: [04:43:53] [Server thread/INFO]: <Blasterg> pues yo no se donde esta
Console	: [04:43:55] [Server thread/INFO]: <Nemesis> tarda mas en reprodcir si son 2
Console	: [04:45:08] [Server thread/INFO]: [Server] Saving world data. Expect lag for a short while.
Console	: [04:45:08] [Server thread/INFO]: Saving...
Console	: [04:45:08] [Server thread/INFO]: Saved the world
Console	: [04:45:08] [Server thread/INFO]: [Server] Save Complete
Console	: [04:48:30] [Server thread/INFO]: <Nemesis> hay un ender afuera
Console	: [04:48:32] [Server thread/INFO]: <Blasterg> loco
Console	: [04:48:43] [Server thread/INFO]: <Blasterg> te agarre algunos stacks de mineral
Console	: [04:48:49] [Server thread/INFO]: <Nemesis> mineral_
Console	: [04:48:52] [Server thread/INFO]: <Nemesis> mineral de q
Console	: [04:49:00] [Server thread/INFO]: <Blasterg> ese
Console	: [04:49:14] [Server thread/INFO]: <Nemesis> de q habla
Console	: [04:49:26] [Server thread/INFO]: <Blasterg> donde esta la comida?
Console	: [04:49:36] [Server thread/INFO]: <Nemesis> agarra esas papas
Console	: [04:49:39] [Server thread/INFO]: <Nemesis> atras
Console	: [04:49:54] [Server thread/INFO]: <Blasterg> queria carne
Console	: [04:49:57] [Server thread/INFO]: <Nemesis> no
Console	: [04:50:06] [Server thread/INFO]: <Blasterg> papas yo las produzco en mi choza
Console	: [04:50:31] [Server thread/INFO]: <Blasterg> para q usas los cactus?
Console	: [04:50:45] [Server thread/INFO]: <Nemesis> tinte
Console	: [04:51:02] [Server thread/INFO]: <Blasterg> para?
Console	: [04:52:19] [Server thread/INFO]: [Nemesis: Teleported Nemesis to Blasterg]
Console	: [04:52:35] [Server thread/INFO]: <Nemesis> brasil
Console	: [04:52:37] [Server thread/INFO]: <Blasterg> ahhhhhh
Console	: [04:52:57] [Server thread/INFO]: <Nemesis> damelo xD
Console	: [04:52:57] [Server thread/INFO]: <Blasterg> ya habia leido sobre esas banderas
Console	: [04:53:01] [Server thread/INFO]: <Blasterg> en la wiki
Console	: [04:53:30] [Server thread/INFO]: <Blasterg> me vas a joder la puerta hp
Console	: [04:55:34] [Server thread/WARN]: Blasterg moved wrongly!
Console	: [04:56:12] [Server thread/INFO]: <Nemesis> damelo xD
Console	: [04:56:14] [Server thread/INFO]: [Nemesis: Teleported Nemesis to Blasterg]
Console	: [04:56:41] [Server thread/INFO]: <Blasterg> q?
Console	: [04:56:48] [Server thread/INFO]: <Nemesis> q deq
Console	: [04:57:09] [Server thread/INFO]: <Blasterg> me pusiste damelo
Console	: [04:57:19] [Server thread/INFO]: <Blasterg> q haces?
Console	: [04:57:40] [Server thread/INFO]: <Nemesis> hare otra casa
Console	: [04:57:43] [Server thread/INFO]: <Nemesis> no me gusta esta
Console	: [04:57:54] [Server thread/INFO]: <Blasterg> ._.
Console	: [04:58:44] [Server thread/INFO]: <Blasterg> y ese vidrio oscuro?
Console	: [05:00:08] [Server thread/INFO]: [Server] This server is running McMyAdmin Personal v2.5.4.0
Console	: [05:00:08] [Server thread/INFO]: [Server] Saving world data. Expect lag for a short while.
Console	: [05:00:08] [Server thread/INFO]: Saving...
Console	: [05:00:08] [Server thread/INFO]: Saved the world
Console	: [05:00:08] [Server thread/INFO]: [Server] Save Complete
Console	: [05:00:17] [Server thread/INFO]: <Blasterg> maje vos si sos pajista
Console	: [05:00:29] [Server thread/INFO]: <Nemesis> xq
Console	: [05:01:30] [Server thread/INFO]: <Blasterg> puedo destruir todo?
Console	: [05:01:40] [Server thread/INFO]: <Nemesis> se serio
Console	: [05:01:44] [Server thread/INFO]: <Nemesis> abaj ono
Console	: [05:01:51] [Server thread/INFO]: <Nemesis> maldito
Console	: [05:01:55] [Server thread/INFO]: <Nemesis> porq no usas la puerta
Console	: [05:02:19] [Server thread/INFO]: <Blasterg> q puerta?
Console	: [05:02:21] [Server thread/INFO]: <Blasterg> jodas
Console	: [05:02:29] [Server thread/INFO]: <Blasterg> si se nota q bajaron un mapa XD
Console	: [05:02:40] [Server thread/INFO]: <Blasterg> toda esta mierda no la hicieron ustedes
Console	: [05:02:42] [Server thread/INFO]: <Nemesis> ?
Console	: [05:02:49] [Server thread/INFO]: <Nemesis> q mierda hablas
Console	: [05:03:04] [Server thread/INFO]: <Nemesis> esta sala?
Console	: [05:03:05] [Server thread/INFO]: <Blasterg> cambiando de tema, sobre las casas
Console	: [05:04:40] [Server thread/INFO]: <Nemesis> no rompas las mierdas
Console	: [05:05:36] [Server thread/INFO]: <Blasterg> me jalo maje
Console	: [05:05:39] [Server thread/INFO]: <Blasterg> nites
Console	: [05:05:44] [Server thread/INFO]: <Nemesis> dale loco
Console	: [05:05:45] [Server thread/INFO]: <Blasterg> ta aburrida esta mierda
Console	: [05:05:59] [Server thread/INFO]: Blasterg lost connection: TextComponent{text='Disconnected', siblings=[], style=Style{hasParent=false, color=null, bold=null, italic=null, underlined=null, obfuscated=null, clickEvent=null, hoverEvent=null, insertion=null}}
Console	: [05:05:59] [Server thread/INFO]: Blasterg left the game
Console	: [05:08:53] [Server thread/INFO]: Nemesis lost connection: TextComponent{text='Disconnected', siblings=[], style=Style{hasParent=false, color=null, bold=null, italic=null, underlined=null, obfuscated=null, clickEvent=null, hoverEvent=null, insertion=null}}
Console	: [05:08:53] [Server thread/INFO]: Nemesis left the game
Console	: [05:13:08] [Server thread/INFO]: [Server] Server shutting down immediately. World is being saved. Entering sleep state
Console	: [05:13:08] [Server thread/INFO]: Saving is already turned on.
Console	: [05:13:08] [Server thread/INFO]: Saving...
Console	: [05:13:09] [Server thread/INFO]: Saved the world
Console	: [05:13:09] [Server thread/INFO]: Stopping the server
Console	: [05:13:09] [Server thread/INFO]: Stopping server
Console	: [05:13:09] [Server thread/INFO]: Saving players
Console	: [05:13:09] [Server thread/INFO]: Saving worlds
Console	: [05:13:09] [Server thread/INFO]: Saving chunks for level 'world'/Overworld
Console	: [05:13:09] [Server thread/INFO]: Saving chunks for level 'world'/Nether
Console	: [05:13:09] [Server thread/INFO]: Saving chunks for level 'world'/The End
Notice	: Minecraft server has stopped running.
Notice	: Server is now sleeping...
