Notice	: Detecting System...
Notice	: No virtualized environment detected.
Notice	: Linux Distribution: Ubuntu
Notice	: Detection complete.
Notice	: Detected Java runtime version 1.8.0
Error	: McMyAdmin was not shut down properly!
Error	: To avoid potential data loss, please perform /quit on this console.
Error	: Startup will resume in 5 seconds...
Notice	: Starting McMyAdmin Personal v2.5.4.0
Notice	: Checking for updates...
Notice	: Starting webserver...
Notice	: Checking for Minecraft Server updates...
Notice	: McMyAdmin has started and is ready for use.
Notice	: Server jar hash is ff01a4ec-844f-6466-5c22-2dce9471df66
Notice	: Starting Minecraft Server...
Console	: [22:41:02] [Server thread/INFO]: Starting minecraft server version 1.8.7
Console	: [22:41:02] [Server thread/INFO]: Loading properties
Console	: [22:41:02] [Server thread/INFO]: Default game type: SURVIVAL
Console	: [22:41:02] [Server thread/INFO]: Generating keypair
Console	: [22:41:03] [Server thread/INFO]: Starting Minecraft server on *:25565
Console	: [22:41:03] [Server thread/INFO]: Using epoll channel type
Console	: Jul 25, 2015 10:41:06 PM io.netty.util.internal.ThreadLocalRandom getInitialSeedUniquifier
Console	: WARNING: Failed to generate a seed from SecureRandom within 3 seconds. Not enough entrophy?
Console	: [22:41:06] [Server thread/WARN]: **** SERVER IS RUNNING IN OFFLINE/INSECURE MODE!
Console	: [22:41:06] [Server thread/WARN]: The server will make no attempt to authenticate usernames. Beware.
Console	: [22:41:06] [Server thread/WARN]: While this makes the game possible to play without internet access, it also opens up the ability for hackers to connect with any username they choose.
Console	: [22:41:06] [Server thread/WARN]: To change this, set "online-mode" to "true" in the server.properties file.
Console	: [22:41:06] [Server thread/INFO]: Preparing level "world"
Console	: [22:41:06] [Server thread/INFO]: Preparing start region for level 0
Console	: [22:41:07] [Server thread/INFO]: Preparing spawn area: 26%
Console	: [22:41:08] [Server thread/INFO]: Preparing spawn area: 67%
Console	: [22:41:09] [Server thread/INFO]: Done (2.873s)! For help, type "help" or "?"
Console	: [22:42:12] [Server thread/INFO]: caplaw[/190.181.157.5:61159] logged in with entity id 352 at (27.96854276839275, 77.0, 265.4060047946049)
Console	: [22:42:12] [Server thread/INFO]: caplaw joined the game
Console	: [22:42:12] [Server thread/INFO]: [Server] Welcome back, caplaw
Console	: [22:42:12] [Server thread/INFO]: You whisper to caplaw: Que hongo
Console	: [22:43:03] [Server thread/INFO]: caplaw has just earned the achievement [Getting Wood]
Console	: [22:43:34] [Server thread/INFO]: caplaw lost connection: TextComponent{text='Disconnected', siblings=[], style=Style{hasParent=false, color=null, bold=null, italic=null, underlined=null, obfuscated=null, clickEvent=null, hoverEvent=null, insertion=null}}
Console	: [22:43:34] [Server thread/INFO]: caplaw left the game
Console	: [22:43:47] [Server thread/INFO]: caplaw[/190.181.157.5:61226] logged in with entity id 539 at (47.006960715163025, 82.0, 273.00211450384006)
Console	: [22:43:47] [Server thread/INFO]: caplaw joined the game
Console	: [22:43:47] [Server thread/INFO]: [Server] Welcome back, caplaw
Console	: [22:43:47] [Server thread/INFO]: You whisper to caplaw: Que hongo
Console	: [22:45:04] [Server thread/INFO]: [Server] Saving world data. Expect lag for a short while.
Console	: [22:45:04] [Server thread/INFO]: Saving...
Console	: [22:45:04] [Server thread/INFO]: Saved the world
Console	: [22:45:04] [Server thread/INFO]: [Server] Save Complete
Console	: [22:45:33] [Server thread/INFO]: caplaw lost connection: TextComponent{text='Disconnected', siblings=[], style=Style{hasParent=false, color=null, bold=null, italic=null, underlined=null, obfuscated=null, clickEvent=null, hoverEvent=null, insertion=null}}
Console	: [22:45:33] [Server thread/INFO]: caplaw left the game
Console	: [22:50:04] [Server thread/INFO]: [Server] Server shutting down immediately. World is being saved. Entering sleep state
Console	: [22:50:04] [Server thread/INFO]: Saving is already turned on.
Console	: [22:50:04] [Server thread/INFO]: Saving...
Console	: [22:50:04] [Server thread/INFO]: Saved the world
Console	: [22:50:04] [Server thread/INFO]: Stopping the server
Console	: [22:50:04] [Server thread/INFO]: Stopping server
Console	: [22:50:04] [Server thread/INFO]: Saving players
Console	: [22:50:04] [Server thread/INFO]: Saving worlds
Console	: [22:50:04] [Server thread/INFO]: Saving chunks for level 'world'/Overworld
Console	: [22:50:04] [Server thread/INFO]: Saving chunks for level 'world'/Nether
Console	: [22:50:04] [Server thread/INFO]: Saving chunks for level 'world'/The End
Notice	: Minecraft server has stopped running.
Notice	: Server is now sleeping...
Notice	: Server is no longer sleeping.
Notice	: Server jar hash is ff01a4ec-844f-6466-5c22-2dce9471df66
Notice	: Starting Minecraft Server...
Console	: [23:34:35] [Server thread/INFO]: Starting minecraft server version 1.8.7
Console	: [23:34:35] [Server thread/INFO]: Loading properties
Console	: [23:34:35] [Server thread/INFO]: Default game type: SURVIVAL
Console	: [23:34:35] [Server thread/INFO]: Generating keypair
Console	: [23:34:35] [Server thread/INFO]: Starting Minecraft server on *:25565
Console	: [23:34:35] [Server thread/INFO]: Using epoll channel type
Console	: [23:34:35] [Server thread/WARN]: **** SERVER IS RUNNING IN OFFLINE/INSECURE MODE!
Console	: [23:34:35] [Server thread/WARN]: The server will make no attempt to authenticate usernames. Beware.
Console	: [23:34:35] [Server thread/WARN]: While this makes the game possible to play without internet access, it also opens up the ability for hackers to connect with any username they choose.
Console	: [23:34:35] [Server thread/WARN]: To change this, set "online-mode" to "true" in the server.properties file.
Console	: [23:34:36] [Server thread/INFO]: Preparing level "world"
Console	: [23:34:36] [Server thread/INFO]: Preparing start region for level 0
Console	: [23:34:37] [Server thread/INFO]: Preparing spawn area: 26%
Console	: [23:34:38] [Server thread/INFO]: Preparing spawn area: 77%
Console	: [23:34:38] [Server thread/INFO]: Done (2.632s)! For help, type "help" or "?"
Console	: [23:36:07] [Server thread/INFO]: [Server] Server shutting down immediately. World is being saved.
Console	: [23:36:07] [Server thread/INFO]: Saving is already turned on.
Console	: [23:36:07] [Server thread/INFO]: Saving...
Console	: [23:36:07] [Server thread/INFO]: Saved the world
Console	: [23:36:07] [Server thread/INFO]: Stopping the server
Console	: [23:36:08] [Server thread/INFO]: Stopping server
Console	: [23:36:08] [Server thread/INFO]: Saving players
Console	: [23:36:08] [Server thread/INFO]: Saving worlds
Console	: [23:36:08] [Server thread/INFO]: Saving chunks for level 'world'/Overworld
Console	: [23:36:08] [Server thread/INFO]: Saving chunks for level 'world'/Nether
Console	: [23:36:08] [Server thread/INFO]: Saving chunks for level 'world'/The End
Notice	: Minecraft server has stopped running.
Notice	: Server jar hash is ff01a4ec-844f-6466-5c22-2dce9471df66
Notice	: Starting Minecraft Server...
Console	: [00:02:04] [Server thread/INFO]: Starting minecraft server version 1.8.7
Console	: [00:02:04] [Server thread/INFO]: Loading properties
Console	: [00:02:04] [Server thread/INFO]: Default game type: SURVIVAL
Console	: [00:02:04] [Server thread/INFO]: Generating keypair
Console	: [00:02:04] [Server thread/INFO]: Starting Minecraft server on *:25565
Console	: [00:02:05] [Server thread/INFO]: Using epoll channel type
Console	: [00:02:05] [Server thread/WARN]: **** SERVER IS RUNNING IN OFFLINE/INSECURE MODE!
Console	: [00:02:05] [Server thread/WARN]: The server will make no attempt to authenticate usernames. Beware.
Console	: [00:02:05] [Server thread/WARN]: While this makes the game possible to play without internet access, it also opens up the ability for hackers to connect with any username they choose.
Console	: [00:02:05] [Server thread/WARN]: To change this, set "online-mode" to "true" in the server.properties file.
Console	: [00:02:05] [Server thread/INFO]: Preparing level "world"
Console	: [00:02:05] [Server thread/INFO]: Preparing start region for level 0
Console	: [00:02:06] [Server thread/INFO]: Preparing spawn area: 22%
Console	: [00:02:07] [Server thread/INFO]: Preparing spawn area: 58%
Console	: [00:02:08] [Server thread/INFO]: Preparing spawn area: 89%
Console	: [00:02:08] [Server thread/INFO]: Done (3.361s)! For help, type "help" or "?"
Console	: [00:05:04] [Server thread/INFO]: [Server] Server shutting down immediately. World is being saved. Entering sleep state
Console	: [00:05:04] [Server thread/INFO]: Saving is already turned on.
Console	: [00:05:04] [Server thread/INFO]: Saving...
Console	: [00:05:04] [Server thread/INFO]: Saved the world
Console	: [00:05:04] [Server thread/INFO]: Stopping the server
Console	: [00:05:04] [Server thread/INFO]: Stopping server
Console	: [00:05:04] [Server thread/INFO]: Saving players
Console	: [00:05:04] [Server thread/INFO]: Saving worlds
Console	: [00:05:04] [Server thread/INFO]: Saving chunks for level 'world'/Overworld
Console	: [00:05:04] [Server thread/INFO]: Saving chunks for level 'world'/Nether
Console	: [00:05:04] [Server thread/INFO]: Saving chunks for level 'world'/The End
Notice	: Minecraft server has stopped running.
Notice	: Server is now sleeping...
Notice	: Server is no longer sleeping.
Notice	: Server is no longer sleeping.
Notice	: Server jar hash is ff01a4ec-844f-6466-5c22-2dce9471df66
Notice	: Starting Minecraft Server...
Console	: [00:19:41] [Server thread/INFO]: Starting minecraft server version 1.8.7
Console	: [00:19:41] [Server thread/INFO]: Loading properties
Console	: [00:19:41] [Server thread/INFO]: Default game type: SURVIVAL
Console	: [00:19:41] [Server thread/INFO]: Generating keypair
Console	: [00:19:41] [Server thread/INFO]: Starting Minecraft server on *:25565
Console	: [00:19:41] [Server thread/INFO]: Using epoll channel type
Console	: [00:19:41] [Server thread/WARN]: **** SERVER IS RUNNING IN OFFLINE/INSECURE MODE!
Console	: [00:19:41] [Server thread/WARN]: The server will make no attempt to authenticate usernames. Beware.
Console	: [00:19:41] [Server thread/WARN]: While this makes the game possible to play without internet access, it also opens up the ability for hackers to connect with any username they choose.
Console	: [00:19:41] [Server thread/WARN]: To change this, set "online-mode" to "true" in the server.properties file.
Console	: [00:19:42] [Server thread/INFO]: Preparing level "world"
Console	: [00:19:42] [Server thread/INFO]: Preparing start region for level 0
Console	: [00:19:43] [Server thread/INFO]: Preparing spawn area: 22%
Console	: [00:19:44] [Server thread/INFO]: Preparing spawn area: 61%
Console	: [00:19:45] [Server thread/INFO]: Done (3.020s)! For help, type "help" or "?"
Console	: [00:19:48] [Server thread/INFO]: caplaw[/190.181.157.5:3775] logged in with entity id 351 at (25.588060694625753, 76.0, 272.556587882273)
Console	: [00:19:48] [Server thread/INFO]: caplaw joined the game
Console	: [00:19:48] [Server thread/INFO]: [Server] Welcome back, caplaw
Console	: [00:19:48] [Server thread/INFO]: You whisper to caplaw: Que hongo
Console	: [00:22:46] [Server thread/INFO]: caplaw was slain by Zombie
Console	: [00:23:03] [Server thread/INFO]: <caplaw> me
Console	: [00:23:11] [Server thread/INFO]: <caplaw> kill
Console	: [00:23:13] [Server thread/INFO]: <caplaw> kill
Console	: [00:24:10] [Server thread/INFO]: [Server] kill caplaw
Console	: [00:24:29] [Server thread/INFO]: <caplaw> kill
Console	: [00:24:36] [Server thread/INFO]: <caplaw> kill me
Console	: [00:25:31] [Server thread/INFO]: caplaw lost connection: TextComponent{text='Disconnected', siblings=[], style=Style{hasParent=false, color=null, bold=null, italic=null, underlined=null, obfuscated=null, clickEvent=null, hoverEvent=null, insertion=null}}
Console	: [00:25:31] [Server thread/INFO]: caplaw left the game
Console	: [00:25:36] [Server thread/INFO]: caplaw[/190.181.157.5:4112] logged in with entity id 2411 at (20.585077757743417, 79.0, 255.69999998807907)
Console	: [00:25:36] [Server thread/INFO]: caplaw joined the game
Console	: [00:25:36] [Server thread/INFO]: [Server] Welcome back, caplaw
Console	: [00:25:36] [Server thread/INFO]: You whisper to caplaw: Que hongo
Console	: [00:30:04] [Server thread/INFO]: [Server] This server is running McMyAdmin Personal v2.5.4.0
Console	: [00:30:04] [Server thread/INFO]: [Server] Saving world data. Expect lag for a short while.
Console	: [00:30:04] [Server thread/INFO]: Saving...
Console	: [00:30:04] [Server thread/INFO]: Saved the world
Console	: [00:30:04] [Server thread/INFO]: [Server] Save Complete
Console	: [00:30:50] [Server thread/INFO]: Unknown command. Try /help for a list of commands
Console	: [00:32:52] [Server thread/INFO]: Unknown command. Try /help for a list of commands
Console	: [00:33:27] [Server thread/INFO]: caplaw fell out of the world
Console	: [00:33:27] [Server thread/INFO]: Killed caplaw
Console	: [00:34:56] [Server thread/INFO]: [Server] Server is restarting. World is being saved.
Console	: [00:34:56] [Server thread/INFO]: caplaw lost connection: TextComponent{text='Server is restarting', siblings=[], style=Style{hasParent=false, color=null, bold=null, italic=null, underlined=null, obfuscated=null, clickEvent=null, hoverEvent=null, insertion=null}}
Console	: [00:34:56] [Server thread/INFO]: caplaw left the game
Console	: [00:34:56] [Server thread/INFO]: Kicked caplaw from the game: 'Server is restarting'
Console	: [00:34:56] [Server thread/WARN]: handleDisconnection() called twice
Console	: [00:34:56] [Server thread/INFO]: Saving is already turned on.
Console	: [00:34:56] [Server thread/INFO]: Saving...
Console	: [00:34:56] [Server thread/INFO]: Saved the world
Console	: [00:34:56] [Server thread/INFO]: Stopping the server
Console	: [00:34:56] [Server thread/INFO]: Stopping server
Console	: [00:34:56] [Server thread/INFO]: Saving players
Console	: [00:34:56] [Server thread/INFO]: Saving worlds
Console	: [00:34:56] [Server thread/INFO]: Saving chunks for level 'world'/Overworld
Console	: [00:34:56] [Server thread/INFO]: Saving chunks for level 'world'/Nether
Console	: [00:34:56] [Server thread/INFO]: Saving chunks for level 'world'/The End
Notice	: Minecraft server has stopped running.
Notice	: Server jar hash is ff01a4ec-844f-6466-5c22-2dce9471df66
Notice	: Starting Minecraft Server...
Console	: [00:35:05] [Server thread/INFO]: Starting minecraft server version 1.8.7
Console	: [00:35:05] [Server thread/INFO]: Loading properties
Console	: [00:35:05] [Server thread/INFO]: Default game type: SURVIVAL
Console	: [00:35:05] [Server thread/INFO]: Generating keypair
Console	: [00:35:06] [Server thread/INFO]: Starting Minecraft server on *:25565
Console	: [00:35:06] [Server thread/INFO]: Using epoll channel type
Console	: [00:35:06] [Server thread/WARN]: **** SERVER IS RUNNING IN OFFLINE/INSECURE MODE!
Console	: [00:35:06] [Server thread/WARN]: The server will make no attempt to authenticate usernames. Beware.
Console	: [00:35:06] [Server thread/WARN]: While this makes the game possible to play without internet access, it also opens up the ability for hackers to connect with any username they choose.
Console	: [00:35:06] [Server thread/WARN]: To change this, set "online-mode" to "true" in the server.properties file.
Console	: [00:35:06] [Server thread/INFO]: Preparing level "world"
Console	: [00:35:06] [Server thread/INFO]: Preparing start region for level 0
Console	: [00:35:07] [Server thread/INFO]: Preparing spawn area: 28%
Console	: [00:35:08] [Server thread/INFO]: Preparing spawn area: 78%
Console	: [00:35:09] [Server thread/INFO]: Done (2.516s)! For help, type "help" or "?"
Console	: [00:35:13] [Server thread/INFO]: caplaw[/190.181.157.5:4779] logged in with entity id 357 at (34.77591367118832, 78.0, 257.3341712728768)
Console	: [00:35:13] [Server thread/INFO]: caplaw joined the game
Console	: [00:35:13] [Server thread/INFO]: [Server] Welcome back, caplaw
Console	: [00:35:14] [Server thread/INFO]: You whisper to caplaw: Que hongo
Console	: [00:36:20] [Server thread/INFO]: Opped caplaw
Console	: [00:36:26] [Server thread/INFO]: caplaw fell out of the world
Console	: [00:36:26] [Server thread/INFO]: [caplaw: Killed caplaw]
Console	: [00:37:36] [Server thread/INFO]: [caplaw: Set the world spawn point to (-11, 67, 217)]
Console	: [00:37:49] [Server thread/INFO]: [caplaw: Set the world spawn point to (-10, 68, 218)]
Console	: [00:41:30] [Server thread/INFO]: caplaw lost connection: TextComponent{text='Disconnected', siblings=[], style=Style{hasParent=false, color=null, bold=null, italic=null, underlined=null, obfuscated=null, clickEvent=null, hoverEvent=null, insertion=null}}
Console	: [00:41:30] [Server thread/INFO]: caplaw left the game
Console	: [00:45:04] [Server thread/INFO]: [Server] Saving world data. Expect lag for a short while.
Console	: [00:45:04] [Server thread/INFO]: Saving...
Console	: [00:45:04] [Server thread/INFO]: Saved the world
Console	: [00:45:04] [Server thread/INFO]: [Server] Save Complete
Console	: [00:46:04] [Server thread/INFO]: [Server] Server shutting down immediately. World is being saved. Entering sleep state
Console	: [00:46:04] [Server thread/INFO]: Saving is already turned on.
Console	: [00:46:04] [Server thread/INFO]: Saving...
Console	: [00:46:04] [Server thread/INFO]: Saved the world
Console	: [00:46:04] [Server thread/INFO]: Stopping the server
Console	: [00:46:04] [Server thread/INFO]: Stopping server
Console	: [00:46:04] [Server thread/INFO]: Saving players
Console	: [00:46:04] [Server thread/INFO]: Saving worlds
Console	: [00:46:04] [Server thread/INFO]: Saving chunks for level 'world'/Overworld
Console	: [00:46:04] [Server thread/INFO]: Saving chunks for level 'world'/Nether
Console	: [00:46:04] [Server thread/INFO]: Saving chunks for level 'world'/The End
Notice	: Minecraft server has stopped running.
Notice	: Server is now sleeping...
Notice	: Server is no longer sleeping.
Notice	: Server is no longer sleeping.
Notice	: Server jar hash is ff01a4ec-844f-6466-5c22-2dce9471df66
Notice	: Starting Minecraft Server...
Console	: [08:14:10] [Server thread/INFO]: Starting minecraft server version 1.8.7
Console	: [08:14:10] [Server thread/INFO]: Loading properties
Console	: [08:14:10] [Server thread/INFO]: Default game type: SURVIVAL
Console	: [08:14:10] [Server thread/INFO]: Generating keypair
Console	: [08:14:11] [Server thread/INFO]: Starting Minecraft server on *:25565
Console	: [08:14:11] [Server thread/INFO]: Using epoll channel type
Console	: [08:14:11] [Server thread/WARN]: **** SERVER IS RUNNING IN OFFLINE/INSECURE MODE!
Console	: [08:14:11] [Server thread/WARN]: The server will make no attempt to authenticate usernames. Beware.
Console	: [08:14:11] [Server thread/WARN]: While this makes the game possible to play without internet access, it also opens up the ability for hackers to connect with any username they choose.
Console	: [08:14:11] [Server thread/WARN]: To change this, set "online-mode" to "true" in the server.properties file.
Console	: [08:14:11] [Server thread/INFO]: Preparing level "world"
Console	: [08:14:11] [Server thread/INFO]: Preparing start region for level 0
Console	: [08:14:12] [Server thread/INFO]: Preparing spawn area: 3%
Console	: [08:14:14] [Server thread/INFO]: Preparing spawn area: 6%
Console	: [08:14:15] [Server thread/INFO]: Preparing spawn area: 9%
Console	: [08:14:16] [Server thread/INFO]: Preparing spawn area: 21%
Console	: [08:14:17] [Server thread/INFO]: Preparing spawn area: 41%
Console	: [08:14:18] [Server thread/INFO]: Preparing spawn area: 56%
Console	: [08:14:19] [Server thread/INFO]: Preparing spawn area: 80%
Console	: [08:14:19] [Server thread/INFO]: Done (7.856s)! For help, type "help" or "?"
Warning : Unable to get protocol version. Sleep mode will be unavailable.
Console	: [08:14:19] [Server thread/INFO]: caplaw[/190.181.183.106:6390] logged in with entity id 324 at (-12.69999998807906, 68.0, 222.69999998807907)
Console	: [08:14:19] [Server thread/INFO]: caplaw joined the game
Console	: [08:14:20] [Server thread/INFO]: [Server] Welcome back, caplaw
Console	: [08:14:20] [Server thread/INFO]: You whisper to caplaw: Que hongo
Console	: [08:15:04] [Server thread/INFO]: [Server] Saving world data. Expect lag for a short while.
Console	: [08:15:04] [Server thread/INFO]: Saving...
Console	: [08:15:05] [Server thread/INFO]: Saved the world
Console	: [08:15:05] [Server thread/INFO]: [Server] Save Complete
Console	: [08:16:42] [Server thread/INFO]: caplaw was slain by Zombie
Console	: [08:20:26] [Server thread/INFO]: caplaw has just earned the achievement [Benchmarking]
Console	: [08:21:14] [Server thread/INFO]: caplaw has just earned the achievement [Time to Mine!]
Console	: [08:24:37] [Server thread/INFO]: caplaw has just earned the achievement [Getting an Upgrade]
Console	: [08:25:35] [Server thread/INFO]: caplaw fell out of the world
Console	: [08:25:35] [Server thread/INFO]: [caplaw: Killed caplaw]
Console	: [08:28:58] [Server thread/INFO]: caplaw lost connection: TextComponent{text='Disconnected', siblings=[], style=Style{hasParent=false, color=null, bold=null, italic=null, underlined=null, obfuscated=null, clickEvent=null, hoverEvent=null, insertion=null}}
Console	: [08:28:58] [Server thread/INFO]: caplaw left the game
Console	: [08:29:03] [Server thread/INFO]: [Server] Server shutting down immediately. World is being saved.
Console	: [08:29:03] [Server thread/INFO]: Saving is already turned on.
Console	: [08:29:03] [Server thread/INFO]: Saving...
Console	: [08:29:04] [Server thread/INFO]: Saved the world
Console	: [08:29:04] [Server thread/INFO]: Stopping the server
Console	: [08:29:04] [Server thread/INFO]: Stopping server
Console	: [08:29:04] [Server thread/INFO]: Saving players
Console	: [08:29:04] [Server thread/INFO]: Saving worlds
Console	: [08:29:04] [Server thread/INFO]: Saving chunks for level 'world'/Overworld
Console	: [08:29:04] [Server thread/INFO]: Saving chunks for level 'world'/Nether
Console	: [08:29:04] [Server thread/INFO]: Saving chunks for level 'world'/The End
Notice	: Minecraft server has stopped running.
Notice	: Server jar hash is ff01a4ec-844f-6466-5c22-2dce9471df66
Notice	: Starting Minecraft Server...
Console	: [08:35:50] [Server thread/INFO]: Starting minecraft server version 1.8.7
Console	: [08:35:50] [Server thread/INFO]: Loading properties
Console	: [08:35:50] [Server thread/INFO]: Default game type: SURVIVAL
Console	: [08:35:50] [Server thread/INFO]: Generating keypair
Console	: [08:35:50] [Server thread/INFO]: Starting Minecraft server on *:25565
Console	: [08:35:51] [Server thread/INFO]: Using epoll channel type
Console	: [08:35:51] [Server thread/WARN]: **** SERVER IS RUNNING IN OFFLINE/INSECURE MODE!
Console	: [08:35:51] [Server thread/WARN]: The server will make no attempt to authenticate usernames. Beware.
Console	: [08:35:51] [Server thread/WARN]: While this makes the game possible to play without internet access, it also opens up the ability for hackers to connect with any username they choose.
Console	: [08:35:51] [Server thread/WARN]: To change this, set "online-mode" to "true" in the server.properties file.
Console	: [08:35:51] [Server thread/INFO]: Preparing level "world"
Console	: [08:35:51] [Server thread/INFO]: Preparing start region for level 0
Console	: [08:35:52] [Server thread/INFO]: Preparing spawn area: 4%
Console	: [08:35:53] [Server thread/INFO]: Preparing spawn area: 7%
Console	: [08:35:54] [Server thread/INFO]: Preparing spawn area: 10%
Console	: [08:35:55] [Server thread/INFO]: Preparing spawn area: 15%
Console	: [08:35:56] [Server thread/INFO]: Preparing spawn area: 18%
Console	: [08:35:57] [Server thread/INFO]: Preparing spawn area: 22%
Console	: [08:35:58] [Server thread/INFO]: Preparing spawn area: 25%
Console	: [08:35:59] [Server thread/INFO]: Preparing spawn area: 29%
Console	: [08:36:01] [Server thread/INFO]: Preparing spawn area: 32%
Console	: [08:36:02] [Server thread/INFO]: Preparing spawn area: 36%
Console	: [08:36:03] [Server thread/INFO]: Preparing spawn area: 40%
Console	: [08:36:04] [Server thread/INFO]: Preparing spawn area: 44%
Console	: [08:36:05] [Server thread/INFO]: Preparing spawn area: 48%
Console	: [08:36:06] [Server thread/INFO]: Preparing spawn area: 53%
Console	: [08:36:07] [Server thread/INFO]: Preparing spawn area: 57%
Console	: [08:36:08] [Server thread/INFO]: Preparing spawn area: 62%
Console	: [08:36:09] [Server thread/INFO]: Preparing spawn area: 67%
Console	: [08:36:10] [Server thread/INFO]: Preparing spawn area: 72%
Console	: [08:36:11] [Server thread/INFO]: Preparing spawn area: 77%
Console	: [08:36:12] [Server thread/INFO]: Preparing spawn area: 82%
Console	: [08:36:13] [Server thread/INFO]: Preparing spawn area: 88%
Console	: [08:36:14] [Server thread/INFO]: Preparing spawn area: 93%
Console	: [08:36:15] [Server thread/INFO]: Done (23.930s)! For help, type "help" or "?"
Console	: [08:36:27] [Server thread/INFO]: caplaw[/190.181.183.106:7468] logged in with entity id 2576 at (-223.5, 75.0, 247.5)
Console	: [08:36:27] [Server thread/INFO]: caplaw joined the game
Console	: [08:36:27] [Server thread/INFO]: [Server] Welcome back, caplaw
Console	: [08:36:28] [Server thread/INFO]: You whisper to caplaw: Que hongo
Console	: Java HotSpot(TM) 64-Bit Server VM warning: INFO: os::commit_memory(0x00000000e0dc2000, 68026368, 0) failed; error='Cannot allocate memory' (errno=12)
Console	: #
Console	: # There is insufficient memory for the Java Runtime Environment to continue.
Console	: # Native memory allocation (mmap) failed to map 68026368 bytes for committing reserved memory.
Console	: # An error report file with more information is saved as:
Console	: # /home/mcadmin/McMyAdmin/Minecraft/hs_err_pid4995.log
Notice	: Minecraft server has stopped running.
Warning : Server stopped unexpectedly! Automatically restarting...
Notice	: Server jar hash is ff01a4ec-844f-6466-5c22-2dce9471df66
Notice	: Starting Minecraft Server...
Console	: [08:40:08] [Server thread/INFO]: Starting minecraft server version 1.8.7
Console	: [08:40:08] [Server thread/INFO]: Loading properties
Console	: [08:40:09] [Server thread/INFO]: Default game type: SURVIVAL
Console	: [08:40:09] [Server thread/INFO]: Generating keypair
Console	: [08:40:09] [Server thread/INFO]: Starting Minecraft server on *:25565
Console	: [08:40:09] [Server thread/INFO]: Using epoll channel type
Console	: [08:40:09] [Server thread/WARN]: **** SERVER IS RUNNING IN OFFLINE/INSECURE MODE!
Console	: [08:40:09] [Server thread/WARN]: The server will make no attempt to authenticate usernames. Beware.
Console	: [08:40:09] [Server thread/WARN]: While this makes the game possible to play without internet access, it also opens up the ability for hackers to connect with any username they choose.
Console	: [08:40:09] [Server thread/WARN]: To change this, set "online-mode" to "true" in the server.properties file.
Console	: [08:40:09] [Server thread/INFO]: Preparing level "world"
Console	: [08:40:09] [Server thread/INFO]: Preparing start region for level 0
Console	: [08:40:10] [Server thread/INFO]: Preparing spawn area: 14%
Console	: [08:40:11] [Server thread/INFO]: Preparing spawn area: 49%
Console	: [08:40:12] [Server thread/INFO]: Done (3.139s)! For help, type "help" or "?"
Console	: [08:40:27] [Server thread/INFO]: caplaw[/190.181.183.106:7620] logged in with entity id 235 at (-692.0447221375987, 67.0, 512.1573476559719)
Console	: [08:40:27] [Server thread/INFO]: caplaw joined the game
Console	: [08:40:32] [Server thread/INFO]: [Server] Welcome back, caplaw
Console	: [08:40:32] [Server thread/INFO]: You whisper to caplaw: Que hongo
Console	: [08:40:32] [Server thread/WARN]: Can't keep up! Did the system time change, or is the server overloaded? Running 4518ms behind, skipping 90 tick(s)
Console	: [08:41:22] [Server thread/INFO]: caplaw lost connection: TextComponent{text='Disconnected', siblings=[], style=Style{hasParent=false, color=null, bold=null, italic=null, underlined=null, obfuscated=null, clickEvent=null, hoverEvent=null, insertion=null}}
Console	: [08:41:22] [Server thread/INFO]: caplaw left the game
Console	: [08:41:37] [Server thread/INFO]: [Server] Server shutting down immediately. World is being saved.
Console	: [08:41:37] [Server thread/INFO]: Saving is already turned on.
Console	: [08:41:37] [Server thread/INFO]: Saving...
Console	: [08:41:37] [Server thread/INFO]: Saved the world
Console	: [08:41:37] [Server thread/INFO]: Stopping the server
Console	: [08:41:37] [Server thread/INFO]: Stopping server
Console	: [08:41:37] [Server thread/INFO]: Saving players
Console	: [08:41:37] [Server thread/INFO]: Saving worlds
Console	: [08:41:37] [Server thread/INFO]: Saving chunks for level 'world'/Overworld
Console	: [08:41:37] [Server thread/INFO]: Saving chunks for level 'world'/Nether
Console	: [08:41:37] [Server thread/INFO]: Saving chunks for level 'world'/The End
Notice	: Minecraft server has stopped running.
