Notice	: Detecting System...
Notice	: No virtualized environment detected.
Notice	: Linux Distribution: Ubuntu
Notice	: Detection complete.
Notice	: Detected Java runtime version 1.8.0
Error	: McMyAdmin was not shut down properly!
Error	: To avoid potential data loss, please perform /quit on this console.
Error	: Startup will resume in 5 seconds...
Notice	: Starting McMyAdmin Personal v2.5.4.0
Notice	: Checking for updates...
Notice	: Checking for Minecraft Server updates...
Notice	: Starting webserver...
Notice	: McMyAdmin has started and is ready for use.
Notice	: Server jar hash is ff01a4ec-844f-6466-5c22-2dce9471df66
Notice	: Starting Minecraft Server...
Console	: [19:04:04] [Server thread/INFO]: Starting minecraft server version 1.8.7
Console	: [19:04:04] [Server thread/INFO]: Loading properties
Console	: [19:04:04] [Server thread/INFO]: Default game type: SURVIVAL
Console	: [19:04:04] [Server thread/INFO]: Generating keypair
Console	: [19:04:04] [Server thread/INFO]: Starting Minecraft server on *:25565
Console	: [19:04:04] [Server thread/INFO]: Using epoll channel type
Console	: [19:04:04] [Server thread/WARN]: **** SERVER IS RUNNING IN OFFLINE/INSECURE MODE!
Console	: [19:04:04] [Server thread/WARN]: The server will make no attempt to authenticate usernames. Beware.
Console	: [19:04:04] [Server thread/WARN]: While this makes the game possible to play without internet access, it also opens up the ability for hackers to connect with any username they choose.
Console	: [19:04:04] [Server thread/WARN]: To change this, set "online-mode" to "true" in the server.properties file.
Console	: [19:04:04] [Server thread/INFO]: Preparing level "world"
Console	: [19:04:04] [Server thread/INFO]: Preparing start region for level 0
Console	: [19:04:05] [Server thread/INFO]: Preparing spawn area: 34%
Console	: [19:04:07] [Server thread/INFO]: Preparing spawn area: 87%
Console	: [19:04:07] [Server thread/INFO]: Done (2.691s)! For help, type "help" or "?"
Console	: [19:09:05] [Server thread/INFO]: [Server] Server shutting down immediately. World is being saved. Entering sleep state
Console	: [19:09:05] [Server thread/INFO]: Saving is already turned on.
Console	: [19:09:05] [Server thread/INFO]: Saving...
Console	: [19:09:05] [Server thread/INFO]: Saved the world
Console	: [19:09:05] [Server thread/INFO]: Stopping the server
Console	: [19:09:05] [Server thread/INFO]: Stopping server
Console	: [19:09:05] [Server thread/INFO]: Saving players
Console	: [19:09:05] [Server thread/INFO]: Saving worlds
Console	: [19:09:05] [Server thread/INFO]: Saving chunks for level 'world'/Overworld
Console	: [19:09:05] [Server thread/INFO]: Saving chunks for level 'world'/Nether
Console	: [19:09:05] [Server thread/INFO]: Saving chunks for level 'world'/The End
Console	: [19:09:05] [Server Shutdown Thread/INFO]: Stopping server
Console	: 2015-08-15 19:09:05,857 ERROR Attempted to append to non-started appender File
Console	: Exception in thread "Server Shutdown Thread" org.apache.logging.log4j.core.appender.AppenderLoggingException: Attempted to append to non-started appender ServerGuiConsole
Console	: 2015-08-15 19:09:05,860 ERROR Unable to write to stream logs/latest.log for appender File
Console	: 	at org.apache.logging.log4j.core.config.AppenderControl.callAppender(AppenderControl.java:89)
Console	: 2015-08-15 19:09:05,861 ERROR An exception occurred processing Appender File org.apache.logging.log4j.core.appender.AppenderLoggingException: Error writing to RandomAccessFile logs/latest.log
Console	: 	at org.apache.logging.log4j.core.config.LoggerConfig.callAppenders(LoggerConfig.java:425)
Console	: 	at org.apache.logging.log4j.core.appender.rolling.RollingRandomAccessFileManager.flush(RollingRandomAccessFileManager.java:109)
Console	: 	at org.apache.logging.log4j.core.config.LoggerConfig.log(LoggerConfig.java:406)
Console	: 	at org.apache.logging.log4j.core.appender.rolling.RollingRandomAccessFileManager.write(RollingRandomAccessFileManager.java:90)
Console	: 	at org.apache.logging.log4j.core.config.LoggerConfig.log(LoggerConfig.java:367)
Console	: 	at org.apache.logging.log4j.core.appender.OutputStreamManager.write(OutputStreamManager.java:129)
Console	: 	at org.apache.logging.log4j.core.Logger.log(Logger.java:110)
Console	: 	at org.apache.logging.log4j.core.appender.AbstractOutputStreamAppender.append(AbstractOutputStreamAppender.java:113)
Console	: 	at org.apache.logging.log4j.spi.AbstractLogger.info(AbstractLogger.java:1011)
Console	: 	at org.apache.logging.log4j.core.appender.RollingRandomAccessFileAppender.append(RollingRandomAccessFileAppender.java:96)
Console	: 	at net.minecraft.server.MinecraftServer.t(SourceFile:376)
Console	: 	at org.apache.logging.log4j.core.config.AppenderControl.callAppender(AppenderControl.java:99)
Console	: 	at net.minecraft.server.MinecraftServer$2.run(SourceFile:715)
Console	: 	at org.apache.logging.log4j.core.config.LoggerConfig.callAppenders(LoggerConfig.java:425)
Console	: 	at org.apache.logging.log4j.core.config.LoggerConfig.log(LoggerConfig.java:406)
Console	: 	at org.apache.logging.log4j.core.config.LoggerConfig.log(LoggerConfig.java:367)
Console	: 	at org.apache.logging.log4j.core.Logger.log(Logger.java:110)
Console	: 	at org.apache.logging.log4j.spi.AbstractLogger.info(AbstractLogger.java:1011)
Console	: 	at net.minecraft.server.MinecraftServer.t(SourceFile:376)
Console	: 	at net.minecraft.server.MinecraftServer$2.run(SourceFile:715)
Console	: Caused by: java.io.IOException: Stream Closed
Console	: 	at java.io.RandomAccessFile.writeBytes(Native Method)
Console	: 	at java.io.RandomAccessFile.write(RandomAccessFile.java:525)
Console	: 	at org.apache.logging.log4j.core.appender.rolling.RollingRandomAccessFileManager.flush(RollingRandomAccessFileManager.java:106)
Console	: 	... 12 more
Console	: 2015-08-15 19:09:05,865 ERROR Attempted to append to non-started appender ServerGuiConsole
Notice	: Minecraft server has stopped running.
Notice	: Server is now sleeping...
Notice	: Server is no longer sleeping.
Notice	: Server is no longer sleeping.
Notice	: Server jar hash is ff01a4ec-844f-6466-5c22-2dce9471df66
Notice	: Starting Minecraft Server...
Console	: [23:23:07] [Server thread/INFO]: Starting minecraft server version 1.8.7
Console	: [23:23:07] [Server thread/INFO]: Loading properties
Console	: [23:23:07] [Server thread/INFO]: Default game type: SURVIVAL
Console	: [23:23:07] [Server thread/INFO]: Generating keypair
Console	: [23:23:08] [Server thread/INFO]: Starting Minecraft server on *:25565
Console	: [23:23:08] [Server thread/INFO]: Using epoll channel type
Console	: [23:23:08] [Server thread/WARN]: **** SERVER IS RUNNING IN OFFLINE/INSECURE MODE!
Console	: [23:23:08] [Server thread/WARN]: The server will make no attempt to authenticate usernames. Beware.
Console	: [23:23:08] [Server thread/WARN]: While this makes the game possible to play without internet access, it also opens up the ability for hackers to connect with any username they choose.
Console	: [23:23:08] [Server thread/WARN]: To change this, set "online-mode" to "true" in the server.properties file.
Console	: [23:23:08] [Server thread/INFO]: Preparing level "world"
Console	: [23:23:09] [Server thread/INFO]: Preparing start region for level 0
Console	: [23:23:10] [Server thread/INFO]: Preparing spawn area: 3%
Console	: [23:23:11] [Server thread/INFO]: Preparing spawn area: 38%
Console	: [23:23:12] [Server thread/INFO]: Preparing spawn area: 79%
Console	: [23:23:12] [Server thread/INFO]: Done (4.038s)! For help, type "help" or "?"
Console	: [23:23:12] [Server thread/INFO]: caplaw[/190.181.159.107:59038] logged in with entity id 477 at (-712.3295253915795, 71.0, 533.5341731186872)
Console	: [23:23:12] [Server thread/INFO]: caplaw joined the game
Console	: [23:23:12] [Server thread/INFO]: [Server] Welcome back, caplaw
Console	: [23:23:12] [Server thread/INFO]: You whisper to caplaw: Que hongo
Console	: [23:29:05] [Server thread/INFO]: There are 1/5 players online:
Console	: [23:29:05] [Server thread/INFO]: caplaw
Console	: [23:30:05] [Server thread/INFO]: [Server] This server is running McMyAdmin Personal v2.5.4.0
Console	: [23:30:05] [Server thread/INFO]: [Server] Saving world data. Expect lag for a short while.
Console	: [23:30:05] [Server thread/INFO]: Saving...
Console	: [23:30:05] [Server thread/INFO]: Saved the world
Console	: [23:30:05] [Server thread/INFO]: [Server] Save Complete
Console	: [23:36:05] [Server thread/INFO]: There are 1/5 players online:
Console	: [23:36:05] [Server thread/INFO]: caplaw
Console	: [23:42:05] [Server thread/INFO]: There are 1/5 players online:
Console	: [23:42:05] [Server thread/INFO]: caplaw
Console	: [23:45:05] [Server thread/INFO]: [Server] Saving world data. Expect lag for a short while.
Console	: [23:45:05] [Server thread/INFO]: Saving...
Console	: [23:45:05] [Server thread/INFO]: Saved the world
Console	: [23:45:05] [Server thread/INFO]: [Server] Save Complete
Console	: [23:51:05] [Server thread/INFO]: There are 1/5 players online:
Console	: [23:51:05] [Server thread/INFO]: caplaw
Console	: [23:57:05] [Server thread/INFO]: There are 1/5 players online:
Console	: [23:57:05] [Server thread/INFO]: caplaw
Console	: [00:00:05] [Server thread/INFO]: [Server] This server is running McMyAdmin Personal v2.5.4.0
Console	: [00:00:05] [Server thread/INFO]: [Server] Saving world data. Expect lag for a short while.
Console	: [00:00:05] [Server thread/INFO]: Saving...
Console	: [00:00:05] [Server thread/INFO]: Saved the world
Console	: [00:00:05] [Server thread/INFO]: [Server] Save Complete
Console	: [00:05:08] [Server thread/INFO]: caplaw lost connection: TextComponent{text='Disconnected', siblings=[], style=Style{hasParent=false, color=null, bold=null, italic=null, underlined=null, obfuscated=null, clickEvent=null, hoverEvent=null, insertion=null}}
Console	: [00:05:08] [Server thread/INFO]: caplaw left the game
Console	: [00:10:05] [Server thread/INFO]: [Server] Server shutting down immediately. World is being saved. Entering sleep state
Console	: [00:10:05] [Server thread/INFO]: Saving is already turned on.
Console	: [00:10:05] [Server thread/INFO]: Saving...
Console	: [00:10:05] [Server thread/INFO]: Saved the world
Console	: [00:10:05] [Server thread/INFO]: Stopping the server
Console	: [00:10:05] [Server thread/INFO]: Stopping server
Console	: [00:10:05] [Server thread/INFO]: Saving players
Console	: [00:10:05] [Server thread/INFO]: Saving worlds
Console	: [00:10:05] [Server thread/INFO]: Saving chunks for level 'world'/Overworld
Console	: [00:10:05] [Server thread/INFO]: Saving chunks for level 'world'/Nether
Console	: [00:10:05] [Server thread/INFO]: Saving chunks for level 'world'/The End
Notice	: Minecraft server has stopped running.
Notice	: Server is now sleeping...
Notice	: Server is no longer sleeping.
Notice	: Server is no longer sleeping.
Notice	: Server jar hash is ff01a4ec-844f-6466-5c22-2dce9471df66
Notice	: Starting Minecraft Server...
Console	: [06:14:52] [Server thread/INFO]: Starting minecraft server version 1.8.7
Console	: [06:14:52] [Server thread/INFO]: Loading properties
Console	: [06:14:52] [Server thread/INFO]: Default game type: SURVIVAL
Console	: [06:14:52] [Server thread/INFO]: Generating keypair
Console	: [06:14:52] [Server thread/INFO]: Starting Minecraft server on *:25565
Console	: [06:14:52] [Server thread/INFO]: Using epoll channel type
Console	: [06:14:52] [Server thread/WARN]: **** SERVER IS RUNNING IN OFFLINE/INSECURE MODE!
Console	: [06:14:52] [Server thread/WARN]: The server will make no attempt to authenticate usernames. Beware.
Console	: [06:14:52] [Server thread/WARN]: While this makes the game possible to play without internet access, it also opens up the ability for hackers to connect with any username they choose.
Console	: [06:14:52] [Server thread/WARN]: To change this, set "online-mode" to "true" in the server.properties file.
Console	: [06:14:52] [Server thread/INFO]: Preparing level "world"
Console	: [06:14:52] [Server thread/INFO]: Preparing start region for level 0
Console	: [06:14:53] [Server thread/INFO]: Preparing spawn area: 40%
Console	: [06:14:54] [Server thread/INFO]: Done (1.915s)! For help, type "help" or "?"
Console	: [06:15:05] [Server thread/INFO]: [Server] Saving world data. Expect lag for a short while.
Console	: [06:15:05] [Server thread/INFO]: Saving...
Console	: [06:15:05] [Server thread/INFO]: Saved the world
Console	: [06:15:05] [Server thread/INFO]: [Server] Save Complete
Console	: [06:19:05] [Server thread/INFO]: [Server] Server shutting down immediately. World is being saved. Entering sleep state
Console	: [06:19:05] [Server thread/INFO]: Saving is already turned on.
Console	: [06:19:05] [Server thread/INFO]: Saving...
Console	: [06:19:05] [Server thread/INFO]: Saved the world
Console	: [06:19:05] [Server thread/INFO]: Stopping the server
Console	: [06:19:05] [Server thread/INFO]: Stopping server
Console	: [06:19:05] [Server thread/INFO]: Saving players
Console	: [06:19:05] [Server thread/INFO]: Saving worlds
Console	: [06:19:05] [Server thread/INFO]: Saving chunks for level 'world'/Overworld
Console	: [06:19:05] [Server thread/INFO]: Saving chunks for level 'world'/Nether
Console	: [06:19:05] [Server thread/INFO]: Saving chunks for level 'world'/The End
Notice	: Minecraft server has stopped running.
Notice	: Server is now sleeping...
Notice	: Server is no longer sleeping.
Notice	: Server is no longer sleeping.
Notice	: Server jar hash is ff01a4ec-844f-6466-5c22-2dce9471df66
Notice	: Starting Minecraft Server...
Console	: [22:04:44] [Server thread/INFO]: Starting minecraft server version 1.8.7
Console	: [22:04:44] [Server thread/INFO]: Loading properties
Console	: [22:04:44] [Server thread/INFO]: Default game type: SURVIVAL
Console	: [22:04:44] [Server thread/INFO]: Generating keypair
Console	: [22:04:44] [Server thread/INFO]: Starting Minecraft server on *:25565
Console	: [22:04:44] [Server thread/INFO]: Using epoll channel type
Console	: [22:04:44] [Server thread/WARN]: **** SERVER IS RUNNING IN OFFLINE/INSECURE MODE!
Console	: [22:04:44] [Server thread/WARN]: The server will make no attempt to authenticate usernames. Beware.
Console	: [22:04:44] [Server thread/WARN]: While this makes the game possible to play without internet access, it also opens up the ability for hackers to connect with any username they choose.
Console	: [22:04:44] [Server thread/WARN]: To change this, set "online-mode" to "true" in the server.properties file.
Console	: [22:04:44] [Server thread/INFO]: Preparing level "world"
Console	: [22:04:44] [Server thread/INFO]: Preparing start region for level 0
Console	: [22:04:46] [Server thread/INFO]: Preparing spawn area: 37%
Console	: [22:04:47] [Server thread/INFO]: Preparing spawn area: 97%
Console	: [22:04:47] [Server thread/INFO]: Done (2.651s)! For help, type "help" or "?"
Console	: [22:04:47] [Server thread/INFO]: caplaw[/190.181.159.107:64532] logged in with entity id 393 at (-697.0698117874917, 64.0, 526.9388558535995)
Console	: [22:04:47] [Server thread/INFO]: caplaw joined the game
Console	: [22:04:47] [Server thread/INFO]: [Server] Welcome back, caplaw
Console	: [22:04:47] [Server thread/INFO]: You whisper to caplaw: Que hongo
Console	: [22:10:05] [Server thread/INFO]: There are 1/5 players online:
Console	: [22:10:05] [Server thread/INFO]: caplaw
Console	: [22:15:05] [Server thread/INFO]: [Server] Saving world data. Expect lag for a short while.
Console	: [22:15:05] [Server thread/INFO]: Saving...
Console	: [22:15:05] [Server thread/INFO]: Saved the world
Console	: [22:15:05] [Server thread/INFO]: [Server] Save Complete
Console	: [22:21:05] [Server thread/INFO]: There are 1/5 players online:
Console	: [22:21:05] [Server thread/INFO]: caplaw
Console	: [22:23:24] [Server thread/INFO]: caplaw fell from a high place
Console	: [22:29:05] [Server thread/INFO]: There are 1/5 players online:
Console	: [22:29:05] [Server thread/INFO]: caplaw
Console	: [22:30:05] [Server thread/INFO]: [Server] This server is running McMyAdmin Personal v2.5.4.0
Console	: [22:30:05] [Server thread/INFO]: [Server] Saving world data. Expect lag for a short while.
Console	: [22:30:05] [Server thread/INFO]: Saving...
Console	: [22:30:05] [Server thread/INFO]: Saved the world
Console	: [22:30:05] [Server thread/INFO]: [Server] Save Complete
Console	: [22:36:05] [Server thread/INFO]: There are 1/5 players online:
Console	: [22:36:05] [Server thread/INFO]: caplaw
Console	: [22:42:05] [Server thread/INFO]: There are 1/5 players online:
Console	: [22:42:05] [Server thread/INFO]: caplaw
Console	: [22:45:05] [Server thread/INFO]: [Server] Saving world data. Expect lag for a short while.
Console	: [22:45:05] [Server thread/INFO]: Saving...
Console	: [22:45:05] [Server thread/INFO]: Saved the world
Console	: [22:45:05] [Server thread/INFO]: [Server] Save Complete
Console	: [22:51:05] [Server thread/INFO]: There are 1/5 players online:
Console	: [22:51:05] [Server thread/INFO]: caplaw
Console	: [22:57:05] [Server thread/INFO]: There are 1/5 players online:
Console	: [22:57:05] [Server thread/INFO]: caplaw
Console	: [23:00:05] [Server thread/INFO]: [Server] This server is running McMyAdmin Personal v2.5.4.0
Console	: [23:00:05] [Server thread/INFO]: [Server] Saving world data. Expect lag for a short while.
Console	: [23:00:05] [Server thread/INFO]: Saving...
Console	: [23:00:05] [Server thread/INFO]: Saved the world
Console	: [23:00:05] [Server thread/INFO]: [Server] Save Complete
Console	: [23:06:05] [Server thread/INFO]: There are 1/5 players online:
Console	: [23:06:05] [Server thread/INFO]: caplaw
Console	: [23:11:39] [Server thread/INFO]: caplaw lost connection: TextComponent{text='Disconnected', siblings=[], style=Style{hasParent=false, color=null, bold=null, italic=null, underlined=null, obfuscated=null, clickEvent=null, hoverEvent=null, insertion=null}}
Console	: [23:11:39] [Server thread/INFO]: caplaw left the game
Console	: [23:15:05] [Server thread/INFO]: [Server] Saving world data. Expect lag for a short while.
Console	: [23:15:05] [Server thread/INFO]: Saving...
Console	: [23:15:05] [Server thread/INFO]: Saved the world
Console	: [23:15:05] [Server thread/INFO]: [Server] Save Complete
Console	: [23:16:05] [Server thread/INFO]: [Server] Server shutting down immediately. World is being saved. Entering sleep state
Console	: [23:16:05] [Server thread/INFO]: Saving is already turned on.
Console	: [23:16:05] [Server thread/INFO]: Saving...
Console	: [23:16:05] [Server thread/INFO]: Saved the world
Console	: [23:16:05] [Server thread/INFO]: Stopping the server
Console	: [23:16:06] [Server thread/INFO]: Stopping server
Console	: [23:16:06] [Server thread/INFO]: Saving players
Console	: [23:16:06] [Server thread/INFO]: Saving worlds
Console	: [23:16:06] [Server thread/INFO]: Saving chunks for level 'world'/Overworld
Console	: [23:16:06] [Server thread/INFO]: Saving chunks for level 'world'/Nether
Console	: [23:16:06] [Server thread/INFO]: Saving chunks for level 'world'/The End
Console	: [23:16:06] [Server Shutdown Thread/INFO]: Stopping server
Console	: 2015-08-16 23:16:06,466 ERROR Attempted to append to non-started appender File
Console	: 2015-08-16 23:16:06,482 ERROR Unable to write to stream logs/latest.log for appender File
Console	: 2015-08-16 23:16:06,483 ERROR An exception occurred processing Appender File org.apache.logging.log4j.core.appender.AppenderLoggingException: Error writing to RandomAccessFile logs/latest.log
Console	: Exception in thread "Server Shutdown Thread" org.apache.logging.log4j.core.appender.AppenderLoggingException: Attempted to append to non-started appender ServerGuiConsole
Console	: 	at org.apache.logging.log4j.core.appender.rolling.RollingRandomAccessFileManager.flush(RollingRandomAccessFileManager.java:109)
Console	: 	at org.apache.logging.log4j.core.config.AppenderControl.callAppender(AppenderControl.java:89)
Console	: 	at org.apache.logging.log4j.core.appender.rolling.RollingRandomAccessFileManager.write(RollingRandomAccessFileManager.java:90)
Console	: 	at org.apache.logging.log4j.core.config.LoggerConfig.callAppenders(LoggerConfig.java:425)
Console	: 	at org.apache.logging.log4j.core.appender.OutputStreamManager.write(OutputStreamManager.java:129)
Console	: 	at org.apache.logging.log4j.core.config.LoggerConfig.log(LoggerConfig.java:406)
Console	: 	at org.apache.logging.log4j.core.appender.AbstractOutputStreamAppender.append(AbstractOutputStreamAppender.java:113)
Console	: 	at org.apache.logging.log4j.core.config.LoggerConfig.log(LoggerConfig.java:367)
Console	: 	at org.apache.logging.log4j.core.appender.RollingRandomAccessFileAppender.append(RollingRandomAccessFileAppender.java:96)
Console	: 	at org.apache.logging.log4j.core.Logger.log(Logger.java:110)
Console	: 	at org.apache.logging.log4j.core.config.AppenderControl.callAppender(AppenderControl.java:99)
Console	: 	at org.apache.logging.log4j.spi.AbstractLogger.info(AbstractLogger.java:1011)
Console	: 	at org.apache.logging.log4j.core.config.LoggerConfig.callAppenders(LoggerConfig.java:425)
Console	: 	at net.minecraft.server.MinecraftServer.t(SourceFile:376)
Console	: 	at org.apache.logging.log4j.core.config.LoggerConfig.log(LoggerConfig.java:406)
Console	: 	at net.minecraft.server.MinecraftServer$2.run(SourceFile:715)
Console	: 	at org.apache.logging.log4j.core.config.LoggerConfig.log(LoggerConfig.java:367)
Console	: 	at org.apache.logging.log4j.core.Logger.log(Logger.java:110)
Console	: 	at org.apache.logging.log4j.spi.AbstractLogger.info(AbstractLogger.java:1011)
Console	: 	at net.minecraft.server.MinecraftServer.t(SourceFile:376)
Console	: 	at net.minecraft.server.MinecraftServer$2.run(SourceFile:715)
Console	: Caused by: java.io.IOException: Stream Closed
Console	: 	at java.io.RandomAccessFile.writeBytes(Native Method)
Console	: 	at java.io.RandomAccessFile.write(RandomAccessFile.java:525)
Console	: 	at org.apache.logging.log4j.core.appender.rolling.RollingRandomAccessFileManager.flush(RollingRandomAccessFileManager.java:106)
Console	: 	... 12 more
Console	: 2015-08-16 23:16:06,492 ERROR Attempted to append to non-started appender ServerGuiConsole
Notice	: Minecraft server has stopped running.
Notice	: Server is now sleeping...
Notice	: Server is no longer sleeping.
Notice	: Server is no longer sleeping.
Notice	: Server jar hash is ff01a4ec-844f-6466-5c22-2dce9471df66
Notice	: Starting Minecraft Server...
Console	: [13:35:25] [Server thread/INFO]: Starting minecraft server version 1.8.7
Console	: [13:35:25] [Server thread/INFO]: Loading properties
Console	: [13:35:25] [Server thread/INFO]: Default game type: SURVIVAL
Console	: [13:35:25] [Server thread/INFO]: Generating keypair
Console	: [13:35:26] [Server thread/INFO]: Starting Minecraft server on *:25565
Console	: [13:35:26] [Server thread/INFO]: Using epoll channel type
Console	: [13:35:26] [Server thread/WARN]: **** SERVER IS RUNNING IN OFFLINE/INSECURE MODE!
Console	: [13:35:26] [Server thread/WARN]: The server will make no attempt to authenticate usernames. Beware.
Console	: [13:35:26] [Server thread/WARN]: While this makes the game possible to play without internet access, it also opens up the ability for hackers to connect with any username they choose.
Console	: [13:35:26] [Server thread/WARN]: To change this, set "online-mode" to "true" in the server.properties file.
Console	: [13:35:26] [Server thread/INFO]: Preparing level "world"
Console	: [13:35:26] [Server thread/INFO]: Preparing start region for level 0
Console	: [13:35:27] [Server thread/INFO]: Preparing spawn area: 7%
Console	: [13:35:28] [Server thread/INFO]: Preparing spawn area: 65%
Console	: [13:35:29] [Server thread/INFO]: Done (2.879s)! For help, type "help" or "?"
Console	: [13:35:39] [Server thread/INFO]: Nemesis[/186.77.164.117:26773] logged in with entity id 378 at (-710.915768313648, 64.0, 525.5692245526134)
Console	: [13:35:39] [Server thread/INFO]: Nemesis joined the game
Console	: [13:35:39] [Server thread/INFO]: [Server] Welcome back, Nemesis
Console	: [13:35:39] [Server thread/INFO]: You whisper to Nemesis: Que hongo
Console	: [13:41:06] [Server thread/INFO]: There are 1/5 players online:
Console	: [13:41:06] [Server thread/INFO]: Nemesis
Console	: [13:45:06] [Server thread/INFO]: [Server] Saving world data. Expect lag for a short while.
Console	: [13:45:06] [Server thread/INFO]: Saving...
Console	: [13:45:06] [Server thread/INFO]: Saved the world
Console	: [13:45:06] [Server thread/INFO]: [Server] Save Complete
Console	: [13:51:06] [Server thread/INFO]: There are 1/5 players online:
Console	: [13:51:06] [Server thread/INFO]: Nemesis
Console	: [13:57:06] [Server thread/INFO]: There are 1/5 players online:
Console	: [13:57:06] [Server thread/INFO]: Nemesis
Console	: [14:00:06] [Server thread/INFO]: [Server] This server is running McMyAdmin Personal v2.5.4.0
Console	: [14:00:06] [Server thread/INFO]: [Server] Saving world data. Expect lag for a short while.
Console	: [14:00:06] [Server thread/INFO]: Saving...
Console	: [14:00:06] [Server thread/INFO]: Saved the world
Console	: [14:00:06] [Server thread/INFO]: [Server] Save Complete
Console	: [14:06:06] [Server thread/INFO]: There are 1/5 players online:
Console	: [14:06:06] [Server thread/INFO]: Nemesis
Console	: [14:12:06] [Server thread/INFO]: There are 1/5 players online:
Console	: [14:12:06] [Server thread/INFO]: Nemesis
Console	: [14:12:35] [Server thread/WARN]: Can't keep up! Did the system time change, or is the server overloaded? Running 2159ms behind, skipping 43 tick(s)
Console	: [14:13:32] [Server thread/WARN]: Can't keep up! Did the system time change, or is the server overloaded? Running 2130ms behind, skipping 42 tick(s)
Console	: [14:15:06] [Server thread/INFO]: [Server] Saving world data. Expect lag for a short while.
Console	: [14:15:06] [Server thread/INFO]: Saving...
Console	: [14:15:06] [Server thread/INFO]: Saved the world
Console	: [14:15:06] [Server thread/INFO]: [Server] Save Complete
Console	: [14:21:06] [Server thread/INFO]: There are 1/5 players online:
Console	: [14:21:06] [Server thread/INFO]: Nemesis
Console	: [14:23:04] [Server thread/INFO]: Nemesis lost connection: TranslatableComponent{key='disconnect.timeout', args=[], siblings=[], style=Style{hasParent=false, color=null, bold=null, italic=null, underlined=null, obfuscated=null, clickEvent=null, hoverEvent=null, insertion=null}}
Console	: [14:23:04] [Server thread/INFO]: Nemesis left the game
Console	: [14:26:10] [Server thread/INFO]: Nemesis[/186.77.164.117:26750] logged in with entity id 47660 at (-683.2943720454083, 67.0, 520.7064801854285)
Console	: [14:26:10] [Server thread/INFO]: Nemesis joined the game
Console	: [14:26:10] [Server thread/INFO]: [Server] Welcome back, Nemesis
Console	: [14:26:11] [Server thread/INFO]: You whisper to Nemesis: Que hongo
Console	: [14:30:06] [Server thread/INFO]: [Server] This server is running McMyAdmin Personal v2.5.4.0
Console	: [14:30:06] [Server thread/INFO]: [Server] Saving world data. Expect lag for a short while.
Console	: [14:30:06] [Server thread/INFO]: Saving...
Console	: [14:30:06] [Server thread/INFO]: Saved the world
Console	: [14:30:06] [Server thread/INFO]: [Server] Save Complete
Console	: [14:36:06] [Server thread/INFO]: There are 1/5 players online:
Console	: [14:36:06] [Server thread/INFO]: Nemesis
Console	: [14:42:06] [Server thread/INFO]: There are 1/5 players online:
Console	: [14:42:06] [Server thread/INFO]: Nemesis
Console	: [14:45:06] [Server thread/INFO]: [Server] Saving world data. Expect lag for a short while.
Console	: [14:45:06] [Server thread/INFO]: Saving...
Console	: [14:45:06] [Server thread/INFO]: Saved the world
Console	: [14:45:06] [Server thread/INFO]: [Server] Save Complete
Console	: [14:51:06] [Server thread/INFO]: There are 1/5 players online:
Console	: [14:51:06] [Server thread/INFO]: Nemesis
Console	: [14:57:06] [Server thread/INFO]: There are 1/5 players online:
Console	: [14:57:06] [Server thread/INFO]: Nemesis
Console	: [15:00:06] [Server thread/INFO]: [Server] This server is running McMyAdmin Personal v2.5.4.0
Console	: [15:00:06] [Server thread/INFO]: [Server] Saving world data. Expect lag for a short while.
Console	: [15:00:06] [Server thread/INFO]: Saving...
Console	: [15:00:06] [Server thread/INFO]: Saved the world
Console	: [15:00:06] [Server thread/INFO]: [Server] Save Complete
Console	: [15:06:06] [Server thread/INFO]: There are 1/5 players online:
Console	: [15:06:06] [Server thread/INFO]: Nemesis
Console	: [15:12:06] [Server thread/INFO]: There are 1/5 players online:
Console	: [15:12:06] [Server thread/INFO]: Nemesis
Console	: [15:15:06] [Server thread/INFO]: [Server] Saving world data. Expect lag for a short while.
Console	: [15:15:06] [Server thread/INFO]: Saving...
Console	: [15:15:06] [Server thread/INFO]: Saved the world
Console	: [15:15:06] [Server thread/INFO]: [Server] Save Complete
Console	: [15:21:06] [Server thread/INFO]: There are 1/5 players online:
Console	: [15:21:06] [Server thread/INFO]: Nemesis
Console	: [15:23:14] [Server thread/INFO]: Nemesis lost connection: TextComponent{text='Disconnected', siblings=[], style=Style{hasParent=false, color=null, bold=null, italic=null, underlined=null, obfuscated=null, clickEvent=null, hoverEvent=null, insertion=null}}
Console	: [15:23:14] [Server thread/INFO]: Nemesis left the game
Console	: [15:28:06] [Server thread/INFO]: [Server] Server shutting down immediately. World is being saved. Entering sleep state
Console	: [15:28:06] [Server thread/INFO]: Saving is already turned on.
Console	: [15:28:06] [Server thread/INFO]: Saving...
Console	: [15:28:06] [Server thread/INFO]: Saved the world
Console	: [15:28:06] [Server thread/INFO]: Stopping the server
Console	: [15:28:06] [Server thread/INFO]: Stopping server
Console	: [15:28:06] [Server thread/INFO]: Saving players
Console	: [15:28:06] [Server thread/INFO]: Saving worlds
Console	: [15:28:06] [Server thread/INFO]: Saving chunks for level 'world'/Overworld
Console	: [15:28:06] [Server thread/INFO]: Saving chunks for level 'world'/Nether
Console	: [15:28:06] [Server thread/INFO]: Saving chunks for level 'world'/The End
Notice	: Minecraft server has stopped running.
Notice	: Server is now sleeping...
Notice	: Server is no longer sleeping.
Notice	: Server is no longer sleeping.
Notice	: Server jar hash is ff01a4ec-844f-6466-5c22-2dce9471df66
Notice	: Starting Minecraft Server...
Console	: [21:17:52] [Server thread/INFO]: Starting minecraft server version 1.8.7
Console	: [21:17:52] [Server thread/INFO]: Loading properties
Console	: [21:17:52] [Server thread/INFO]: Default game type: SURVIVAL
Console	: [21:17:52] [Server thread/INFO]: Generating keypair
Console	: [21:17:52] [Server thread/INFO]: Starting Minecraft server on *:25565
Console	: [21:17:52] [Server thread/INFO]: Using epoll channel type
Console	: [21:17:52] [Server thread/WARN]: **** SERVER IS RUNNING IN OFFLINE/INSECURE MODE!
Console	: [21:17:52] [Server thread/WARN]: The server will make no attempt to authenticate usernames. Beware.
Console	: [21:17:52] [Server thread/WARN]: While this makes the game possible to play without internet access, it also opens up the ability for hackers to connect with any username they choose.
Console	: [21:17:52] [Server thread/WARN]: To change this, set "online-mode" to "true" in the server.properties file.
Console	: [21:17:52] [Server thread/INFO]: Preparing level "world"
Console	: [21:17:52] [Server thread/INFO]: Preparing start region for level 0
Console	: [21:17:53] [Server thread/INFO]: Preparing spawn area: 50%
Console	: [21:17:54] [Server thread/INFO]: Done (2.086s)! For help, type "help" or "?"
Console	: [21:18:03] [Server thread/INFO]: caplaw[/190.181.174.197:57996] logged in with entity id 505 at (-740.0866253952389, 63.0, 499.605387939013)
Console	: [21:18:03] [Server thread/INFO]: caplaw joined the game
Console	: [21:18:03] [Server thread/INFO]: [Server] Welcome back, caplaw
Console	: [21:18:03] [Server thread/INFO]: You whisper to caplaw: Que hongo
Console	: [21:23:06] [Server thread/INFO]: There are 1/5 players online:
Console	: [21:23:06] [Server thread/INFO]: caplaw
Console	: [21:29:06] [Server thread/INFO]: There are 1/5 players online:
Console	: [21:29:06] [Server thread/INFO]: caplaw
Console	: [21:30:06] [Server thread/INFO]: [Server] This server is running McMyAdmin Personal v2.5.4.0
Console	: [21:30:06] [Server thread/INFO]: [Server] Saving world data. Expect lag for a short while.
Console	: [21:30:06] [Server thread/INFO]: Saving...
Console	: [21:30:06] [Server thread/INFO]: Saved the world
Console	: [21:30:06] [Server thread/INFO]: [Server] Save Complete
Console	: [21:36:06] [Server thread/INFO]: There are 1/5 players online:
Console	: [21:36:06] [Server thread/INFO]: caplaw
Console	: [21:42:06] [Server thread/INFO]: There are 1/5 players online:
Console	: [21:42:06] [Server thread/INFO]: caplaw
Console	: [21:45:03] [Server thread/INFO]: caplaw lost connection: TextComponent{text='Disconnected', siblings=[], style=Style{hasParent=false, color=null, bold=null, italic=null, underlined=null, obfuscated=null, clickEvent=null, hoverEvent=null, insertion=null}}
Console	: [21:45:03] [Server thread/INFO]: caplaw left the game
Console	: [21:45:06] [Server thread/INFO]: [Server] Saving world data. Expect lag for a short while.
Console	: [21:45:06] [Server thread/INFO]: Saving...
Console	: [21:45:06] [Server thread/INFO]: Saved the world
Console	: [21:45:06] [Server thread/INFO]: [Server] Save Complete
Console	: [21:49:06] [Server thread/INFO]: [Server] Server shutting down immediately. World is being saved. Entering sleep state
Console	: [21:49:06] [Server thread/INFO]: Saving is already turned on.
Console	: [21:49:06] [Server thread/INFO]: Saving...
Console	: [21:49:06] [Server thread/INFO]: Saved the world
Console	: [21:49:06] [Server thread/INFO]: Stopping the server
Console	: [21:49:06] [Server thread/INFO]: Stopping server
Console	: [21:49:06] [Server thread/INFO]: Saving players
Console	: [21:49:06] [Server thread/INFO]: Saving worlds
Console	: [21:49:06] [Server thread/INFO]: Saving chunks for level 'world'/Overworld
Console	: [21:49:06] [Server thread/INFO]: Saving chunks for level 'world'/Nether
Console	: [21:49:06] [Server thread/INFO]: Saving chunks for level 'world'/The End
Console	: [21:49:06] [Server Shutdown Thread/INFO]: Stopping server
Notice	: Minecraft server has stopped running.
Notice	: Server is now sleeping...
Notice	: Server is no longer sleeping.
Notice	: Server is no longer sleeping.
Notice	: Server jar hash is ff01a4ec-844f-6466-5c22-2dce9471df66
Notice	: Starting Minecraft Server...
Console	: [23:16:49] [Server thread/INFO]: Starting minecraft server version 1.8.7
Console	: [23:16:49] [Server thread/INFO]: Loading properties
Console	: [23:16:49] [Server thread/INFO]: Default game type: SURVIVAL
Console	: [23:16:49] [Server thread/INFO]: Generating keypair
Console	: [23:16:49] [Server thread/INFO]: Starting Minecraft server on *:25565
Console	: [23:16:49] [Server thread/INFO]: Using epoll channel type
Console	: [23:16:49] [Server thread/WARN]: **** SERVER IS RUNNING IN OFFLINE/INSECURE MODE!
Console	: [23:16:49] [Server thread/WARN]: The server will make no attempt to authenticate usernames. Beware.
Console	: [23:16:49] [Server thread/WARN]: While this makes the game possible to play without internet access, it also opens up the ability for hackers to connect with any username they choose.
Console	: [23:16:49] [Server thread/WARN]: To change this, set "online-mode" to "true" in the server.properties file.
Console	: [23:16:49] [Server thread/INFO]: Preparing level "world"
Console	: [23:16:49] [Server thread/INFO]: Preparing start region for level 0
Console	: [23:16:50] [Server thread/INFO]: Preparing spawn area: 26%
Console	: [23:16:51] [Server thread/INFO]: Preparing spawn area: 64%
Console	: [23:16:52] [Server thread/INFO]: Done (2.623s)! For help, type "help" or "?"
Console	: [23:16:53] [Server thread/INFO]: caplaw[/190.181.159.107:58891] logged in with entity id 338 at (-672.6999999880791, 12.0, 636.6506575597455)
Console	: [23:16:53] [Server thread/INFO]: caplaw joined the game
Console	: [23:16:53] [Server thread/INFO]: [Server] Welcome back, caplaw
Console	: [23:16:54] [Server thread/INFO]: You whisper to caplaw: Que hongo
Console	: [23:22:06] [Server thread/INFO]: There are 1/5 players online:
Console	: [23:22:06] [Server thread/INFO]: caplaw
Console	: [23:28:06] [Server thread/INFO]: There are 1/5 players online:
Console	: [23:28:06] [Server thread/INFO]: caplaw
Console	: [23:30:06] [Server thread/INFO]: [Server] This server is running McMyAdmin Personal v2.5.4.0
Console	: [23:30:06] [Server thread/INFO]: [Server] Saving world data. Expect lag for a short while.
Console	: [23:30:06] [Server thread/INFO]: Saving...
Console	: [23:30:06] [Server thread/INFO]: Saved the world
Console	: [23:30:06] [Server thread/INFO]: [Server] Save Complete
Console	: [23:36:06] [Server thread/INFO]: There are 1/5 players online:
Console	: [23:36:06] [Server thread/INFO]: caplaw
Console	: [23:42:06] [Server thread/INFO]: There are 1/5 players online:
Console	: [23:42:06] [Server thread/INFO]: caplaw
Console	: [23:45:06] [Server thread/INFO]: [Server] Saving world data. Expect lag for a short while.
Console	: [23:45:06] [Server thread/INFO]: Saving...
Console	: [23:45:06] [Server thread/INFO]: Saved the world
Console	: [23:45:06] [Server thread/INFO]: [Server] Save Complete
Console	: [23:51:06] [Server thread/INFO]: There are 1/5 players online:
Console	: [23:51:06] [Server thread/INFO]: caplaw
Console	: [23:55:41] [Server thread/INFO]: caplaw lost connection: TextComponent{text='Disconnected', siblings=[], style=Style{hasParent=false, color=null, bold=null, italic=null, underlined=null, obfuscated=null, clickEvent=null, hoverEvent=null, insertion=null}}
Console	: [23:55:41] [Server thread/INFO]: caplaw left the game
Console	: [00:00:06] [Server thread/INFO]: [Server] This server is running McMyAdmin Personal v2.5.4.0
Console	: [00:00:06] [Server thread/INFO]: [Server] Server shutting down immediately. World is being saved. Entering sleep state
Console	: [00:00:06] [Server thread/INFO]: Saving is already turned on.
Console	: [00:00:06] [Server thread/INFO]: Saving...
Console	: [00:00:06] [Server thread/INFO]: Saved the world
Console	: [00:00:06] [Server thread/INFO]: Stopping the server
Console	: [00:00:06] [Server thread/INFO]: Stopping server
Console	: [00:00:06] [Server thread/INFO]: Saving players
Console	: [00:00:06] [Server thread/INFO]: Saving worlds
Console	: [00:00:06] [Server thread/INFO]: Saving chunks for level 'world'/Overworld
Console	: [00:00:06] [Server thread/INFO]: Saving chunks for level 'world'/Nether
Console	: [00:00:06] [Server thread/INFO]: Saving chunks for level 'world'/The End
Console	: [00:00:06] [Server Shutdown Thread/INFO]: Stopping server
Console	: [00:00:06] [Server Shutdown Thread/INFO]: Saving players
Console	: [00:00:06] [Server Shutdown Thread/INFO]: Saving worlds
Console	: [00:00:06] [Server Shutdown Thread/INFO]: Saving chunks for level 'world'/Overworld
Console	: [00:00:06] [Server Shutdown Thread/INFO]: Saving chunks for level 'world'/Nether
Console	: [00:00:06] [Server Shutdown Thread/INFO]: Saving chunks for level 'world'/The End
Notice	: Minecraft server has stopped running.
Notice	: Server is now sleeping...
Notice	: Server is no longer sleeping.
Notice	: Server is no longer sleeping.
Notice	: Server jar hash is ff01a4ec-844f-6466-5c22-2dce9471df66
Notice	: Starting Minecraft Server...
Console	: [21:22:58] [Server thread/INFO]: Starting minecraft server version 1.8.7
Console	: [21:22:58] [Server thread/INFO]: Loading properties
Console	: [21:22:58] [Server thread/INFO]: Default game type: SURVIVAL
Console	: [21:22:58] [Server thread/INFO]: Generating keypair
Console	: [21:22:58] [Server thread/INFO]: Starting Minecraft server on *:25565
Console	: [21:22:58] [Server thread/INFO]: Using epoll channel type
Console	: [21:22:58] [Server thread/WARN]: **** SERVER IS RUNNING IN OFFLINE/INSECURE MODE!
Console	: [21:22:58] [Server thread/WARN]: The server will make no attempt to authenticate usernames. Beware.
Console	: [21:22:58] [Server thread/WARN]: While this makes the game possible to play without internet access, it also opens up the ability for hackers to connect with any username they choose.
Console	: [21:22:58] [Server thread/WARN]: To change this, set "online-mode" to "true" in the server.properties file.
Console	: [21:22:58] [Server thread/INFO]: Preparing level "world"
Console	: [21:22:58] [Server thread/INFO]: Preparing start region for level 0
Console	: [21:22:59] [Server thread/INFO]: Preparing spawn area: 46%
Console	: [21:23:00] [Server thread/INFO]: Done (2.191s)! For help, type "help" or "?"
Console	: [21:23:03] [Server thread/INFO]: caplaw[/190.181.166.178:60554] logged in with entity id 386 at (-739.6999999880791, 72.0, 518.0124999880791)
Console	: [21:23:03] [Server thread/INFO]: caplaw joined the game
Console	: [21:23:03] [Server thread/INFO]: [Server] Welcome back, caplaw
Console	: [21:23:03] [Server thread/INFO]: You whisper to caplaw: Que hongo
Console	: Aug 18, 2015 9:23:06 PM io.netty.util.concurrent.DefaultPromise notifyListener0
Console	: WARNING: An exception was thrown by lm$1.operationComplete()
Console	: io.netty.util.concurrent.BlockingOperationException: DefaultChannelPromise@3d8af1e7(uncancellable)
Console	: [21:23:06] [Server thread/INFO]: caplaw lost connection: TextComponent{text='Disconnected', siblings=[], style=Style{hasParent=false, color=null, bold=null, italic=null, underlined=null, obfuscated=null, clickEvent=null, hoverEvent=null, insertion=null}}
Console	: 	at io.netty.util.concurrent.DefaultPromise.checkDeadLock(DefaultPromise.java:390)
Console	: [21:23:06] [Server thread/INFO]: caplaw left the game
Console	: 	at io.netty.channel.DefaultChannelPromise.checkDeadLock(DefaultChannelPromise.java:157)
Console	: 	at io.netty.util.concurrent.DefaultPromise.awaitUninterruptibly(DefaultPromise.java:283)
Console	: 	at io.netty.channel.DefaultChannelPromise.awaitUninterruptibly(DefaultChannelPromise.java:135)
Console	: [21:23:06] [Server thread/INFO]: caplaw[/190.181.166.178:60555] logged in with entity id 519 at (-739.6999999880791, 72.0, 518.0124999880791)
Console	: 	at io.netty.channel.DefaultChannelPromise.awaitUninterruptibly(DefaultChannelPromise.java:28)
Console	: [21:23:06] [Server thread/INFO]: caplaw joined the game
Console	: 	at ek.a(SourceFile:233)
Console	: [21:23:06] [Server thread/INFO]: [Server] Welcome back, caplaw
Console	: 	at lm$1.operationComplete(SourceFile:171)
Console	: 	at io.netty.util.concurrent.DefaultPromise.notifyListener0(DefaultPromise.java:680)
Console	: 	at io.netty.util.concurrent.DefaultPromise.notifyListeners0(DefaultPromise.java:603)
Console	: 	at io.netty.util.concurrent.DefaultPromise.notifyListeners(DefaultPromise.java:563)
Console	: 	at io.netty.util.concurrent.DefaultPromise.trySuccess(DefaultPromise.java:406)
Console	: 	at io.netty.channel.DefaultChannelPromise.trySuccess(DefaultChannelPromise.java:82)
Console	: 	at io.netty.channel.ChannelOutboundBuffer.safeSuccess(ChannelOutboundBuffer.java:523)
Console	: 	at io.netty.channel.ChannelOutboundBuffer.remove(ChannelOutboundBuffer.java:247)
Console	: 	at io.netty.channel.ChannelOutboundBuffer.removeBytes(ChannelOutboundBuffer.java:322)
Console	: 	at io.netty.channel.epoll.EpollSocketChannel.writeBytesMultiple(EpollSocketChannel.java:212)
Console	: 	at io.netty.channel.epoll.EpollSocketChannel.doWriteMultiple(EpollSocketChannel.java:364)
Console	: 	at io.netty.channel.epoll.EpollSocketChannel.doWrite(EpollSocketChannel.java:317)
Console	: [21:23:06] [Server thread/INFO]: You whisper to caplaw: Que hongo
Console	: 	at io.netty.channel.AbstractChannel$AbstractUnsafe.flush0(AbstractChannel.java:707)
Console	: 	at io.netty.channel.epoll.AbstractEpollChannel$AbstractEpollUnsafe.epollOutReady(AbstractEpollChannel.java:248)
Console	: 	at io.netty.channel.epoll.EpollSocketChannel$EpollSocketUnsafe.epollOutReady(EpollSocketChannel.java:623)
Console	: 	at io.netty.channel.epoll.EpollEventLoop.processReady(EpollEventLoop.java:322)
Console	: 	at io.netty.channel.epoll.EpollEventLoop.run(EpollEventLoop.java:264)
Console	: 	at io.netty.util.concurrent.SingleThreadEventExecutor$2.run(SingleThreadEventExecutor.java:116)
Console	: 	at java.lang.Thread.run(Thread.java:745)
Console	: [21:27:34] [Server thread/INFO]: caplaw lost connection: TextComponent{text='Disconnected', siblings=[], style=Style{hasParent=false, color=null, bold=null, italic=null, underlined=null, obfuscated=null, clickEvent=null, hoverEvent=null, insertion=null}}
Console	: [21:27:34] [Server thread/INFO]: caplaw left the game
Console	: [21:30:07] [Server thread/INFO]: [Server] This server is running McMyAdmin Personal v2.5.4.0
Console	: [21:30:07] [Server thread/INFO]: [Server] Saving world data. Expect lag for a short while.
Console	: [21:30:07] [Server thread/INFO]: Saving...
Console	: [21:30:07] [Server thread/INFO]: Saved the world
Console	: [21:30:07] [Server thread/INFO]: [Server] Save Complete
Console	: [21:32:07] [Server thread/INFO]: [Server] Server shutting down immediately. World is being saved. Entering sleep state
Console	: [21:32:07] [Server thread/INFO]: Saving is already turned on.
Console	: [21:32:07] [Server thread/INFO]: Saving...
Console	: [21:32:07] [Server thread/INFO]: Saved the world
Console	: [21:32:07] [Server thread/INFO]: Stopping the server
Console	: [21:32:07] [Server thread/INFO]: Stopping server
Console	: [21:32:07] [Server thread/INFO]: Saving players
Console	: [21:32:07] [Server thread/INFO]: Saving worlds
Console	: [21:32:07] [Server thread/INFO]: Saving chunks for level 'world'/Overworld
Console	: [21:32:07] [Server thread/INFO]: Saving chunks for level 'world'/Nether
Console	: [21:32:07] [Server thread/INFO]: Saving chunks for level 'world'/The End
Console	: [21:32:07] [Server Shutdown Thread/INFO]: Stopping server
Console	: Exception in thread "Server Shutdown Thread" org.apache.logging.log4j.core.appender.AppenderLoggingException: Attempted to append to non-started appender ServerGuiConsole
Console	: 2015-08-18 21:32:07,599 ERROR Attempted to append to non-started appender File
Console	: 	at org.apache.logging.log4j.core.config.AppenderControl.callAppender(AppenderControl.java:89)
Console	: 2015-08-18 21:32:07,601 ERROR Unable to write to stream logs/latest.log for appender File
Console	: 	at org.apache.logging.log4j.core.config.LoggerConfig.callAppenders(LoggerConfig.java:425)
Console	: 2015-08-18 21:32:07,601 ERROR An exception occurred processing Appender File org.apache.logging.log4j.core.appender.AppenderLoggingException: Error writing to RandomAccessFile logs/latest.log
Console	: 	at org.apache.logging.log4j.core.config.LoggerConfig.log(LoggerConfig.java:406)
Console	: 	at org.apache.logging.log4j.core.appender.rolling.RollingRandomAccessFileManager.flush(RollingRandomAccessFileManager.java:109)
Console	: 	at org.apache.logging.log4j.core.config.LoggerConfig.log(LoggerConfig.java:367)
Console	: 	at org.apache.logging.log4j.core.appender.rolling.RollingRandomAccessFileManager.write(RollingRandomAccessFileManager.java:90)
Console	: 	at org.apache.logging.log4j.core.Logger.log(Logger.java:110)
Console	: 	at org.apache.logging.log4j.core.appender.OutputStreamManager.write(OutputStreamManager.java:129)
Console	: 	at org.apache.logging.log4j.spi.AbstractLogger.info(AbstractLogger.java:1011)
Console	: 	at org.apache.logging.log4j.core.appender.AbstractOutputStreamAppender.append(AbstractOutputStreamAppender.java:113)
Console	: 	at net.minecraft.server.MinecraftServer.t(SourceFile:376)
Console	: 	at org.apache.logging.log4j.core.appender.RollingRandomAccessFileAppender.append(RollingRandomAccessFileAppender.java:96)
Console	: 	at net.minecraft.server.MinecraftServer$2.run(SourceFile:715)
Console	: 	at org.apache.logging.log4j.core.config.AppenderControl.callAppender(AppenderControl.java:99)
Console	: 	at org.apache.logging.log4j.core.config.LoggerConfig.callAppenders(LoggerConfig.java:425)
Console	: 	at org.apache.logging.log4j.core.config.LoggerConfig.log(LoggerConfig.java:406)
Console	: 	at org.apache.logging.log4j.core.config.LoggerConfig.log(LoggerConfig.java:367)
Console	: 	at org.apache.logging.log4j.core.Logger.log(Logger.java:110)
Console	: 	at org.apache.logging.log4j.spi.AbstractLogger.info(AbstractLogger.java:1011)
Console	: 	at net.minecraft.server.MinecraftServer.t(SourceFile:376)
Console	: 	at net.minecraft.server.MinecraftServer$2.run(SourceFile:715)
Console	: Caused by: java.io.IOException: Stream Closed
Console	: 	at java.io.RandomAccessFile.writeBytes(Native Method)
Console	: 	at java.io.RandomAccessFile.write(RandomAccessFile.java:525)
Console	: 	at org.apache.logging.log4j.core.appender.rolling.RollingRandomAccessFileManager.flush(RollingRandomAccessFileManager.java:106)
Console	: 	... 12 more
Console	: 2015-08-18 21:32:07,604 ERROR Attempted to append to non-started appender ServerGuiConsole
Notice	: Minecraft server has stopped running.
Notice	: Server is now sleeping...
Notice	: Server is no longer sleeping.
Notice	: Server is no longer sleeping.
Notice	: Server jar hash is ff01a4ec-844f-6466-5c22-2dce9471df66
Notice	: Starting Minecraft Server...
Console	: [21:19:01] [Server thread/INFO]: Starting minecraft server version 1.8.7
Console	: [21:19:01] [Server thread/INFO]: Loading properties
Console	: [21:19:01] [Server thread/INFO]: Default game type: SURVIVAL
Console	: [21:19:01] [Server thread/INFO]: Generating keypair
Console	: [21:19:02] [Server thread/INFO]: Starting Minecraft server on *:25565
Console	: [21:19:02] [Server thread/INFO]: Using epoll channel type
Console	: [21:19:02] [Server thread/WARN]: **** SERVER IS RUNNING IN OFFLINE/INSECURE MODE!
Console	: [21:19:02] [Server thread/WARN]: The server will make no attempt to authenticate usernames. Beware.
Console	: [21:19:02] [Server thread/WARN]: While this makes the game possible to play without internet access, it also opens up the ability for hackers to connect with any username they choose.
Console	: [21:19:02] [Server thread/WARN]: To change this, set "online-mode" to "true" in the server.properties file.
Console	: [21:19:02] [Server thread/INFO]: Preparing level "world"
Console	: [21:19:02] [Server thread/INFO]: Preparing start region for level 0
Console	: [21:19:03] [Server thread/INFO]: Preparing spawn area: 36%
Console	: [21:19:04] [Server thread/INFO]: Done (2.054s)! For help, type "help" or "?"
Console	: [21:19:04] [Server thread/INFO]: caplaw[/190.181.174.197:64009] logged in with entity id 339 at (-729.9904746015884, 72.5, 518.8033291728934)
Console	: [21:19:04] [Server thread/INFO]: caplaw joined the game
Console	: [21:19:04] [Server thread/INFO]: [Server] Welcome back, caplaw
Console	: [21:19:04] [Server thread/INFO]: You whisper to caplaw: Que hongo
Console	: [21:24:07] [Server thread/INFO]: There are 1/5 players online:
Console	: [21:24:07] [Server thread/INFO]: caplaw
Console	: [21:27:52] [Server thread/INFO]: caplaw lost connection: TextComponent{text='Disconnected', siblings=[], style=Style{hasParent=false, color=null, bold=null, italic=null, underlined=null, obfuscated=null, clickEvent=null, hoverEvent=null, insertion=null}}
Console	: [21:27:52] [Server thread/INFO]: caplaw left the game
Console	: [21:30:07] [Server thread/INFO]: [Server] This server is running McMyAdmin Personal v2.5.4.0
Console	: [21:30:07] [Server thread/INFO]: [Server] Saving world data. Expect lag for a short while.
Console	: [21:30:07] [Server thread/INFO]: Saving...
Console	: [21:30:07] [Server thread/INFO]: Saved the world
Console	: [21:30:07] [Server thread/INFO]: [Server] Save Complete
Console	: [21:32:07] [Server thread/INFO]: [Server] Server shutting down immediately. World is being saved. Entering sleep state
Console	: [21:32:07] [Server thread/INFO]: Saving is already turned on.
Console	: [21:32:07] [Server thread/INFO]: Saving...
Console	: [21:32:07] [Server thread/INFO]: Saved the world
Console	: [21:32:07] [Server thread/INFO]: Stopping the server
Console	: [21:32:07] [Server thread/INFO]: Stopping server
Console	: [21:32:07] [Server thread/INFO]: Saving players
Console	: [21:32:07] [Server thread/INFO]: Saving worlds
Console	: [21:32:07] [Server thread/INFO]: Saving chunks for level 'world'/Overworld
Console	: [21:32:07] [Server thread/INFO]: Saving chunks for level 'world'/Nether
Console	: [21:32:07] [Server thread/INFO]: Saving chunks for level 'world'/The End
Notice	: Minecraft server has stopped running.
Notice	: Server is now sleeping...
Notice	: Server is no longer sleeping.
Notice	: Server is no longer sleeping.
Notice	: Server jar hash is ff01a4ec-844f-6466-5c22-2dce9471df66
Notice	: Starting Minecraft Server...
Console	: [20:58:53] [Server thread/INFO]: Starting minecraft server version 1.8.7
Console	: [20:58:53] [Server thread/INFO]: Loading properties
Console	: [20:58:53] [Server thread/INFO]: Default game type: SURVIVAL
Console	: [20:58:53] [Server thread/INFO]: Generating keypair
Console	: [20:58:53] [Server thread/INFO]: Starting Minecraft server on *:25565
Console	: [20:58:54] [Server thread/INFO]: Using epoll channel type
Console	: [20:58:54] [Server thread/WARN]: **** SERVER IS RUNNING IN OFFLINE/INSECURE MODE!
Console	: [20:58:54] [Server thread/WARN]: The server will make no attempt to authenticate usernames. Beware.
Console	: [20:58:54] [Server thread/WARN]: While this makes the game possible to play without internet access, it also opens up the ability for hackers to connect with any username they choose.
Console	: [20:58:54] [Server thread/WARN]: To change this, set "online-mode" to "true" in the server.properties file.
Console	: [20:58:54] [Server thread/INFO]: Preparing level "world"
Console	: [20:58:54] [Server thread/INFO]: Preparing start region for level 0
Console	: [20:58:55] [Server thread/INFO]: Preparing spawn area: 49%
Console	: [20:58:56] [Server thread/INFO]: Done (2.013s)! For help, type "help" or "?"
Warning : Unable to get protocol version. Sleep mode will be unavailable.
Console	: [20:58:56] [Server thread/INFO]: caplaw[/190.181.182.208:53087] logged in with entity id 328 at (-665.9250000119209, 69.0, 537.864002583425)
Console	: [20:58:56] [Server thread/INFO]: caplaw joined the game
Console	: [20:58:56] [Server thread/INFO]: [Server] Welcome back, caplaw
Console	: [20:58:56] [Server thread/INFO]: You whisper to caplaw: Que hongo
Console	: [21:00:08] [Server thread/INFO]: [Server] This server is running McMyAdmin Personal v2.5.4.0
Console	: [21:00:08] [Server thread/INFO]: [Server] Saving world data. Expect lag for a short while.
Console	: [21:00:08] [Server thread/INFO]: Saving...
Console	: [21:00:08] [Server thread/INFO]: Saved the world
Console	: [21:00:08] [Server thread/INFO]: [Server] Save Complete
Console	: [21:02:43] [Server thread/INFO]: caplaw lost connection: TextComponent{text='Disconnected', siblings=[], style=Style{hasParent=false, color=null, bold=null, italic=null, underlined=null, obfuscated=null, clickEvent=null, hoverEvent=null, insertion=null}}
Console	: [21:02:43] [Server thread/INFO]: caplaw left the game
Console	: [21:07:08] [Server thread/INFO]: [Server] Server shutting down immediately. World is being saved. Entering sleep state
Console	: [21:07:08] [Server thread/INFO]: Saving is already turned on.
Console	: [21:07:08] [Server thread/INFO]: Saving...
Console	: [21:07:08] [Server thread/INFO]: Saved the world
Console	: [21:07:08] [Server thread/INFO]: Stopping the server
Console	: [21:07:08] [Server thread/INFO]: Stopping server
Console	: [21:07:08] [Server thread/INFO]: Saving players
Console	: [21:07:08] [Server thread/INFO]: Saving worlds
Console	: [21:07:08] [Server thread/INFO]: Saving chunks for level 'world'/Overworld
Console	: [21:07:08] [Server thread/INFO]: Saving chunks for level 'world'/Nether
Console	: [21:07:08] [Server thread/INFO]: Saving chunks for level 'world'/The End
Console	: [21:07:08] [Server Shutdown Thread/INFO]: Stopping server
Console	: [21:07:08] [Server Shutdown Thread/INFO]: Saving players
Console	: [21:07:08] [Server Shutdown Thread/INFO]: Saving worlds
Notice	: Minecraft server has stopped running.
Notice	: Server is now sleeping...
Notice	: Server is no longer sleeping.
Notice	: Server is no longer sleeping.
Notice	: Server jar hash is ff01a4ec-844f-6466-5c22-2dce9471df66
Notice	: Starting Minecraft Server...
Console	: [23:42:36] [Server thread/INFO]: Starting minecraft server version 1.8.7
Console	: [23:42:36] [Server thread/INFO]: Loading properties
Console	: [23:42:36] [Server thread/INFO]: Default game type: SURVIVAL
Console	: [23:42:36] [Server thread/INFO]: Generating keypair
Console	: [23:42:36] [Server thread/INFO]: Starting Minecraft server on *:25565
Console	: [23:42:36] [Server thread/INFO]: Using epoll channel type
Console	: [23:42:36] [Server thread/WARN]: **** SERVER IS RUNNING IN OFFLINE/INSECURE MODE!
Console	: [23:42:36] [Server thread/WARN]: The server will make no attempt to authenticate usernames. Beware.
Console	: [23:42:36] [Server thread/WARN]: While this makes the game possible to play without internet access, it also opens up the ability for hackers to connect with any username they choose.
Console	: [23:42:36] [Server thread/WARN]: To change this, set "online-mode" to "true" in the server.properties file.
Console	: [23:42:36] [Server thread/INFO]: Preparing level "world"
Console	: [23:42:36] [Server thread/INFO]: Preparing start region for level 0
Console	: [23:42:37] [Server thread/INFO]: Preparing spawn area: 39%
Console	: [23:42:38] [Server thread/INFO]: Done (2.068s)! For help, type "help" or "?"
Console	: [23:43:41] [Server thread/INFO]: caplaw[/190.181.183.12:59203] logged in with entity id 374 at (-715.4694116204955, 72.0, 497.97863716556526)
Console	: [23:43:41] [Server thread/INFO]: caplaw joined the game
Console	: [23:43:41] [Server thread/INFO]: [Server] Welcome back, caplaw
Console	: [23:43:41] [Server thread/INFO]: You whisper to caplaw: Que hongo
Console	: [23:45:09] [Server thread/INFO]: [Server] Saving world data. Expect lag for a short while.
Console	: [23:45:09] [Server thread/INFO]: Saving...
Console	: [23:45:09] [Server thread/INFO]: Saved the world
Console	: [23:45:09] [Server thread/INFO]: [Server] Save Complete
Console	: [23:51:09] [Server thread/INFO]: There are 1/5 players online:
Console	: [23:51:09] [Server thread/INFO]: caplaw
Console	: [23:57:09] [Server thread/INFO]: There are 1/5 players online:
Console	: [23:57:09] [Server thread/INFO]: caplaw
Console	: [00:00:09] [Server thread/INFO]: [Server] This server is running McMyAdmin Personal v2.5.4.0
Console	: [00:00:09] [Server thread/INFO]: [Server] Saving world data. Expect lag for a short while.
Console	: [00:00:09] [Server thread/INFO]: Saving...
Console	: [00:00:09] [Server thread/INFO]: Saved the world
Console	: [00:00:09] [Server thread/INFO]: [Server] Save Complete
Console	: [00:06:09] [Server thread/INFO]: There are 1/5 players online:
Console	: [00:06:09] [Server thread/INFO]: caplaw
Console	: [00:12:09] [Server thread/INFO]: There are 1/5 players online:
Console	: [00:12:09] [Server thread/INFO]: caplaw
Console	: [00:15:09] [Server thread/INFO]: [Server] Saving world data. Expect lag for a short while.
Console	: [00:15:09] [Server thread/INFO]: Saving...
Console	: [00:15:09] [Server thread/INFO]: Saved the world
Console	: [00:15:09] [Server thread/INFO]: [Server] Save Complete
Console	: [00:21:09] [Server thread/INFO]: There are 1/5 players online:
Console	: [00:21:09] [Server thread/INFO]: caplaw
Console	: [00:27:09] [Server thread/INFO]: There are 1/5 players online:
Console	: [00:27:09] [Server thread/INFO]: caplaw
Console	: [00:30:09] [Server thread/INFO]: [Server] This server is running McMyAdmin Personal v2.5.4.0
Console	: [00:30:09] [Server thread/INFO]: [Server] Saving world data. Expect lag for a short while.
Console	: [00:30:09] [Server thread/INFO]: Saving...
Console	: [00:30:09] [Server thread/INFO]: Saved the world
Console	: [00:30:09] [Server thread/INFO]: [Server] Save Complete
Console	: [00:36:09] [Server thread/INFO]: There are 1/5 players online:
Console	: [00:36:09] [Server thread/INFO]: caplaw
Console	: [00:42:09] [Server thread/INFO]: There are 1/5 players online:
Console	: [00:42:09] [Server thread/INFO]: caplaw
Console	: [00:45:09] [Server thread/INFO]: [Server] Saving world data. Expect lag for a short while.
Console	: [00:45:09] [Server thread/INFO]: Saving...
Console	: [00:45:09] [Server thread/INFO]: Saved the world
Console	: [00:45:09] [Server thread/INFO]: [Server] Save Complete
Console	: [00:51:09] [Server thread/INFO]: There are 1/5 players online:
Console	: [00:51:09] [Server thread/INFO]: caplaw
Console	: [00:57:09] [Server thread/INFO]: There are 1/5 players online:
Console	: [00:57:09] [Server thread/INFO]: caplaw
Notice	: Checking for updates...
Notice	: Checking for Minecraft Server updates...
Console	: [01:00:09] [Server thread/INFO]: [Server] This server is running McMyAdmin Personal v2.5.4.0
Console	: [01:00:09] [Server thread/INFO]: [Server] Saving world data. Expect lag for a short while.
Console	: [01:00:09] [Server thread/INFO]: Saving...
Console	: [01:00:09] [Server thread/INFO]: Saved the world
Console	: [01:00:09] [Server thread/INFO]: [Server] Save Complete
Console	: [01:06:09] [Server thread/INFO]: There are 1/5 players online:
Console	: [01:06:09] [Server thread/INFO]: caplaw
Console	: [01:07:42] [Server thread/INFO]: caplaw lost connection: TextComponent{text='Disconnected', siblings=[], style=Style{hasParent=false, color=null, bold=null, italic=null, underlined=null, obfuscated=null, clickEvent=null, hoverEvent=null, insertion=null}}
Console	: [01:07:42] [Server thread/INFO]: caplaw left the game
Console	: [01:12:09] [Server thread/INFO]: [Server] Server shutting down immediately. World is being saved. Entering sleep state
Console	: [01:12:09] [Server thread/INFO]: Saving is already turned on.
Console	: [01:12:09] [Server thread/INFO]: Saving...
Console	: [01:12:09] [Server thread/INFO]: Saved the world
Console	: [01:12:09] [Server thread/INFO]: Stopping the server
Console	: [01:12:09] [Server thread/INFO]: Stopping server
Console	: [01:12:09] [Server thread/INFO]: Saving players
Console	: [01:12:09] [Server thread/INFO]: Saving worlds
Console	: [01:12:09] [Server thread/INFO]: Saving chunks for level 'world'/Overworld
Console	: [01:12:09] [Server thread/INFO]: Saving chunks for level 'world'/Nether
Console	: [01:12:09] [Server thread/INFO]: Saving chunks for level 'world'/The End
Console	: [01:12:09] [Server Shutdown Thread/INFO]: Stopping server
Notice	: Minecraft server has stopped running.
Notice	: Server is now sleeping...
Notice	: Server is no longer sleeping.
Notice	: Server is no longer sleeping.
Notice	: Server jar hash is ff01a4ec-844f-6466-5c22-2dce9471df66
Notice	: Starting Minecraft Server...
Console	: [10:34:57] [Server thread/INFO]: Starting minecraft server version 1.8.7
Console	: [10:34:57] [Server thread/INFO]: Loading properties
Console	: [10:34:57] [Server thread/INFO]: Default game type: SURVIVAL
Console	: [10:34:57] [Server thread/INFO]: Generating keypair
Console	: [10:34:57] [Server thread/INFO]: Starting Minecraft server on *:25565
Console	: [10:34:57] [Server thread/INFO]: Using epoll channel type
Console	: [10:34:57] [Server thread/WARN]: **** SERVER IS RUNNING IN OFFLINE/INSECURE MODE!
Console	: [10:34:57] [Server thread/WARN]: The server will make no attempt to authenticate usernames. Beware.
Console	: [10:34:57] [Server thread/WARN]: While this makes the game possible to play without internet access, it also opens up the ability for hackers to connect with any username they choose.
Console	: [10:34:57] [Server thread/WARN]: To change this, set "online-mode" to "true" in the server.properties file.
Console	: [10:34:57] [Server thread/INFO]: Preparing level "world"
Console	: [10:34:57] [Server thread/INFO]: Preparing start region for level 0
Console	: [10:34:59] [Server thread/INFO]: Preparing spawn area: 37%
Console	: [10:34:59] [Server thread/INFO]: Done (2.255s)! For help, type "help" or "?"
Console	: [10:35:00] [Server thread/INFO]: caplaw[/190.181.166.161:60697] logged in with entity id 362 at (-708.0352054477996, 64.0, 522.1968449822023)
Console	: [10:35:00] [Server thread/INFO]: caplaw joined the game
Console	: [10:35:00] [Server thread/INFO]: [Server] Welcome back, caplaw
Console	: [10:35:00] [Server thread/INFO]: You whisper to caplaw: Que hongo
Console	: [10:40:09] [Server thread/INFO]: There are 1/5 players online:
Console	: [10:40:09] [Server thread/INFO]: caplaw
Console	: [10:45:09] [Server thread/INFO]: [Server] Saving world data. Expect lag for a short while.
Console	: [10:45:09] [Server thread/INFO]: Saving...
Console	: [10:45:09] [Server thread/INFO]: Saved the world
Console	: [10:45:09] [Server thread/INFO]: [Server] Save Complete
Console	: [10:47:42] [Server thread/INFO]: caplaw lost connection: TextComponent{text='Disconnected', siblings=[], style=Style{hasParent=false, color=null, bold=null, italic=null, underlined=null, obfuscated=null, clickEvent=null, hoverEvent=null, insertion=null}}
Console	: [10:47:42] [Server thread/INFO]: caplaw left the game
Console	: [10:47:57] [Server thread/INFO]: caplaw[/190.181.166.161:60726] logged in with entity id 17028 at (-724.5738568688387, 91.0, 445.0749999880791)
Console	: [10:47:57] [Server thread/INFO]: caplaw joined the game
Console	: [10:47:57] [Server thread/INFO]: [Server] Welcome back, caplaw
Console	: [10:47:58] [Server thread/INFO]: You whisper to caplaw: Que hongo
Console	: [10:53:09] [Server thread/INFO]: There are 1/5 players online:
Console	: [10:53:09] [Server thread/INFO]: caplaw
Console	: [10:57:09] [Server thread/INFO]: caplaw lost connection: TextComponent{text='Disconnected', siblings=[], style=Style{hasParent=false, color=null, bold=null, italic=null, underlined=null, obfuscated=null, clickEvent=null, hoverEvent=null, insertion=null}}
Console	: [10:57:09] [Server thread/INFO]: caplaw left the game
Console	: [11:00:09] [Server thread/INFO]: [Server] This server is running McMyAdmin Personal v2.5.4.0
Console	: [11:00:09] [Server thread/INFO]: [Server] Saving world data. Expect lag for a short while.
Console	: [11:00:09] [Server thread/INFO]: Saving...
Console	: [11:00:09] [Server thread/INFO]: Saved the world
Console	: [11:00:09] [Server thread/INFO]: [Server] Save Complete
Console	: [11:02:09] [Server thread/INFO]: [Server] Server shutting down immediately. World is being saved. Entering sleep state
Console	: [11:02:09] [Server thread/INFO]: Saving is already turned on.
Console	: [11:02:09] [Server thread/INFO]: Saving...
Console	: [11:02:09] [Server thread/INFO]: Saved the world
Console	: [11:02:09] [Server thread/INFO]: Stopping the server
Console	: [11:02:09] [Server thread/INFO]: Stopping server
Console	: [11:02:09] [Server thread/INFO]: Saving players
Console	: [11:02:09] [Server thread/INFO]: Saving worlds
Console	: [11:02:09] [Server thread/INFO]: Saving chunks for level 'world'/Overworld
Console	: [11:02:09] [Server thread/INFO]: Saving chunks for level 'world'/Nether
Console	: [11:02:09] [Server thread/INFO]: Saving chunks for level 'world'/The End
Notice	: Minecraft server has stopped running.
Notice	: Server is now sleeping...
Notice	: Server is no longer sleeping.
Notice	: Server is no longer sleeping.
Notice	: Server jar hash is ff01a4ec-844f-6466-5c22-2dce9471df66
Notice	: Starting Minecraft Server...
Console	: [17:01:43] [Server thread/INFO]: Starting minecraft server version 1.8.7
Console	: [17:01:43] [Server thread/INFO]: Loading properties
Console	: [17:01:43] [Server thread/INFO]: Default game type: SURVIVAL
Console	: [17:01:43] [Server thread/INFO]: Generating keypair
Console	: [17:01:43] [Server thread/INFO]: Starting Minecraft server on *:25565
Console	: [17:01:43] [Server thread/INFO]: Using epoll channel type
Console	: [17:01:43] [Server thread/WARN]: **** SERVER IS RUNNING IN OFFLINE/INSECURE MODE!
Console	: [17:01:43] [Server thread/WARN]: The server will make no attempt to authenticate usernames. Beware.
Console	: [17:01:43] [Server thread/WARN]: While this makes the game possible to play without internet access, it also opens up the ability for hackers to connect with any username they choose.
Console	: [17:01:43] [Server thread/WARN]: To change this, set "online-mode" to "true" in the server.properties file.
Console	: [17:01:43] [Server thread/INFO]: Preparing level "world"
Console	: [17:01:43] [Server thread/INFO]: Preparing start region for level 0
Console	: [17:01:45] [Server thread/INFO]: Preparing spawn area: 36%
Console	: [17:01:46] [Server thread/INFO]: Preparing spawn area: 99%
Console	: [17:01:46] [Server thread/INFO]: Done (2.490s)! For help, type "help" or "?"
Console	: [17:01:46] [Server thread/INFO]: caplaw[/190.181.150.229:64669] logged in with entity id 355 at (-695.1521985703492, 70.0, 510.2863141442799)
Console	: [17:01:46] [Server thread/INFO]: caplaw joined the game
Console	: [17:01:46] [Server thread/INFO]: [Server] Welcome back, caplaw
Console	: [17:01:46] [Server thread/INFO]: You whisper to caplaw: Que hongo
Console	: [17:07:09] [Server thread/INFO]: There are 1/5 players online:
Console	: [17:07:09] [Server thread/INFO]: caplaw
Console	: [17:09:30] [Server thread/INFO]: caplaw fell from a high place
Console	: [17:15:09] [Server thread/INFO]: There are 1/5 players online:
Console	: [17:15:09] [Server thread/INFO]: caplaw
Console	: [17:15:09] [Server thread/INFO]: [Server] Saving world data. Expect lag for a short while.
Console	: [17:15:09] [Server thread/INFO]: Saving...
Console	: [17:15:09] [Server thread/INFO]: Saved the world
Console	: [17:15:09] [Server thread/INFO]: [Server] Save Complete
Console	: [17:15:22] [Server thread/INFO]: caplaw lost connection: TextComponent{text='Disconnected', siblings=[], style=Style{hasParent=false, color=null, bold=null, italic=null, underlined=null, obfuscated=null, clickEvent=null, hoverEvent=null, insertion=null}}
Console	: [17:15:22] [Server thread/INFO]: caplaw left the game
Console	: [17:20:09] [Server thread/INFO]: [Server] Server shutting down immediately. World is being saved. Entering sleep state
Console	: [17:20:09] [Server thread/INFO]: Saving is already turned on.
Console	: [17:20:09] [Server thread/INFO]: Saving...
Console	: [17:20:09] [Server thread/INFO]: Saved the world
Console	: [17:20:09] [Server thread/INFO]: Stopping the server
Console	: [17:20:09] [Server thread/INFO]: Stopping server
Console	: [17:20:09] [Server thread/INFO]: Saving players
Console	: [17:20:09] [Server thread/INFO]: Saving worlds
Console	: [17:20:09] [Server thread/INFO]: Saving chunks for level 'world'/Overworld
Console	: [17:20:09] [Server thread/INFO]: Saving chunks for level 'world'/Nether
Console	: [17:20:09] [Server thread/INFO]: Saving chunks for level 'world'/The End
Notice	: Minecraft server has stopped running.
Notice	: Server is now sleeping...
Notice	: Server is no longer sleeping.
Notice	: Server is no longer sleeping.
Notice	: Server jar hash is ff01a4ec-844f-6466-5c22-2dce9471df66
Notice	: Starting Minecraft Server...
Console	: [18:28:57] [Server thread/INFO]: Starting minecraft server version 1.8.7
Console	: [18:28:57] [Server thread/INFO]: Loading properties
Console	: [18:28:57] [Server thread/INFO]: Default game type: SURVIVAL
Console	: [18:28:57] [Server thread/INFO]: Generating keypair
Console	: [18:28:57] [Server thread/INFO]: Starting Minecraft server on *:25565
Console	: [18:28:57] [Server thread/INFO]: Using epoll channel type
Console	: [18:28:57] [Server thread/WARN]: **** SERVER IS RUNNING IN OFFLINE/INSECURE MODE!
Console	: [18:28:57] [Server thread/WARN]: The server will make no attempt to authenticate usernames. Beware.
Console	: [18:28:57] [Server thread/WARN]: While this makes the game possible to play without internet access, it also opens up the ability for hackers to connect with any username they choose.
Console	: [18:28:57] [Server thread/WARN]: To change this, set "online-mode" to "true" in the server.properties file.
Console	: [18:28:58] [Server thread/INFO]: Preparing level "world"
Console	: [18:28:58] [Server thread/INFO]: Preparing start region for level 0
Console	: [18:28:59] [Server thread/INFO]: Preparing spawn area: 8%
Console	: [18:29:00] [Server thread/INFO]: Preparing spawn area: 63%
Console	: [18:29:01] [Server thread/INFO]: Done (3.144s)! For help, type "help" or "?"
Console	: [18:29:14] [Server thread/INFO]: Nemesis[/190.212.235.106:59270] logged in with entity id 362 at (-735.4933731238176, 72.0, 497.03644152840957)
Console	: [18:29:14] [Server thread/INFO]: Nemesis joined the game
Console	: [18:29:14] [Server thread/INFO]: [Server] Welcome back, Nemesis
Console	: [18:29:14] [Server thread/INFO]: You whisper to Nemesis: Que hongo
Console	: [18:29:29] [Server thread/INFO]: Nemesis lost connection: TextComponent{text='Disconnected', siblings=[], style=Style{hasParent=false, color=null, bold=null, italic=null, underlined=null, obfuscated=null, clickEvent=null, hoverEvent=null, insertion=null}}
Console	: [18:29:29] [Server thread/INFO]: Nemesis left the game
Console	: [18:30:00] [Server thread/INFO]: [Server] This server is running McMyAdmin Personal v2.5.4.0
Console	: [18:30:00] [Server thread/INFO]: [Server] Saving world data. Expect lag for a short while.
Console	: [18:30:00] [Server thread/INFO]: Saving...
Console	: [18:30:00] [Server thread/INFO]: Saved the world
Console	: [18:30:00] [Server thread/INFO]: [Server] Save Complete
Console	: [18:30:25] [Server thread/INFO]: Nemesis[/190.212.235.106:59272] logged in with entity id 588 at (-735.4933731238176, 72.0, 497.03644152840957)
Console	: [18:30:25] [Server thread/INFO]: Nemesis joined the game
Console	: [18:30:25] [Server thread/INFO]: [Server] Welcome back, Nemesis
Console	: [18:30:26] [Server thread/INFO]: You whisper to Nemesis: Que hongo
Console	: [18:30:57] [Server thread/INFO]: com.mojang.authlib.GameProfile@635b793f[id=15a51bc1-be06-3689-820e-def4321f2334,name=Nemesis,properties={},legacy=false] (/190.212.235.106:59274) lost connection: Timed out
Console	: [18:31:02] [Server thread/INFO]: Nemesis lost connection: TextComponent{text='Disconnected', siblings=[], style=Style{hasParent=false, color=null, bold=null, italic=null, underlined=null, obfuscated=null, clickEvent=null, hoverEvent=null, insertion=null}}
Console	: [18:31:02] [Server thread/INFO]: Nemesis left the game
Console	: [18:31:02] [Server thread/INFO]: Nemesis[/190.212.235.106:59276] logged in with entity id 1549 at (-735.4933731238176, 72.0, 497.03644152840957)
Console	: [18:31:02] [Server thread/INFO]: Nemesis joined the game
Console	: [18:31:02] [Server thread/INFO]: [Server] Welcome back, Nemesis
Console	: [18:31:02] [Server thread/INFO]: You whisper to Nemesis: Que hongo
Console	: [18:31:54] [Server thread/INFO]: Nemesis lost connection: TextComponent{text='Disconnected', siblings=[], style=Style{hasParent=false, color=null, bold=null, italic=null, underlined=null, obfuscated=null, clickEvent=null, hoverEvent=null, insertion=null}}
Console	: [18:31:54] [Server thread/INFO]: Nemesis left the game
Console	: [18:32:10] [Server thread/INFO]: Nemesis[/190.212.235.106:59279] logged in with entity id 1809 at (-735.4933731238176, 72.0, 497.03644152840957)
Console	: [18:32:10] [Server thread/INFO]: Nemesis joined the game
Console	: [18:32:10] [Server thread/INFO]: [Server] Welcome back, Nemesis
Console	: [18:32:10] [Server thread/INFO]: You whisper to Nemesis: Que hongo
Console	: [18:32:41] [Server thread/INFO]: com.mojang.authlib.GameProfile@4e001d50[id=15a51bc1-be06-3689-820e-def4321f2334,name=Nemesis,properties={},legacy=false] (/190.212.235.106:59278) lost connection: Timed out
Console	: [18:32:42] [Server thread/INFO]: Nemesis lost connection: TranslatableComponent{key='disconnect.timeout', args=[], siblings=[], style=Style{hasParent=false, color=null, bold=null, italic=null, underlined=null, obfuscated=null, clickEvent=null, hoverEvent=null, insertion=null}}
Console	: [18:32:42] [Server thread/INFO]: Nemesis left the game
Console	: [18:32:50] [Server thread/INFO]: Nemesis[/190.212.235.106:59280] logged in with entity id 2293 at (-735.4933731238176, 72.0, 497.03644152840957)
Console	: [18:32:50] [Server thread/INFO]: Nemesis joined the game
Console	: [18:32:50] [Server thread/INFO]: [Server] Welcome back, Nemesis
Console	: [18:32:50] [Server thread/INFO]: You whisper to Nemesis: Que hongo
Console	: [18:38:00] [Server thread/INFO]: There are 1/5 players online:
Console	: [18:38:00] [Server thread/INFO]: Nemesis
Console	: [18:38:44] [Server thread/INFO]: Nemesis lost connection: TextComponent{text='Disconnected', siblings=[], style=Style{hasParent=false, color=null, bold=null, italic=null, underlined=null, obfuscated=null, clickEvent=null, hoverEvent=null, insertion=null}}
Console	: [18:38:44] [Server thread/INFO]: Nemesis left the game
Console	: [18:43:00] [Server thread/INFO]: [Server] Server shutting down immediately. World is being saved. Entering sleep state
Console	: [18:43:00] [Server thread/INFO]: Saving is already turned on.
Console	: [18:43:00] [Server thread/INFO]: Saving...
Console	: [18:43:00] [Server thread/INFO]: Saved the world
Console	: [18:43:00] [Server thread/INFO]: Stopping the server
Console	: [18:43:00] [Server thread/INFO]: Stopping server
Console	: [18:43:00] [Server thread/INFO]: Saving players
Console	: [18:43:00] [Server thread/INFO]: Saving worlds
Console	: [18:43:00] [Server thread/INFO]: Saving chunks for level 'world'/Overworld
Console	: [18:43:00] [Server thread/INFO]: Saving chunks for level 'world'/Nether
Console	: [18:43:00] [Server thread/INFO]: Saving chunks for level 'world'/The End
Notice	: Minecraft server has stopped running.
Notice	: Server is now sleeping...
