Notice	: Detecting System...
Notice	: No virtualized environment detected.
Notice	: Linux Distribution: Ubuntu
Notice	: Detection complete.
Notice	: Detected Java runtime version 1.8.0
Error	: McMyAdmin was not shut down properly!
Error	: To avoid potential data loss, please perform /quit on this console.
Error	: Startup will resume in 5 seconds...
Notice	: Starting McMyAdmin Personal v2.5.4.0
Notice	: Checking for updates...
Notice	: Starting webserver...
Notice	: Checking for Minecraft Server updates...
Notice	: McMyAdmin has started and is ready for use.
Notice	: Server jar hash is ff01a4ec-844f-6466-5c22-2dce9471df66
Notice	: Starting Minecraft Server...
Console	: [22:17:59] [Server thread/INFO]: Starting minecraft server version 1.8.7
Console	: [22:17:59] [Server thread/INFO]: Loading properties
Console	: [22:17:59] [Server thread/INFO]: Default game type: SURVIVAL
Console	: [22:17:59] [Server thread/INFO]: Generating keypair
Console	: [22:17:59] [Server thread/INFO]: Starting Minecraft server on *:25565
Console	: [22:17:59] [Server thread/INFO]: Using epoll channel type
Console	: [22:18:00] [Server thread/WARN]: **** SERVER IS RUNNING IN OFFLINE/INSECURE MODE!
Console	: [22:18:00] [Server thread/WARN]: The server will make no attempt to authenticate usernames. Beware.
Console	: [22:18:00] [Server thread/WARN]: While this makes the game possible to play without internet access, it also opens up the ability for hackers to connect with any username they choose.
Console	: [22:18:00] [Server thread/WARN]: To change this, set "online-mode" to "true" in the server.properties file.
Console	: [22:18:00] [Server thread/INFO]: Preparing level "world"
Console	: [22:18:00] [Server thread/INFO]: Preparing start region for level 0
Console	: [22:18:01] [Server thread/INFO]: Preparing spawn area: 10%
Console	: [22:18:02] [Server thread/INFO]: Preparing spawn area: 53%
Console	: [22:18:03] [Server thread/INFO]: Preparing spawn area: 91%
Console	: [22:18:03] [Server thread/INFO]: Done (3.520s)! For help, type "help" or "?"
Console	: [22:19:10] [Server thread/INFO]: caplaw[/190.181.157.5:59962] logged in with entity id 348 at (22.5, 76.0, 257.5)
Console	: [22:19:10] [Server thread/INFO]: caplaw joined the game
Console	: [22:19:10] [Server thread/INFO]: [Server] Welcome back, caplaw
Console	: [22:19:10] [Server thread/INFO]: You whisper to caplaw: Que hongo
Console	: [22:19:13] [Server thread/INFO]: caplaw has just earned the achievement [Taking Inventory]
Console	: [22:25:09] [Server thread/INFO]: There are 1/5 players online:
Console	: [22:25:09] [Server thread/INFO]: caplaw
Console	: [22:28:01] [Server thread/INFO]: caplaw lost connection: TextComponent{text='Disconnected', siblings=[], style=Style{hasParent=false, color=null, bold=null, italic=null, underlined=null, obfuscated=null, clickEvent=null, hoverEvent=null, insertion=null}}
Console	: [22:28:01] [Server thread/INFO]: caplaw left the game
Console	: [22:30:09] [Server thread/INFO]: [Server] This server is running McMyAdmin Personal v2.5.4.0
Console	: [22:30:09] [Server thread/INFO]: [Server] Saving world data. Expect lag for a short while.
Console	: [22:30:09] [Server thread/INFO]: Saving...
Console	: [22:30:09] [Server thread/INFO]: Saved the world
Console	: [22:30:09] [Server thread/INFO]: [Server] Save Complete
Console	: [22:32:09] [Server thread/INFO]: [Server] Server shutting down immediately. World is being saved. Entering sleep state
Console	: [22:32:10] [Server thread/INFO]: Saving is already turned on.
Console	: [22:32:10] [Server thread/INFO]: Saving...
Console	: [22:32:10] [Server thread/INFO]: Saved the world
Console	: [22:32:10] [Server thread/INFO]: Stopping the server
Console	: [22:32:10] [Server thread/INFO]: Stopping server
Console	: [22:32:10] [Server thread/INFO]: Saving players
Console	: [22:32:10] [Server thread/INFO]: Saving worlds
Console	: [22:32:10] [Server thread/INFO]: Saving chunks for level 'world'/Overworld
Console	: [22:32:10] [Server thread/INFO]: Saving chunks for level 'world'/Nether
Console	: [22:32:10] [Server thread/INFO]: Saving chunks for level 'world'/The End
Notice	: Minecraft server has stopped running.
Notice	: Server is now sleeping...
